<?xml version="1.0" encoding="UTF-8"?>
<coverage generated="1748633570009" clover="3.2.0">
  <project timestamp="1748633570009" name="All files">
    <metrics statements="318" coveredstatements="131" conditionals="87" coveredconditionals="44" methods="121" coveredmethods="37" elements="526" coveredelements="212" complexity="0" loc="318" ncloc="318" packages="8" files="18" classes="18"/>
    <package name="wordgame">
      <metrics statements="1" coveredstatements="0" conditionals="0" coveredconditionals="0" methods="0" coveredmethods="0"/>
      <file name="index.ts" path="/Users/tyrale.bloomfield/wordplay/wordgame/index.ts">
        <metrics statements="1" coveredstatements="0" conditionals="0" coveredconditionals="0" methods="0" coveredmethods="0"/>
        <line num="1" count="0" type="stmt"/>
      </file>
    </package>
    <package name="wordgame.app">
      <metrics statements="37" coveredstatements="0" conditionals="6" coveredconditionals="0" methods="15" coveredmethods="0"/>
      <file name="_layout.tsx" path="/Users/tyrale.bloomfield/wordplay/wordgame/app/_layout.tsx">
        <metrics statements="4" coveredstatements="0" conditionals="0" coveredconditionals="0" methods="1" coveredmethods="0"/>
        <line num="1" count="0" type="stmt"/>
        <line num="2" count="0" type="stmt"/>
        <line num="4" count="0" type="stmt"/>
        <line num="5" count="0" type="stmt"/>
      </file>
      <file name="game.tsx" path="/Users/tyrale.bloomfield/wordplay/wordgame/app/game.tsx">
        <metrics statements="21" coveredstatements="0" conditionals="2" coveredconditionals="0" methods="9" coveredmethods="0"/>
        <line num="1" count="0" type="stmt"/>
        <line num="2" count="0" type="stmt"/>
        <line num="3" count="0" type="stmt"/>
        <line num="9" count="0" type="stmt"/>
        <line num="10" count="0" type="stmt"/>
        <line num="11" count="0" type="stmt"/>
        <line num="12" count="0" type="stmt"/>
        <line num="15" count="0" type="stmt"/>
        <line num="16" count="0" type="stmt"/>
        <line num="18" count="0" type="stmt"/>
        <line num="19" count="0" type="stmt"/>
        <line num="23" count="0" type="stmt"/>
        <line num="24" count="0" type="stmt"/>
        <line num="25" count="0" type="stmt"/>
        <line num="28" count="0" type="stmt"/>
        <line num="32" count="0" type="stmt"/>
        <line num="49" count="0" type="stmt"/>
        <line num="52" count="0" type="stmt"/>
        <line num="65" count="0" type="stmt"/>
        <line num="84" count="0" type="stmt"/>
        <line num="100" count="0" type="stmt"/>
      </file>
      <file name="index.tsx" path="/Users/tyrale.bloomfield/wordplay/wordgame/app/index.tsx">
        <metrics statements="12" coveredstatements="0" conditionals="4" coveredconditionals="0" methods="5" coveredmethods="0"/>
        <line num="1" count="0" type="stmt"/>
        <line num="2" count="0" type="stmt"/>
        <line num="3" count="0" type="stmt"/>
        <line num="5" count="0" type="stmt"/>
        <line num="6" count="0" type="stmt"/>
        <line num="7" count="0" type="stmt"/>
        <line num="9" count="0" type="stmt"/>
        <line num="10" count="0" type="stmt"/>
        <line num="11" count="0" type="stmt"/>
        <line num="13" count="0" type="stmt"/>
        <line num="16" count="0" type="stmt"/>
        <line num="91" count="0" type="stmt"/>
      </file>
    </package>
    <package name="wordgame.packages.ai.src">
      <metrics statements="69" coveredstatements="59" conditionals="24" coveredconditionals="19" methods="9" coveredmethods="9"/>
      <file name="bot-behavior.ts" path="/Users/tyrale.bloomfield/wordplay/wordgame/packages/ai/src/bot-behavior.ts">
        <metrics statements="69" coveredstatements="59" conditionals="24" coveredconditionals="19" methods="9" coveredmethods="9"/>
        <line num="4" count="1" type="stmt"/>
        <line num="5" count="1" type="stmt"/>
        <line num="14" count="401" type="cond" truecount="0" falsecount="1"/>
        <line num="15" count="401" type="stmt"/>
        <line num="17" count="17173" type="cond" truecount="1" falsecount="0"/>
        <line num="18" count="10050" type="stmt"/>
        <line num="19" count="10050" type="stmt"/>
        <line num="21" count="7123" type="stmt"/>
        <line num="22" count="16772" type="stmt"/>
        <line num="23" count="16772" type="stmt"/>
        <line num="24" count="16772" type="stmt"/>
        <line num="27" count="401" type="stmt"/>
        <line num="28" count="401" type="stmt"/>
        <line num="29" count="401" type="stmt"/>
        <line num="33" count="103" type="stmt"/>
        <line num="34" count="103" type="stmt"/>
        <line num="37" count="103" type="stmt"/>
        <line num="38" count="9390" type="cond" truecount="3" falsecount="0"/>
        <line num="39" count="9390" type="stmt"/>
        <line num="44" count="103" type="cond" truecount="3" falsecount="0"/>
        <line num="46" count="102" type="stmt"/>
        <line num="47" count="407" type="cond" truecount="1" falsecount="0"/>
        <line num="48" count="396" type="stmt"/>
        <line num="49" count="396" type="stmt"/>
        <line num="55" count="396" type="stmt"/>
        <line num="56" count="8394" type="stmt"/>
        <line num="65" count="103" type="cond" truecount="3" falsecount="0"/>
        <line num="67" count="1" type="stmt"/>
        <line num="68" count="5" type="stmt"/>
        <line num="69" count="5" type="stmt"/>
        <line num="72" count="5" type="stmt"/>
        <line num="73" count="595" type="stmt"/>
        <line num="81" count="103" type="cond" truecount="2" falsecount="1"/>
        <line num="83" count="0" type="stmt"/>
        <line num="84" count="0" type="stmt"/>
        <line num="85" count="0" type="stmt"/>
        <line num="88" count="0" type="stmt"/>
        <line num="89" count="0" type="stmt"/>
        <line num="97" count="103" type="stmt"/>
        <line num="101" count="102" type="stmt"/>
        <line num="102" count="102" type="stmt"/>
        <line num="103" count="1020" type="stmt"/>
        <line num="104" count="1020" type="cond" truecount="1" falsecount="0"/>
        <line num="106" count="102" type="stmt"/>
        <line num="107" count="102" type="stmt"/>
        <line num="108" count="1020" type="cond" truecount="1" falsecount="0"/>
        <line num="109" count="1020" type="stmt"/>
        <line num="110" count="1020" type="stmt"/>
        <line num="113" count="102" type="stmt"/>
        <line num="119" count="1" type="stmt"/>
        <line num="121" count="102" type="stmt"/>
        <line num="122" count="102" type="stmt"/>
        <line num="125" count="102" type="stmt"/>
        <line num="126" count="102" type="stmt"/>
        <line num="127" count="102" type="stmt"/>
        <line num="128" count="102" type="cond" truecount="1" falsecount="0"/>
        <line num="132" count="102" type="cond" truecount="0" falsecount="1"/>
        <line num="133" count="0" type="stmt"/>
        <line num="134" count="0" type="stmt"/>
        <line num="135" count="0" type="stmt"/>
        <line num="136" count="0" type="cond" truecount="0" falsecount="1"/>
        <line num="141" count="1020" type="cond" truecount="2" falsecount="0"/>
        <line num="142" count="102" type="stmt"/>
        <line num="143" count="102" type="cond" truecount="1" falsecount="0"/>
        <line num="144" count="102" type="stmt"/>
        <line num="148" count="102" type="cond" truecount="0" falsecount="1"/>
        <line num="149" count="0" type="stmt"/>
        <line num="156" count="102" type="stmt"/>
        <line num="159" count="601" type="stmt"/>
      </file>
    </package>
    <package name="wordgame.packages.engine.src">
      <metrics statements="67" coveredstatements="61" conditionals="24" coveredconditionals="21" methods="26" coveredmethods="24"/>
      <file name="bots.ts" path="/Users/tyrale.bloomfield/wordplay/wordgame/packages/engine/src/bots.ts">
        <metrics statements="5" coveredstatements="0" conditionals="0" coveredconditionals="0" methods="2" coveredmethods="0"/>
        <line num="26" count="0" type="stmt"/>
        <line num="68" count="0" type="stmt"/>
        <line num="69" count="0" type="stmt"/>
        <line num="72" count="0" type="stmt"/>
        <line num="73" count="0" type="stmt"/>
      </file>
      <file name="dictionary.ts" path="/Users/tyrale.bloomfield/wordplay/wordgame/packages/engine/src/dictionary.ts">
        <metrics statements="39" coveredstatements="39" conditionals="16" coveredconditionals="15" methods="6" coveredmethods="6"/>
        <line num="1" count="2" type="stmt"/>
        <line num="3" count="2" type="stmt"/>
        <line num="5" count="2" type="stmt"/>
        <line num="7" count="2" type="stmt"/>
        <line num="8" count="2" type="stmt"/>
        <line num="9" count="12858" type="stmt"/>
        <line num="12" count="2" type="stmt"/>
        <line num="33" count="2" type="stmt"/>
        <line num="45" count="2" type="cond" truecount="1" falsecount="0"/>
        <line num="46" count="1148" type="cond" truecount="1" falsecount="0"/>
        <line num="49" count="1147" type="cond" truecount="1" falsecount="0"/>
        <line num="50" count="1126" type="stmt"/>
        <line num="53" count="21" type="stmt"/>
        <line num="56" count="21" type="cond" truecount="1" falsecount="0"/>
        <line num="57" count="3" type="stmt"/>
        <line num="61" count="18" type="cond" truecount="3" falsecount="0"/>
        <line num="63" count="17" type="cond" truecount="1" falsecount="0"/>
        <line num="64" count="4" type="stmt"/>
        <line num="65" count="4" type="cond" truecount="1" falsecount="0"/>
        <line num="66" count="1" type="stmt"/>
        <line num="69" count="16" type="stmt"/>
        <line num="73" count="1" type="stmt"/>
        <line num="81" count="2" type="stmt"/>
        <line num="82" count="3" type="stmt"/>
        <line num="83" count="3" type="cond" truecount="2" falsecount="0"/>
        <line num="91" count="2" type="stmt"/>
        <line num="92" count="4" type="cond" truecount="1" falsecount="0"/>
        <line num="94" count="3" type="stmt"/>
        <line num="96" count="3" type="cond" truecount="1" falsecount="0"/>
        <line num="97" count="1" type="stmt"/>
        <line num="100" count="2" type="stmt"/>
        <line num="108" count="2" type="stmt"/>
        <line num="109" count="3" type="cond" truecount="0" falsecount="1"/>
        <line num="111" count="3" type="stmt"/>
        <line num="113" count="3" type="cond" truecount="2" falsecount="0"/>
        <line num="114" count="2" type="stmt"/>
        <line num="116" count="1" type="stmt"/>
        <line num="126" count="2" type="stmt"/>
        <line num="127" count="4" type="stmt"/>
      </file>
      <file name="gameState.ts" path="/Users/tyrale.bloomfield/wordplay/wordgame/packages/engine/src/gameState.ts">
        <metrics statements="13" coveredstatements="13" conditionals="2" coveredconditionals="0" methods="17" coveredmethods="17"/>
        <line num="2" count="1" type="stmt"/>
        <line num="18" count="1" type="stmt"/>
        <line num="22" count="3" type="stmt"/>
        <line num="23" count="3" type="stmt"/>
        <line num="24" count="2" type="stmt"/>
        <line num="25" count="3" type="stmt"/>
        <line num="26" count="2" type="stmt"/>
        <line num="27" count="2" type="stmt"/>
        <line num="28" count="2" type="stmt"/>
        <line num="29" count="2" type="stmt"/>
        <line num="30" count="2" type="stmt"/>
        <line num="31" count="2" type="stmt"/>
        <line num="33" count="6" type="cond" truecount="0" falsecount="2"/>
      </file>
      <file name="index.ts" path="/Users/tyrale.bloomfield/wordplay/wordgame/packages/engine/src/index.ts">
        <metrics statements="1" coveredstatements="0" conditionals="0" coveredconditionals="0" methods="0" coveredmethods="0"/>
        <line num="1" count="0" type="stmt"/>
      </file>
      <file name="scoring.ts" path="/Users/tyrale.bloomfield/wordplay/wordgame/packages/engine/src/scoring.ts">
        <metrics statements="9" coveredstatements="9" conditionals="6" coveredconditionals="6" methods="1" coveredmethods="1"/>
        <line num="42" count="2" type="stmt"/>
        <line num="48" count="1635" type="stmt"/>
        <line num="51" count="1635" type="stmt"/>
        <line num="52" count="4175" type="cond" truecount="3" falsecount="0"/>
        <line num="56" count="4175" type="stmt"/>
        <line num="57" count="4175" type="stmt"/>
        <line num="62" count="1635" type="cond" truecount="3" falsecount="0"/>
        <line num="63" count="1625" type="stmt"/>
        <line num="66" count="1635" type="stmt"/>
      </file>
    </package>
    <package name="wordgame.packages.ui..storybook">
      <metrics statements="4" coveredstatements="0" conditionals="0" coveredconditionals="0" methods="0" coveredmethods="0"/>
      <file name="vitest.setup.ts" path="/Users/tyrale.bloomfield/wordplay/wordgame/packages/ui/.storybook/vitest.setup.ts">
        <metrics statements="4" coveredstatements="0" conditionals="0" coveredconditionals="0" methods="0" coveredmethods="0"/>
        <line num="1" count="0" type="stmt"/>
        <line num="2" count="0" type="stmt"/>
        <line num="3" count="0" type="stmt"/>
        <line num="7" count="0" type="stmt"/>
      </file>
    </package>
    <package name="wordgame.packages.ui.src">
      <metrics statements="4" coveredstatements="0" conditionals="0" coveredconditionals="0" methods="4" coveredmethods="0"/>
      <file name="index.ts" path="/Users/tyrale.bloomfield/wordplay/wordgame/packages/ui/src/index.ts">
        <metrics statements="4" coveredstatements="0" conditionals="0" coveredconditionals="0" methods="4" coveredmethods="0"/>
        <line num="9" count="0" type="stmt"/>
        <line num="10" count="0" type="stmt"/>
        <line num="11" count="0" type="stmt"/>
        <line num="12" count="0" type="stmt"/>
      </file>
    </package>
    <package name="wordgame.packages.ui.src.components">
      <metrics statements="79" coveredstatements="11" conditionals="27" coveredconditionals="4" methods="21" coveredmethods="4"/>
      <file name="ActionBar.tsx" path="/Users/tyrale.bloomfield/wordplay/wordgame/packages/ui/src/components/ActionBar.tsx">
        <metrics statements="6" coveredstatements="6" conditionals="4" coveredconditionals="4" methods="2" coveredmethods="2"/>
        <line num="2" count="1" type="stmt"/>
        <line num="20" count="1" type="stmt"/>
        <line num="28" count="1" type="stmt"/>
        <line num="29" count="6" type="stmt"/>
        <line num="32" count="22" type="stmt"/>
        <line num="48" count="1" type="stmt"/>
      </file>
      <file name="AlphabetGrid.tsx" path="/Users/tyrale.bloomfield/wordplay/wordgame/packages/ui/src/components/AlphabetGrid.tsx">
        <metrics statements="43" coveredstatements="0" conditionals="16" coveredconditionals="0" methods="10" coveredmethods="0"/>
        <line num="1" count="0" type="stmt"/>
        <line num="2" count="0" type="stmt"/>
        <line num="3" count="0" type="stmt"/>
        <line num="35" count="0" type="stmt"/>
        <line num="46" count="0" type="stmt"/>
        <line num="47" count="0" type="stmt"/>
        <line num="48" count="0" type="stmt"/>
        <line num="50" count="0" type="stmt"/>
        <line num="51" count="0" type="stmt"/>
        <line num="52" count="0" type="stmt"/>
        <line num="55" count="0" type="stmt"/>
        <line num="56" count="0" type="stmt"/>
        <line num="59" count="0" type="stmt"/>
        <line num="60" count="0" type="cond" truecount="0" falsecount="1"/>
        <line num="63" count="0" type="cond" truecount="0" falsecount="1"/>
        <line num="64" count="0" type="stmt"/>
        <line num="65" count="0" type="cond" truecount="0" falsecount="2"/>
        <line num="68" count="0" type="cond" truecount="0" falsecount="2"/>
        <line num="69" count="0" type="cond" truecount="0" falsecount="1"/>
        <line num="70" count="0" type="stmt"/>
        <line num="75" count="0" type="cond" truecount="0" falsecount="1"/>
        <line num="76" count="0" type="stmt"/>
        <line num="81" count="0" type="stmt"/>
        <line num="82" count="0" type="stmt"/>
        <line num="85" count="0" type="stmt"/>
        <line num="86" count="0" type="cond" truecount="0" falsecount="4"/>
        <line num="88" count="0" type="stmt"/>
        <line num="89" count="0" type="stmt"/>
        <line num="90" count="0" type="stmt"/>
        <line num="91" count="0" type="stmt"/>
        <line num="92" count="0" type="stmt"/>
        <line num="95" count="0" type="stmt"/>
        <line num="99" count="0" type="stmt"/>
        <line num="100" count="0" type="cond" truecount="0" falsecount="1"/>
        <line num="101" count="0" type="cond" truecount="0" falsecount="1"/>
        <line num="102" count="0" type="cond" truecount="0" falsecount="1"/>
        <line num="104" count="0" type="stmt"/>
        <line num="109" count="0" type="stmt"/>
        <line num="111" count="0" type="cond" truecount="0" falsecount="1"/>
        <line num="112" count="0" type="stmt"/>
        <line num="115" count="0" type="stmt"/>
        <line num="116" count="0" type="stmt"/>
        <line num="126" count="0" type="stmt"/>
      </file>
      <file name="LetterCell.tsx" path="/Users/tyrale.bloomfield/wordplay/wordgame/packages/ui/src/components/LetterCell.tsx">
        <metrics statements="25" coveredstatements="0" conditionals="7" coveredconditionals="0" methods="7" coveredmethods="0"/>
        <line num="2" count="0" type="stmt"/>
        <line num="3" count="0" type="stmt"/>
        <line num="10" count="0" type="stmt"/>
        <line num="39" count="0" type="stmt"/>
        <line num="50" count="0" type="stmt"/>
        <line num="52" count="0" type="stmt"/>
        <line num="55" count="0" type="stmt"/>
        <line num="58" count="0" type="stmt"/>
        <line num="61" count="0" type="stmt"/>
        <line num="63" count="0" type="stmt"/>
        <line num="66" count="0" type="stmt"/>
        <line num="70" count="0" type="stmt"/>
        <line num="76" count="0" type="stmt"/>
        <line num="77" count="0" type="cond" truecount="0" falsecount="2"/>
        <line num="82" count="0" type="stmt"/>
        <line num="89" count="0" type="stmt"/>
        <line num="96" count="0" type="stmt"/>
        <line num="106" count="0" type="stmt"/>
        <line num="107" count="0" type="cond" truecount="0" falsecount="4"/>
        <line num="109" count="0" type="stmt"/>
        <line num="111" count="0" type="stmt"/>
        <line num="113" count="0" type="stmt"/>
        <line num="115" count="0" type="stmt"/>
        <line num="119" count="0" type="stmt"/>
        <line num="130" count="0" type="stmt"/>
      </file>
      <file name="WordTrail.tsx" path="/Users/tyrale.bloomfield/wordplay/wordgame/packages/ui/src/components/WordTrail.tsx">
        <metrics statements="5" coveredstatements="5" conditionals="0" coveredconditionals="0" methods="2" coveredmethods="2"/>
        <line num="2" count="1" type="stmt"/>
        <line num="12" count="1" type="stmt"/>
        <line num="13" count="6" type="stmt"/>
        <line num="16" count="8" type="stmt"/>
        <line num="24" count="1" type="stmt"/>
      </file>
    </package>
    <package name="wordgame.packages.ui.src.stories">
      <metrics statements="57" coveredstatements="0" conditionals="6" coveredconditionals="0" methods="46" coveredmethods="0"/>
      <file name="AlphabetGrid.stories.tsx" path="/Users/tyrale.bloomfield/wordplay/wordgame/packages/ui/src/stories/AlphabetGrid.stories.tsx">
        <metrics statements="36" coveredstatements="0" conditionals="6" coveredconditionals="0" methods="32" coveredmethods="0"/>
        <line num="1" count="0" type="stmt"/>
        <line num="2" count="0" type="stmt"/>
        <line num="4" count="0" type="stmt"/>
        <line num="5" count="0" type="stmt"/>
        <line num="6" count="0" type="stmt"/>
        <line num="8" count="0" type="stmt"/>
        <line num="10" count="0" type="stmt"/>
        <line num="12" count="0" type="stmt"/>
        <line num="20" count="0" type="stmt"/>
        <line num="28" count="0" type="stmt"/>
        <line num="37" count="0" type="stmt"/>
        <line num="46" count="0" type="stmt"/>
        <line num="47" count="0" type="stmt"/>
        <line num="48" count="0" type="stmt"/>
        <line num="54" count="0" type="cond" truecount="0" falsecount="2"/>
        <line num="55" count="0" type="stmt"/>
        <line num="58" count="0" type="cond" truecount="0" falsecount="2"/>
        <line num="59" count="0" type="stmt"/>
        <line num="62" count="0" type="stmt"/>
        <line num="63" count="0" type="stmt"/>
        <line num="69" count="0" type="stmt"/>
        <line num="77" count="0" type="stmt"/>
        <line num="79" count="0" type="stmt"/>
        <line num="84" count="0" type="stmt"/>
        <line num="89" count="0" type="stmt"/>
        <line num="94" count="0" type="stmt"/>
        <line num="99" count="0" type="stmt"/>
        <line num="100" count="0" type="stmt"/>
        <line num="101" count="0" type="stmt"/>
        <line num="107" count="0" type="cond" truecount="0" falsecount="2"/>
        <line num="108" count="0" type="stmt"/>
        <line num="111" count="0" type="stmt"/>
        <line num="112" count="0" type="stmt"/>
        <line num="114" count="0" type="stmt"/>
        <line num="115" count="0" type="stmt"/>
        <line num="120" count="0" type="stmt"/>
      </file>
      <file name="WordTrail_ActionBar.stories.tsx" path="/Users/tyrale.bloomfield/wordplay/wordgame/packages/ui/src/stories/WordTrail_ActionBar.stories.tsx">
        <metrics statements="21" coveredstatements="0" conditionals="0" coveredconditionals="0" methods="14" coveredmethods="0"/>
        <line num="1" count="0" type="stmt"/>
        <line num="2" count="0" type="stmt"/>
        <line num="4" count="0" type="stmt"/>
        <line num="5" count="0" type="stmt"/>
        <line num="6" count="0" type="stmt"/>
        <line num="8" count="0" type="stmt"/>
        <line num="10" count="0" type="stmt"/>
        <line num="11" count="0" type="stmt"/>
        <line num="12" count="0" type="stmt"/>
        <line num="13" count="0" type="stmt"/>
        <line num="15" count="0" type="stmt"/>
        <line num="23" count="0" type="stmt"/>
        <line num="25" count="0" type="stmt"/>
        <line num="26" count="0" type="stmt"/>
        <line num="33" count="0" type="stmt"/>
        <line num="34" count="0" type="stmt"/>
        <line num="42" count="0" type="stmt"/>
        <line num="43" count="0" type="stmt"/>
        <line num="46" count="0" type="stmt"/>
        <line num="48" count="0" type="stmt"/>
        <line num="54" count="0" type="stmt"/>
      </file>
    </package>
  </project>
</coverage>
