<?xml version="1.0" encoding="UTF-8"?>
<coverage generated="1748891986485" clover="3.2.0">
  <project timestamp="1748891986485" name="All files">
    <metrics statements="245" coveredstatements="159" conditionals="82" coveredconditionals="54" methods="113" coveredmethods="49" elements="440" coveredelements="262" complexity="0" loc="245" ncloc="245" packages="4" files="10" classes="10"/>
    <package name="app">
      <metrics statements="26" coveredstatements="0" conditionals="6" coveredconditionals="0" methods="15" coveredmethods="0"/>
      <file name="_layout.tsx" path="/Users/tyrale.bloomfield/wordplay/wordgame/app/_layout.tsx">
        <metrics statements="1" coveredstatements="0" conditionals="0" coveredconditionals="0" methods="1" coveredmethods="0"/>
        <line num="5" count="0" type="stmt"/>
      </file>
      <file name="game.tsx" path="/Users/tyrale.bloomfield/wordplay/wordgame/app/game.tsx">
        <metrics statements="17" coveredstatements="0" conditionals="2" coveredconditionals="0" methods="9" coveredmethods="0"/>
        <line num="10" count="0" type="stmt"/>
        <line num="11" count="0" type="stmt"/>
        <line num="12" count="0" type="stmt"/>
        <line num="15" count="0" type="stmt"/>
        <line num="16" count="0" type="stmt"/>
        <line num="18" count="0" type="stmt"/>
        <line num="19" count="0" type="stmt"/>
        <line num="23" count="0" type="stmt"/>
        <line num="24" count="0" type="stmt"/>
        <line num="25" count="0" type="stmt"/>
        <line num="28" count="0" type="stmt"/>
        <line num="32" count="0" type="stmt"/>
        <line num="49" count="0" type="stmt"/>
        <line num="52" count="0" type="stmt"/>
        <line num="65" count="0" type="stmt"/>
        <line num="84" count="0" type="stmt"/>
        <line num="100" count="0" type="stmt"/>
      </file>
      <file name="index.tsx" path="/Users/tyrale.bloomfield/wordplay/wordgame/app/index.tsx">
        <metrics statements="8" coveredstatements="0" conditionals="4" coveredconditionals="0" methods="5" coveredmethods="0"/>
        <line num="6" count="0" type="stmt"/>
        <line num="7" count="0" type="stmt"/>
        <line num="9" count="0" type="stmt"/>
        <line num="10" count="0" type="stmt"/>
        <line num="11" count="0" type="stmt"/>
        <line num="13" count="0" type="stmt"/>
        <line num="16" count="0" type="stmt"/>
        <line num="91" count="0" type="stmt"/>
      </file>
    </package>
    <package name="packages.ai.src">
      <metrics statements="69" coveredstatements="64" conditionals="24" coveredconditionals="21" methods="9" coveredmethods="9"/>
      <file name="bot-behavior.ts" path="/Users/tyrale.bloomfield/wordplay/wordgame/packages/ai/src/bot-behavior.ts">
        <metrics statements="69" coveredstatements="64" conditionals="24" coveredconditionals="21" methods="9" coveredmethods="9"/>
        <line num="4" count="2" type="stmt"/>
        <line num="5" count="2" type="stmt"/>
        <line num="14" count="471" type="cond" truecount="1" falsecount="0"/>
        <line num="15" count="463" type="stmt"/>
        <line num="17" count="25846" type="cond" truecount="1" falsecount="0"/>
        <line num="18" count="15118" type="stmt"/>
        <line num="19" count="15118" type="stmt"/>
        <line num="21" count="10728" type="stmt"/>
        <line num="22" count="25383" type="stmt"/>
        <line num="23" count="25383" type="stmt"/>
        <line num="24" count="25383" type="stmt"/>
        <line num="27" count="463" type="stmt"/>
        <line num="28" count="463" type="stmt"/>
        <line num="29" count="463" type="stmt"/>
        <line num="33" count="139" type="stmt"/>
        <line num="34" count="139" type="stmt"/>
        <line num="37" count="139" type="stmt"/>
        <line num="38" count="10372" type="cond" truecount="3" falsecount="0"/>
        <line num="39" count="10366" type="stmt"/>
        <line num="44" count="139" type="cond" truecount="3" falsecount="0"/>
        <line num="46" count="134" type="stmt"/>
        <line num="47" count="450" type="cond" truecount="1" falsecount="0"/>
        <line num="48" count="437" type="stmt"/>
        <line num="49" count="437" type="stmt"/>
        <line num="55" count="437" type="stmt"/>
        <line num="56" count="8909" type="stmt"/>
        <line num="65" count="139" type="cond" truecount="3" falsecount="0"/>
        <line num="67" count="5" type="stmt"/>
        <line num="68" count="21" type="stmt"/>
        <line num="69" count="21" type="stmt"/>
        <line num="72" count="21" type="stmt"/>
        <line num="73" count="963" type="stmt"/>
        <line num="81" count="139" type="cond" truecount="3" falsecount="0"/>
        <line num="83" count="4" type="stmt"/>
        <line num="84" count="13" type="stmt"/>
        <line num="85" count="13" type="stmt"/>
        <line num="88" count="13" type="stmt"/>
        <line num="89" count="29" type="stmt"/>
        <line num="97" count="139" type="stmt"/>
        <line num="101" count="131" type="stmt"/>
        <line num="102" count="131" type="stmt"/>
        <line num="103" count="1324" type="stmt"/>
        <line num="104" count="1324" type="cond" truecount="1" falsecount="0"/>
        <line num="106" count="131" type="stmt"/>
        <line num="107" count="131" type="stmt"/>
        <line num="108" count="1262" type="cond" truecount="1" falsecount="0"/>
        <line num="109" count="1262" type="stmt"/>
        <line num="110" count="1262" type="stmt"/>
        <line num="113" count="131" type="stmt"/>
        <line num="119" count="2" type="stmt"/>
        <line num="121" count="131" type="stmt"/>
        <line num="122" count="131" type="stmt"/>
        <line num="125" count="131" type="stmt"/>
        <line num="126" count="131" type="stmt"/>
        <line num="127" count="131" type="stmt"/>
        <line num="128" count="131" type="cond" truecount="1" falsecount="0"/>
        <line num="132" count="131" type="cond" truecount="0" falsecount="1"/>
        <line num="133" count="0" type="stmt"/>
        <line num="134" count="0" type="stmt"/>
        <line num="135" count="0" type="stmt"/>
        <line num="136" count="0" type="cond" truecount="0" falsecount="1"/>
        <line num="141" count="1262" type="cond" truecount="2" falsecount="0"/>
        <line num="142" count="131" type="stmt"/>
        <line num="143" count="131" type="cond" truecount="1" falsecount="0"/>
        <line num="144" count="131" type="stmt"/>
        <line num="148" count="131" type="cond" truecount="0" falsecount="1"/>
        <line num="149" count="0" type="stmt"/>
        <line num="156" count="131" type="stmt"/>
        <line num="159" count="4" type="stmt"/>
      </file>
    </package>
    <package name="packages.engine.src">
      <metrics statements="103" coveredstatements="95" conditionals="46" coveredconditionals="33" methods="43" coveredmethods="40"/>
      <file name="bots.ts" path="/Users/tyrale.bloomfield/wordplay/wordgame/packages/engine/src/bots.ts">
        <metrics statements="3" coveredstatements="0" conditionals="0" coveredconditionals="0" methods="2" coveredmethods="0"/>
        <line num="26" count="0" type="stmt"/>
        <line num="69" count="0" type="stmt"/>
        <line num="73" count="0" type="stmt"/>
      </file>
      <file name="dictionary.ts" path="/Users/tyrale.bloomfield/wordplay/wordgame/packages/engine/src/dictionary.ts">
        <metrics statements="78" coveredstatements="73" conditionals="38" coveredconditionals="25" methods="23" coveredmethods="22"/>
        <line num="1" count="4" type="stmt"/>
        <line num="2" count="4" type="stmt"/>
        <line num="3" count="4" type="stmt"/>
        <line num="6" count="4" type="cond" truecount="1" falsecount="1"/>
        <line num="7" count="4" type="cond" truecount="1" falsecount="1"/>
        <line num="8" count="25716" type="cond" truecount="1" falsecount="1"/>
        <line num="12" count="4" type="stmt"/>
        <line num="15" count="4" type="stmt"/>
        <line num="17" count="690896" type="stmt"/>
        <line num="18" count="25716" type="stmt"/>
        <line num="24" count="3348" type="stmt"/>
        <line num="25" count="3348" type="cond" truecount="2" falsecount="0"/>
        <line num="32" count="67027" type="stmt"/>
        <line num="39" count="1" type="stmt"/>
        <line num="46" count="7" type="stmt"/>
        <line num="53" count="3" type="cond" truecount="1" falsecount="0"/>
        <line num="54" count="4" type="stmt"/>
        <line num="56" count="1" type="stmt"/>
        <line num="63" count="4" type="stmt"/>
        <line num="69" count="1627" type="cond" truecount="1" falsecount="0"/>
        <line num="70" count="1278" type="stmt"/>
        <line num="74" count="349" type="cond" truecount="1" falsecount="0"/>
        <line num="75" count="4" type="stmt"/>
        <line num="79" count="345" type="cond" truecount="1" falsecount="0"/>
        <line num="80" count="7" type="stmt"/>
        <line num="84" count="338" type="cond" truecount="1" falsecount="0"/>
        <line num="85" count="14" type="stmt"/>
        <line num="86" count="14" type="cond" truecount="1" falsecount="0"/>
        <line num="87" count="3" type="stmt"/>
        <line num="92" count="335" type="cond" truecount="1" falsecount="0"/>
        <line num="93" count="5" type="stmt"/>
        <line num="97" count="330" type="cond" truecount="0" falsecount="1"/>
        <line num="98" count="0" type="stmt"/>
        <line num="101" count="330" type="stmt"/>
        <line num="107" count="4" type="cond" truecount="0" falsecount="2"/>
        <line num="108" count="4" type="stmt"/>
        <line num="109" count="690896" type="cond" truecount="3" falsecount="0"/>
        <line num="114" count="4" type="cond" truecount="0" falsecount="1"/>
        <line num="115" count="0" type="stmt"/>
        <line num="118" count="4" type="stmt"/>
        <line num="119" count="4" type="stmt"/>
        <line num="125" count="4" type="stmt"/>
        <line num="126" count="3" type="stmt"/>
        <line num="127" count="518172" type="cond" truecount="2" falsecount="0"/>
        <line num="128" count="19135" type="stmt"/>
        <line num="134" count="4" type="stmt"/>
        <line num="135" count="2" type="stmt"/>
        <line num="137" count="2" type="stmt"/>
        <line num="139" count="345448" type="cond" truecount="1" falsecount="0"/>
        <line num="140" count="16204" type="stmt"/>
        <line num="141" count="16204" type="cond" truecount="2" falsecount="0"/>
        <line num="143" count="1" type="stmt"/>
        <line num="149" count="4" type="stmt"/>
        <line num="150" count="3" type="cond" truecount="0" falsecount="1"/>
        <line num="152" count="3" type="stmt"/>
        <line num="153" count="3" type="stmt"/>
        <line num="155" count="3" type="cond" truecount="2" falsecount="0"/>
        <line num="177" count="4" type="stmt"/>
        <line num="180" count="4" type="stmt"/>
        <line num="187" count="4" type="stmt"/>
        <line num="188" count="0" type="stmt"/>
        <line num="189" count="0" type="cond" truecount="0" falsecount="2"/>
        <line num="197" count="4" type="stmt"/>
        <line num="198" count="2" type="cond" truecount="0" falsecount="1"/>
        <line num="200" count="2" type="stmt"/>
        <line num="202" count="2" type="cond" truecount="0" falsecount="1"/>
        <line num="203" count="0" type="stmt"/>
        <line num="206" count="2" type="stmt"/>
        <line num="214" count="4" type="stmt"/>
        <line num="215" count="2" type="cond" truecount="0" falsecount="1"/>
        <line num="217" count="2" type="stmt"/>
        <line num="219" count="2" type="cond" truecount="2" falsecount="0"/>
        <line num="220" count="1" type="stmt"/>
        <line num="221" count="1" type="stmt"/>
        <line num="223" count="1" type="stmt"/>
        <line num="224" count="1" type="stmt"/>
        <line num="234" count="4" type="stmt"/>
        <line num="235" count="3" type="stmt"/>
      </file>
      <file name="gameState.ts" path="/Users/tyrale.bloomfield/wordplay/wordgame/packages/engine/src/gameState.ts">
        <metrics statements="13" coveredstatements="13" conditionals="2" coveredconditionals="2" methods="17" coveredmethods="17"/>
        <line num="2" count="2" type="stmt"/>
        <line num="18" count="2" type="stmt"/>
        <line num="22" count="116" type="stmt"/>
        <line num="23" count="114" type="stmt"/>
        <line num="24" count="1612" type="stmt"/>
        <line num="25" count="115" type="stmt"/>
        <line num="26" count="1610" type="stmt"/>
        <line num="27" count="14" type="stmt"/>
        <line num="28" count="14" type="stmt"/>
        <line num="29" count="14" type="stmt"/>
        <line num="30" count="14" type="stmt"/>
        <line num="31" count="14" type="stmt"/>
        <line num="33" count="23" type="cond" truecount="2" falsecount="0"/>
      </file>
      <file name="scoring.ts" path="/Users/tyrale.bloomfield/wordplay/wordgame/packages/engine/src/scoring.ts">
        <metrics statements="9" coveredstatements="9" conditionals="6" coveredconditionals="6" methods="1" coveredmethods="1"/>
        <line num="42" count="4" type="stmt"/>
        <line num="48" count="2299" type="stmt"/>
        <line num="51" count="2299" type="stmt"/>
        <line num="52" count="6594" type="cond" truecount="3" falsecount="0"/>
        <line num="56" count="6594" type="stmt"/>
        <line num="57" count="6594" type="stmt"/>
        <line num="62" count="2299" type="cond" truecount="3" falsecount="0"/>
        <line num="63" count="2275" type="stmt"/>
        <line num="66" count="2299" type="stmt"/>
      </file>
    </package>
    <package name="packages.ui.src.stories">
      <metrics statements="47" coveredstatements="0" conditionals="6" coveredconditionals="0" methods="46" coveredmethods="0"/>
      <file name="AlphabetGrid.stories.tsx" path="/Users/tyrale.bloomfield/wordplay/wordgame/packages/ui/src/stories/AlphabetGrid.stories.tsx">
        <metrics statements="31" coveredstatements="0" conditionals="6" coveredconditionals="0" methods="32" coveredmethods="0"/>
        <line num="8" count="0" type="stmt"/>
        <line num="10" count="0" type="stmt"/>
        <line num="12" count="0" type="stmt"/>
        <line num="20" count="0" type="stmt"/>
        <line num="28" count="0" type="stmt"/>
        <line num="37" count="0" type="stmt"/>
        <line num="46" count="0" type="stmt"/>
        <line num="47" count="0" type="stmt"/>
        <line num="48" count="0" type="stmt"/>
        <line num="54" count="0" type="cond" truecount="0" falsecount="2"/>
        <line num="55" count="0" type="stmt"/>
        <line num="58" count="0" type="cond" truecount="0" falsecount="2"/>
        <line num="59" count="0" type="stmt"/>
        <line num="62" count="0" type="stmt"/>
        <line num="63" count="0" type="stmt"/>
        <line num="69" count="0" type="stmt"/>
        <line num="77" count="0" type="stmt"/>
        <line num="79" count="0" type="stmt"/>
        <line num="84" count="0" type="stmt"/>
        <line num="89" count="0" type="stmt"/>
        <line num="94" count="0" type="stmt"/>
        <line num="99" count="0" type="stmt"/>
        <line num="100" count="0" type="stmt"/>
        <line num="101" count="0" type="stmt"/>
        <line num="107" count="0" type="cond" truecount="0" falsecount="2"/>
        <line num="108" count="0" type="stmt"/>
        <line num="111" count="0" type="stmt"/>
        <line num="112" count="0" type="stmt"/>
        <line num="114" count="0" type="stmt"/>
        <line num="115" count="0" type="stmt"/>
        <line num="120" count="0" type="stmt"/>
      </file>
      <file name="WordTrail_ActionBar.stories.tsx" path="/Users/tyrale.bloomfield/wordplay/wordgame/packages/ui/src/stories/WordTrail_ActionBar.stories.tsx">
        <metrics statements="16" coveredstatements="0" conditionals="0" coveredconditionals="0" methods="14" coveredmethods="0"/>
        <line num="8" count="0" type="stmt"/>
        <line num="10" count="0" type="stmt"/>
        <line num="11" count="0" type="stmt"/>
        <line num="12" count="0" type="stmt"/>
        <line num="13" count="0" type="stmt"/>
        <line num="15" count="0" type="stmt"/>
        <line num="23" count="0" type="stmt"/>
        <line num="25" count="0" type="stmt"/>
        <line num="26" count="0" type="stmt"/>
        <line num="33" count="0" type="stmt"/>
        <line num="34" count="0" type="stmt"/>
        <line num="42" count="0" type="stmt"/>
        <line num="43" count="0" type="stmt"/>
        <line num="46" count="0" type="stmt"/>
        <line num="48" count="0" type="stmt"/>
        <line num="54" count="0" type="stmt"/>
      </file>
    </package>
  </project>
</coverage>
