{"/Users/tyrale.bloomfield/wordplay/wordgame/app/_layout.tsx": {"path":"/Users/tyrale.bloomfield/wordplay/wordgame/app/_layout.tsx","statementMap":{"0":{"start":{"line":5,"column":2},"end":{"line":25,"column":4}}},"fnMap":{"0":{"name":"RootLayout","decl":{"start":{"line":4,"column":24},"end":{"line":4,"column":34}},"loc":{"start":{"line":4,"column":34},"end":{"line":26,"column":1}}}},"branchMap":{},"s":{"0":0},"f":{"0":0},"b":{}}
,"/Users/tyrale.bloomfield/wordplay/wordgame/app/game.tsx": {"path":"/Users/tyrale.bloomfield/wordplay/wordgame/app/game.tsx","statementMap":{"0":{"start":{"line":10,"column":40},"end":{"line":10,"column":62}},"1":{"start":{"line":11,"column":28},"end":{"line":11,"column":45}},"2":{"start":{"line":12,"column":36},"end":{"line":12,"column":96}},"3":{"start":{"line":15,"column":22},"end":{"line":15,"column":72}},"4":{"start":{"line":16,"column":26},"end":{"line":16,"column":52}},"5":{"start":{"line":18,"column":28},"end":{"line":21,"column":3}},"6":{"start":{"line":19,"column":4},"end":{"line":19,"column":43}},"7":{"start":{"line":23,"column":27},"end":{"line":26,"column":3}},"8":{"start":{"line":24,"column":4},"end":{"line":24,"column":48}},"9":{"start":{"line":25,"column":4},"end":{"line":25,"column":53}},"10":{"start":{"line":25,"column":21},"end":{"line":25,"column":51}},"11":{"start":{"line":28,"column":2},"end":{"line":97,"column":4}},"12":{"start":{"line":32,"column":41},"end":{"line":32,"column":54}},"13":{"start":{"line":49,"column":12},"end":{"line":50,"column":null}},"14":{"start":{"line":52,"column":29},"end":{"line":52,"column":54}},"15":{"start":{"line":65,"column":12},"end":{"line":65,"column":30}},"16":{"start":{"line":84,"column":25},"end":{"line":84,"column":43}},"17":{"start":{"line":100,"column":15},"end":{"line":244,"column":2}}},"fnMap":{"0":{"name":"GameScreen","decl":{"start":{"line":9,"column":24},"end":{"line":9,"column":34}},"loc":{"start":{"line":9,"column":34},"end":{"line":98,"column":1}}},"1":{"name":"(anonymous_1)","decl":{"start":{"line":18,"column":28},"end":{"line":18,"column":29}},"loc":{"start":{"line":18,"column":47},"end":{"line":21,"column":3}}},"2":{"name":"(anonymous_2)","decl":{"start":{"line":23,"column":27},"end":{"line":23,"column":30}},"loc":{"start":{"line":23,"column":32},"end":{"line":26,"column":3}}},"3":{"name":"(anonymous_3)","decl":{"start":{"line":25,"column":13},"end":{"line":25,"column":17}},"loc":{"start":{"line":25,"column":21},"end":{"line":25,"column":51}}},"4":{"name":"(anonymous_4)","decl":{"start":{"line":32,"column":35},"end":{"line":32,"column":38}},"loc":{"start":{"line":32,"column":41},"end":{"line":32,"column":54}}},"5":{"name":"(anonymous_5)","decl":{"start":{"line":48,"column":27},"end":{"line":48,"column":28}},"loc":{"start":{"line":49,"column":12},"end":{"line":50,"column":null}}},"6":{"name":"(anonymous_6)","decl":{"start":{"line":52,"column":23},"end":{"line":52,"column":26}},"loc":{"start":{"line":52,"column":29},"end":{"line":52,"column":54}}},"7":{"name":"(anonymous_7)","decl":{"start":{"line":64,"column":31},"end":{"line":64,"column":32}},"loc":{"start":{"line":65,"column":12},"end":{"line":65,"column":30}}},"8":{"name":"(anonymous_8)","decl":{"start":{"line":84,"column":19},"end":{"line":84,"column":22}},"loc":{"start":{"line":84,"column":25},"end":{"line":84,"column":43}}}},"branchMap":{"0":{"loc":{"start":{"line":105,"column":16},"end":{"line":105,"column":47}},"type":"cond-expr","locations":[{"start":{"line":105,"column":40},"end":{"line":105,"column":42}},{"start":{"line":105,"column":45},"end":{"line":105,"column":47}}]}},"s":{"0":0,"1":0,"2":0,"3":0,"4":0,"5":0,"6":0,"7":0,"8":0,"9":0,"10":0,"11":0,"12":0,"13":0,"14":0,"15":0,"16":0,"17":0},"f":{"0":0,"1":0,"2":0,"3":0,"4":0,"5":0,"6":0,"7":0,"8":0},"b":{"0":[0,0]}}
,"/Users/tyrale.bloomfield/wordplay/wordgame/app/index.tsx": {"path":"/Users/tyrale.bloomfield/wordplay/wordgame/app/index.tsx","statementMap":{"0":{"start":{"line":6,"column":20},"end":{"line":6,"column":55}},"1":{"start":{"line":7,"column":50},"end":{"line":7,"column":67}},"2":{"start":{"line":9,"column":2},"end":{"line":14,"column":9}},"3":{"start":{"line":10,"column":21},"end":{"line":12,"column":12}},"4":{"start":{"line":11,"column":6},"end":{"line":11,"column":67}},"5":{"start":{"line":11,"column":36},"end":{"line":11,"column":65}},"6":{"start":{"line":13,"column":4},"end":{"line":13,"column":41}},"7":{"start":{"line":13,"column":17},"end":{"line":13,"column":40}},"8":{"start":{"line":16,"column":2},"end":{"line":88,"column":4}},"9":{"start":{"line":91,"column":15},"end":{"line":222,"column":2}}},"fnMap":{"0":{"name":"HomeScreen","decl":{"start":{"line":5,"column":24},"end":{"line":5,"column":34}},"loc":{"start":{"line":5,"column":34},"end":{"line":89,"column":1}}},"1":{"name":"(anonymous_1)","decl":{"start":{"line":9,"column":18},"end":{"line":9,"column":21}},"loc":{"start":{"line":9,"column":23},"end":{"line":14,"column":3}}},"2":{"name":"(anonymous_2)","decl":{"start":{"line":10,"column":33},"end":{"line":10,"column":36}},"loc":{"start":{"line":10,"column":38},"end":{"line":12,"column":5}}},"3":{"name":"(anonymous_3)","decl":{"start":{"line":11,"column":26},"end":{"line":11,"column":27}},"loc":{"start":{"line":11,"column":36},"end":{"line":11,"column":65}}},"4":{"name":"(anonymous_4)","decl":{"start":{"line":13,"column":11},"end":{"line":13,"column":14}},"loc":{"start":{"line":13,"column":17},"end":{"line":13,"column":40}}}},"branchMap":{"0":{"loc":{"start":{"line":98,"column":16},"end":{"line":98,"column":47}},"type":"cond-expr","locations":[{"start":{"line":98,"column":40},"end":{"line":98,"column":42}},{"start":{"line":98,"column":45},"end":{"line":98,"column":47}}]},"1":{"loc":{"start":{"line":135,"column":16},"end":{"line":135,"column":61}},"type":"cond-expr","locations":[{"start":{"line":135,"column":40},"end":{"line":135,"column":47}},{"start":{"line":135,"column":50},"end":{"line":135,"column":61}}]}},"s":{"0":0,"1":0,"2":0,"3":0,"4":0,"5":0,"6":0,"7":0,"8":0,"9":0},"f":{"0":0,"1":0,"2":0,"3":0,"4":0},"b":{"0":[0,0],"1":[0,0]}}
,"/Users/tyrale.bloomfield/wordplay/wordgame/packages/ai/src/bot-behavior.ts": {"path":"/Users/tyrale.bloomfield/wordplay/wordgame/packages/ai/src/bot-behavior.ts","statementMap":{"0":{"start":{"line":119,"column":0},"end":{"line":119,"column":16}},"1":{"start":{"line":159,"column":9},"end":{"line":159,"column":22}},"2":{"start":{"line":4,"column":0},"end":{"line":4,"column":9}},"3":{"start":{"line":159,"column":24},"end":{"line":4,"column":65}},"4":{"start":{"line":5,"column":0},"end":{"line":5,"column":59}},"5":{"start":{"line":14,"column":2},"end":{"line":14,"column":33}},"6":{"start":{"line":14,"column":23},"end":{"line":14,"column":33}},"7":{"start":{"line":15,"column":31},"end":{"line":15,"column":40}},"8":{"start":{"line":17,"column":4},"end":{"line":20,"column":5}},"9":{"start":{"line":18,"column":6},"end":{"line":18,"column":32}},"10":{"start":{"line":19,"column":6},"end":{"line":19,"column":13}},"11":{"start":{"line":21,"column":4},"end":{"line":25,"column":5}},"12":{"start":{"line":21,"column":17},"end":{"line":21,"column":18}},"13":{"start":{"line":22,"column":6},"end":{"line":22,"column":42}},"14":{"start":{"line":23,"column":6},"end":{"line":23,"column":26}},"15":{"start":{"line":24,"column":6},"end":{"line":24,"column":42}},"16":{"start":{"line":27,"column":2},"end":{"line":27,"column":29}},"17":{"start":{"line":28,"column":2},"end":{"line":28,"column":23}},"18":{"start":{"line":29,"column":2},"end":{"line":29,"column":29}},"19":{"start":{"line":33,"column":57},"end":{"line":33,"column":59}},"20":{"start":{"line":34,"column":21},"end":{"line":34,"column":52}},"21":{"start":{"line":37,"column":25},"end":{"line":41,"column":3}},"22":{"start":{"line":38,"column":4},"end":{"line":40,"column":5}},"23":{"start":{"line":39,"column":6},"end":{"line":39,"column":36}},"24":{"start":{"line":44,"column":2},"end":{"line":63,"column":3}},"25":{"start":{"line":46,"column":4},"end":{"line":62,"column":5}},"26":{"start":{"line":46,"column":17},"end":{"line":46,"column":18}},"27":{"start":{"line":47,"column":6},"end":{"line":47,"column":49}},"28":{"start":{"line":47,"column":40},"end":{"line":47,"column":49}},"29":{"start":{"line":48,"column":23},"end":{"line":48,"column":85}},"30":{"start":{"line":49,"column":6},"end":{"line":52,"column":9}},"31":{"start":{"line":55,"column":6},"end":{"line":61,"column":7}},"32":{"start":{"line":56,"column":8},"end":{"line":60,"column":11}},"33":{"start":{"line":65,"column":2},"end":{"line":79,"column":3}},"34":{"start":{"line":67,"column":4},"end":{"line":78,"column":5}},"35":{"start":{"line":67,"column":17},"end":{"line":67,"column":18}},"36":{"start":{"line":68,"column":20},"end":{"line":68,"column":78}},"37":{"start":{"line":69,"column":6},"end":{"line":69,"column":79}},"38":{"start":{"line":72,"column":6},"end":{"line":77,"column":7}},"39":{"start":{"line":73,"column":8},"end":{"line":76,"column":11}},"40":{"start":{"line":81,"column":2},"end":{"line":95,"column":3}},"41":{"start":{"line":83,"column":4},"end":{"line":94,"column":5}},"42":{"start":{"line":83,"column":17},"end":{"line":83,"column":18}},"43":{"start":{"line":84,"column":22},"end":{"line":84,"column":72}},"44":{"start":{"line":85,"column":6},"end":{"line":85,"column":89}},"45":{"start":{"line":88,"column":6},"end":{"line":93,"column":7}},"46":{"start":{"line":89,"column":8},"end":{"line":92,"column":11}},"47":{"start":{"line":97,"column":2},"end":{"line":97,"column":15}},"48":{"start":{"line":101,"column":17},"end":{"line":101,"column":73}},"49":{"start":{"line":102,"column":2},"end":{"line":105,"column":3}},"50":{"start":{"line":103,"column":4},"end":{"line":103,"column":26}},"51":{"start":{"line":104,"column":4},"end":{"line":104,"column":33}},"52":{"start":{"line":104,"column":27},"end":{"line":104,"column":33}},"53":{"start":{"line":106,"column":32},"end":{"line":106,"column":34}},"54":{"start":{"line":107,"column":2},"end":{"line":112,"column":3}},"55":{"start":{"line":108,"column":4},"end":{"line":111,"column":5}},"56":{"start":{"line":109,"column":20},"end":{"line":109,"column":68}},"57":{"start":{"line":110,"column":6},"end":{"line":110,"column":48}},"58":{"start":{"line":113,"column":2},"end":{"line":113,"column":20}},"59":{"start":{"line":121,"column":54},"end":{"line":121,"column":82}},"60":{"start":{"line":122,"column":30},"end":{"line":122,"column":32}},"61":{"start":{"line":125,"column":2},"end":{"line":129,"column":3}},"62":{"start":{"line":126,"column":23},"end":{"line":126,"column":72}},"63":{"start":{"line":127,"column":4},"end":{"line":127,"column":67}},"64":{"start":{"line":128,"column":4},"end":{"line":128,"column":37}},"65":{"start":{"line":128,"column":31},"end":{"line":128,"column":37}},"66":{"start":{"line":132,"column":2},"end":{"line":138,"column":3}},"67":{"start":{"line":133,"column":4},"end":{"line":137,"column":5}},"68":{"start":{"line":134,"column":25},"end":{"line":134,"column":75}},"69":{"start":{"line":135,"column":6},"end":{"line":135,"column":69}},"70":{"start":{"line":136,"column":6},"end":{"line":136,"column":39}},"71":{"start":{"line":136,"column":33},"end":{"line":136,"column":39}},"72":{"start":{"line":141,"column":15},"end":{"line":141,"column":92}},"73":{"start":{"line":141,"column":35},"end":{"line":141,"column":92}},"74":{"start":{"line":141,"column":57},"end":{"line":141,"column":82}},"75":{"start":{"line":142,"column":38},"end":{"line":142,"column":47}},"76":{"start":{"line":143,"column":2},"end":{"line":145,"column":3}},"77":{"start":{"line":144,"column":4},"end":{"line":144,"column":32}},"78":{"start":{"line":148,"column":2},"end":{"line":154,"column":1}},"79":{"start":{"line":149,"column":2},"end":{"line":153,"column":4}},"80":{"start":{"line":156,"column":2},"end":{"line":156,"column":18}}},"fnMap":{"0":{"name":"(anonymous_0)","decl":{"start":{"line":159,"column":24},"end":{"line":159,"column":33}},"loc":{"start":{"line":159,"column":24},"end":{"line":4,"column":65}}},"1":{"name":"getAnagrams","decl":{"start":{"line":13,"column":9},"end":{"line":13,"column":20}},"loc":{"start":{"line":13,"column":33},"end":{"line":30,"column":1}}},"2":{"name":"permute","decl":{"start":{"line":16,"column":11},"end":{"line":16,"column":18}},"loc":{"start":{"line":16,"column":43},"end":{"line":26,"column":3}}},"3":{"name":"generateMoves","decl":{"start":{"line":32,"column":9},"end":{"line":32,"column":22}},"loc":{"start":{"line":32,"column":123},"end":{"line":98,"column":1}}},"4":{"name":"(anonymous_4)","decl":{"start":{"line":37,"column":25},"end":{"line":37,"column":26}},"loc":{"start":{"line":37,"column":65},"end":{"line":41,"column":3}}},"5":{"name":"getValidMoves","decl":{"start":{"line":100,"column":9},"end":{"line":100,"column":22}},"loc":{"start":{"line":100,"column":114},"end":{"line":114,"column":1}}},"6":{"name":"chooseBestMove","decl":{"start":{"line":119,"column":16},"end":{"line":119,"column":30}},"loc":{"start":{"line":119,"column":69},"end":{"line":157,"column":1}}},"7":{"name":"(anonymous_7)","decl":{"start":{"line":141,"column":15},"end":{"line":141,"column":16}},"loc":{"start":{"line":141,"column":35},"end":{"line":141,"column":92}}},"8":{"name":"(anonymous_8)","decl":{"start":{"line":141,"column":46},"end":{"line":141,"column":47}},"loc":{"start":{"line":141,"column":57},"end":{"line":141,"column":82}}}},"branchMap":{"0":{"loc":{"start":{"line":14,"column":2},"end":{"line":14,"column":33}},"type":"if","locations":[{"start":{"line":14,"column":2},"end":{"line":14,"column":33}}]},"1":{"loc":{"start":{"line":17,"column":4},"end":{"line":20,"column":5}},"type":"if","locations":[{"start":{"line":17,"column":4},"end":{"line":20,"column":5}}]},"2":{"loc":{"start":{"line":38,"column":4},"end":{"line":40,"column":5}},"type":"if","locations":[{"start":{"line":38,"column":4},"end":{"line":40,"column":5}}]},"3":{"loc":{"start":{"line":38,"column":8},"end":{"line":38,"column":47}},"type":"binary-expr","locations":[{"start":{"line":38,"column":8},"end":{"line":38,"column":19}},{"start":{"line":38,"column":23},"end":{"line":38,"column":47}}]},"4":{"loc":{"start":{"line":44,"column":2},"end":{"line":63,"column":3}},"type":"if","locations":[{"start":{"line":44,"column":2},"end":{"line":63,"column":3}}]},"5":{"loc":{"start":{"line":44,"column":6},"end":{"line":44,"column":41}},"type":"binary-expr","locations":[{"start":{"line":44,"column":6},"end":{"line":44,"column":15}},{"start":{"line":44,"column":19},"end":{"line":44,"column":41}}]},"6":{"loc":{"start":{"line":47,"column":6},"end":{"line":47,"column":49}},"type":"if","locations":[{"start":{"line":47,"column":6},"end":{"line":47,"column":49}}]},"7":{"loc":{"start":{"line":65,"column":2},"end":{"line":79,"column":3}},"type":"if","locations":[{"start":{"line":65,"column":2},"end":{"line":79,"column":3}}]},"8":{"loc":{"start":{"line":65,"column":6},"end":{"line":65,"column":37}},"type":"binary-expr","locations":[{"start":{"line":65,"column":6},"end":{"line":65,"column":15}},{"start":{"line":65,"column":19},"end":{"line":65,"column":37}}]},"9":{"loc":{"start":{"line":81,"column":2},"end":{"line":95,"column":3}},"type":"if","locations":[{"start":{"line":81,"column":2},"end":{"line":95,"column":3}}]},"10":{"loc":{"start":{"line":81,"column":6},"end":{"line":81,"column":40}},"type":"binary-expr","locations":[{"start":{"line":81,"column":6},"end":{"line":81,"column":15}},{"start":{"line":81,"column":19},"end":{"line":81,"column":40}}]},"11":{"loc":{"start":{"line":104,"column":4},"end":{"line":104,"column":33}},"type":"if","locations":[{"start":{"line":104,"column":4},"end":{"line":104,"column":33}}]},"12":{"loc":{"start":{"line":108,"column":4},"end":{"line":111,"column":5}},"type":"if","locations":[{"start":{"line":108,"column":4},"end":{"line":111,"column":5}}]},"13":{"loc":{"start":{"line":128,"column":4},"end":{"line":128,"column":37}},"type":"if","locations":[{"start":{"line":128,"column":4},"end":{"line":128,"column":37}}]},"14":{"loc":{"start":{"line":132,"column":2},"end":{"line":138,"column":3}},"type":"if","locations":[{"start":{"line":132,"column":2},"end":{"line":138,"column":3}}]},"15":{"loc":{"start":{"line":136,"column":6},"end":{"line":136,"column":39}},"type":"if","locations":[{"start":{"line":136,"column":6},"end":{"line":136,"column":39}}]},"16":{"loc":{"start":{"line":141,"column":57},"end":{"line":141,"column":82}},"type":"cond-expr","locations":[{"start":{"line":141,"column":77},"end":{"line":141,"column":78}},{"start":{"line":141,"column":81},"end":{"line":141,"column":82}}]},"17":{"loc":{"start":{"line":143,"column":2},"end":{"line":145,"column":3}},"type":"if","locations":[{"start":{"line":143,"column":2},"end":{"line":145,"column":3}}]},"18":{"loc":{"start":{"line":148,"column":2},"end":{"line":154,"column":1}},"type":"if","locations":[{"start":{"line":148,"column":2},"end":{"line":154,"column":1}}]}},"s":{"0":2,"1":2,"2":2,"3":4,"4":2,"5":471,"6":8,"7":463,"8":25846,"9":15118,"10":15118,"11":10728,"12":10728,"13":25383,"14":25383,"15":25383,"16":463,"17":463,"18":463,"19":139,"20":139,"21":139,"22":10372,"23":10366,"24":139,"25":134,"26":134,"27":450,"28":13,"29":437,"30":437,"31":437,"32":8909,"33":139,"34":5,"35":5,"36":21,"37":21,"38":21,"39":963,"40":139,"41":4,"42":4,"43":13,"44":13,"45":13,"46":29,"47":139,"48":131,"49":131,"50":1324,"51":1324,"52":114,"53":131,"54":131,"55":1262,"56":1262,"57":1262,"58":131,"59":131,"60":131,"61":131,"62":131,"63":131,"64":131,"65":131,"66":131,"67":0,"68":0,"69":0,"70":0,"71":0,"72":131,"73":131,"74":1262,"75":131,"76":131,"77":131,"78":131,"79":0,"80":131},"f":{"0":2,"1":471,"2":25846,"3":139,"4":10372,"5":131,"6":131,"7":131,"8":1262},"b":{"0":[8],"1":[15118],"2":[10366],"3":[10372,9508],"4":[134],"5":[139,137],"6":[13],"7":[5],"8":[139,137],"9":[4],"10":[139,137],"11":[114],"12":[1262],"13":[131],"14":[0],"15":[0],"16":[122,1140],"17":[131],"18":[0]}}
,"/Users/tyrale.bloomfield/wordplay/wordgame/packages/engine/src/bots.ts": {"path":"/Users/tyrale.bloomfield/wordplay/wordgame/packages/engine/src/bots.ts","statementMap":{"0":{"start":{"line":26,"column":52},"end":{"line":66,"column":2}},"1":{"start":{"line":69,"column":2},"end":{"line":69,"column":26}},"2":{"start":{"line":73,"column":2},"end":{"line":73,"column":24}}},"fnMap":{"0":{"name":"isBotPlayer","decl":{"start":{"line":68,"column":16},"end":{"line":68,"column":27}},"loc":{"start":{"line":68,"column":44},"end":{"line":70,"column":1}}},"1":{"name":"getBotPersonality","decl":{"start":{"line":72,"column":16},"end":{"line":72,"column":33}},"loc":{"start":{"line":72,"column":50},"end":{"line":74,"column":1}}}},"branchMap":{},"s":{"0":0,"1":0,"2":0},"f":{"0":0,"1":0},"b":{}}
,"/Users/tyrale.bloomfield/wordplay/wordgame/packages/engine/src/dictionary.ts": {"path":"/Users/tyrale.bloomfield/wordplay/wordgame/packages/engine/src/dictionary.ts","statementMap":{"0":{"start":{"line":63,"column":0},"end":{"line":63,"column":16}},"1":{"start":{"line":107,"column":0},"end":{"line":107,"column":16}},"2":{"start":{"line":125,"column":0},"end":{"line":125,"column":16}},"3":{"start":{"line":134,"column":0},"end":{"line":134,"column":16}},"4":{"start":{"line":149,"column":0},"end":{"line":149,"column":16}},"5":{"start":{"line":187,"column":0},"end":{"line":187,"column":16}},"6":{"start":{"line":197,"column":0},"end":{"line":197,"column":16}},"7":{"start":{"line":214,"column":0},"end":{"line":214,"column":16}},"8":{"start":{"line":234,"column":0},"end":{"line":234,"column":16}},"9":{"start":{"line":1,"column":0},"end":{"line":1,"column":35}},"10":{"start":{"line":2,"column":0},"end":{"line":2,"column":67}},"11":{"start":{"line":3,"column":0},"end":{"line":3,"column":62}},"12":{"start":{"line":6,"column":30},"end":{"line":6,"column":81}},"13":{"start":{"line":7,"column":34},"end":{"line":9,"column":6}},"14":{"start":{"line":8,"column":37},"end":{"line":8,"column":80}},"15":{"start":{"line":12,"column":15},"end":{"line":12,"column":27}},"16":{"start":{"line":15,"column":13},"end":{"line":58,"column":2}},"17":{"start":{"line":17,"column":45},"end":{"line":17,"column":63}},"18":{"start":{"line":18,"column":48},"end":{"line":18,"column":66}},"19":{"start":{"line":24,"column":22},"end":{"line":24,"column":40}},"20":{"start":{"line":25,"column":4},"end":{"line":25,"column":73}},"21":{"start":{"line":32,"column":4},"end":{"line":32,"column":35}},"22":{"start":{"line":39,"column":4},"end":{"line":39,"column":30}},"23":{"start":{"line":46,"column":4},"end":{"line":46,"column":27}},"24":{"start":{"line":53,"column":4},"end":{"line":55,"column":5}},"25":{"start":{"line":54,"column":6},"end":{"line":54,"column":54}},"26":{"start":{"line":54,"column":42},"end":{"line":54,"column":52}},"27":{"start":{"line":56,"column":4},"end":{"line":56,"column":16}},"28":{"start":{"line":69,"column":2},"end":{"line":71,"column":3}},"29":{"start":{"line":70,"column":4},"end":{"line":70,"column":27}},"30":{"start":{"line":74,"column":2},"end":{"line":76,"column":3}},"31":{"start":{"line":75,"column":4},"end":{"line":75,"column":71}},"32":{"start":{"line":79,"column":2},"end":{"line":81,"column":3}},"33":{"start":{"line":80,"column":4},"end":{"line":80,"column":70}},"34":{"start":{"line":84,"column":2},"end":{"line":89,"column":3}},"35":{"start":{"line":85,"column":23},"end":{"line":85,"column":66}},"36":{"start":{"line":86,"column":4},"end":{"line":88,"column":5}},"37":{"start":{"line":87,"column":6},"end":{"line":87,"column":81}},"38":{"start":{"line":92,"column":2},"end":{"line":94,"column":3}},"39":{"start":{"line":93,"column":4},"end":{"line":93,"column":68}},"40":{"start":{"line":97,"column":2},"end":{"line":99,"column":3}},"41":{"start":{"line":98,"column":4},"end":{"line":98,"column":58}},"42":{"start":{"line":101,"column":2},"end":{"line":101,"column":25}},"43":{"start":{"line":108,"column":21},"end":{"line":111,"column":null}},"44":{"start":{"line":109,"column":12},"end":{"line":111,"column":49}},"45":{"start":{"line":114,"column":2},"end":{"line":116,"column":3}},"46":{"start":{"line":115,"column":4},"end":{"line":115,"column":17}},"47":{"start":{"line":118,"column":22},"end":{"line":118,"column":67}},"48":{"start":{"line":119,"column":2},"end":{"line":119,"column":47}},"49":{"start":{"line":126,"column":2},"end":{"line":128,"column":37}},"50":{"start":{"line":127,"column":20},"end":{"line":127,"column":83}},"51":{"start":{"line":128,"column":17},"end":{"line":128,"column":35}},"52":{"start":{"line":135,"column":24},"end":{"line":135,"column":68}},"53":{"start":{"line":137,"column":2},"end":{"line":143,"column":37}},"54":{"start":{"line":139,"column":6},"end":{"line":139,"column":61}},"55":{"start":{"line":139,"column":48},"end":{"line":139,"column":61}},"56":{"start":{"line":140,"column":30},"end":{"line":140,"column":83}},"57":{"start":{"line":141,"column":6},"end":{"line":141,"column":101}},"58":{"start":{"line":143,"column":17},"end":{"line":143,"column":35}},"59":{"start":{"line":150,"column":2},"end":{"line":150,"column":50}},"60":{"start":{"line":150,"column":37},"end":{"line":150,"column":50}},"61":{"start":{"line":152,"column":18},"end":{"line":152,"column":63}},"62":{"start":{"line":153,"column":18},"end":{"line":153,"column":63}},"63":{"start":{"line":155,"column":2},"end":{"line":155,"column":76}},"64":{"start":{"line":177,"column":20},"end":{"line":177,"column":48}},"65":{"start":{"line":180,"column":19},"end":{"line":180,"column":51}},"66":{"start":{"line":188,"column":20},"end":{"line":188,"column":38}},"67":{"start":{"line":189,"column":2},"end":{"line":189,"column":65}},"68":{"start":{"line":198,"column":2},"end":{"line":198,"column":23}},"69":{"start":{"line":198,"column":13},"end":{"line":198,"column":23}},"70":{"start":{"line":200,"column":20},"end":{"line":200,"column":38}},"71":{"start":{"line":202,"column":2},"end":{"line":204,"column":3}},"72":{"start":{"line":203,"column":4},"end":{"line":203,"column":40}},"73":{"start":{"line":206,"column":2},"end":{"line":206,"column":19}},"74":{"start":{"line":215,"column":2},"end":{"line":215,"column":20}},"75":{"start":{"line":215,"column":13},"end":{"line":215,"column":20}},"76":{"start":{"line":217,"column":20},"end":{"line":217,"column":38}},"77":{"start":{"line":219,"column":2},"end":{"line":225,"column":3}},"78":{"start":{"line":220,"column":4},"end":{"line":220,"column":31}},"79":{"start":{"line":221,"column":4},"end":{"line":221,"column":47}},"80":{"start":{"line":223,"column":4},"end":{"line":223,"column":30}},"81":{"start":{"line":224,"column":4},"end":{"line":224,"column":46}},"82":{"start":{"line":235,"column":2},"end":{"line":235,"column":47}}},"fnMap":{"0":{"name":"(anonymous_1)","decl":{"start":{"line":8,"column":22},"end":{"line":8,"column":23}},"loc":{"start":{"line":8,"column":37},"end":{"line":8,"column":80}}},"1":{"name":"(anonymous_2)","decl":{"start":{"line":17,"column":37},"end":{"line":17,"column":41}},"loc":{"start":{"line":17,"column":45},"end":{"line":17,"column":63}}},"2":{"name":"(anonymous_3)","decl":{"start":{"line":18,"column":40},"end":{"line":18,"column":44}},"loc":{"start":{"line":18,"column":48},"end":{"line":18,"column":66}}},"3":{"name":"(anonymous_4)","decl":{"start":{"line":23,"column":2},"end":{"line":23,"column":9}},"loc":{"start":{"line":23,"column":22},"end":{"line":26,"column":3}}},"4":{"name":"(anonymous_5)","decl":{"start":{"line":31,"column":2},"end":{"line":31,"column":15}},"loc":{"start":{"line":31,"column":28},"end":{"line":33,"column":3}}},"5":{"name":"(anonymous_6)","decl":{"start":{"line":38,"column":2},"end":{"line":38,"column":17}},"loc":{"start":{"line":38,"column":30},"end":{"line":40,"column":3}}},"6":{"name":"(anonymous_7)","decl":{"start":{"line":45,"column":2},"end":{"line":45,"column":12}},"loc":{"start":{"line":45,"column":25},"end":{"line":47,"column":3}}},"7":{"name":"(anonymous_8)","decl":{"start":{"line":52,"column":2},"end":{"line":52,"column":16}},"loc":{"start":{"line":52,"column":29},"end":{"line":57,"column":3}}},"8":{"name":"(anonymous_9)","decl":{"start":{"line":54,"column":33},"end":{"line":54,"column":34}},"loc":{"start":{"line":54,"column":42},"end":{"line":54,"column":52}}},"9":{"name":"validateWord","decl":{"start":{"line":63,"column":16},"end":{"line":63,"column":28}},"loc":{"start":{"line":66,"column":38},"end":{"line":102,"column":1}}},"10":{"name":"getRandomWord","decl":{"start":{"line":107,"column":16},"end":{"line":107,"column":29}},"loc":{"start":{"line":107,"column":58},"end":{"line":120,"column":1}}},"11":{"name":"(anonymous_12)","decl":{"start":{"line":109,"column":4},"end":{"line":109,"column":8}},"loc":{"start":{"line":109,"column":12},"end":{"line":111,"column":49}}},"12":{"name":"getWordsByLength","decl":{"start":{"line":125,"column":16},"end":{"line":125,"column":32}},"loc":{"start":{"line":125,"column":47},"end":{"line":129,"column":1}}},"13":{"name":"(anonymous_14)","decl":{"start":{"line":127,"column":12},"end":{"line":127,"column":16}},"loc":{"start":{"line":127,"column":20},"end":{"line":127,"column":83}}},"14":{"name":"(anonymous_15)","decl":{"start":{"line":128,"column":9},"end":{"line":128,"column":13}},"loc":{"start":{"line":128,"column":17},"end":{"line":128,"column":35}}},"15":{"name":"findAnagrams","decl":{"start":{"line":134,"column":16},"end":{"line":134,"column":28}},"loc":{"start":{"line":134,"column":41},"end":{"line":144,"column":1}}},"16":{"name":"(anonymous_17)","decl":{"start":{"line":138,"column":12},"end":{"line":138,"column":25}},"loc":{"start":{"line":138,"column":28},"end":{"line":142,"column":5}}},"17":{"name":"(anonymous_18)","decl":{"start":{"line":143,"column":9},"end":{"line":143,"column":13}},"loc":{"start":{"line":143,"column":17},"end":{"line":143,"column":35}}},"18":{"name":"areAnagrams","decl":{"start":{"line":149,"column":16},"end":{"line":149,"column":27}},"loc":{"start":{"line":149,"column":56},"end":{"line":156,"column":1}}},"19":{"name":"isInDictionary","decl":{"start":{"line":187,"column":16},"end":{"line":187,"column":30}},"loc":{"start":{"line":187,"column":43},"end":{"line":190,"column":1}}},"20":{"name":"censorWord","decl":{"start":{"line":197,"column":16},"end":{"line":197,"column":26}},"loc":{"start":{"line":197,"column":39},"end":{"line":207,"column":1}}},"21":{"name":"addWord","decl":{"start":{"line":214,"column":16},"end":{"line":214,"column":23}},"loc":{"start":{"line":214,"column":66},"end":{"line":226,"column":1}}},"22":{"name":"getWordLengthDifference","decl":{"start":{"line":234,"column":16},"end":{"line":234,"column":39}},"loc":{"start":{"line":234,"column":68},"end":{"line":236,"column":1}}}},"branchMap":{"0":{"loc":{"start":{"line":6,"column":30},"end":{"line":6,"column":81}},"type":"cond-expr","locations":[{"start":{"line":6,"column":62},"end":{"line":6,"column":76}},{"start":{"line":6,"column":79},"end":{"line":6,"column":81}}]},"1":{"loc":{"start":{"line":7,"column":34},"end":{"line":9,"column":6}},"type":"cond-expr","locations":[{"start":{"line":8,"column":4},"end":{"line":8,"column":81}},{"start":{"line":9,"column":4},"end":{"line":9,"column":6}}]},"2":{"loc":{"start":{"line":8,"column":37},"end":{"line":8,"column":80}},"type":"cond-expr","locations":[{"start":{"line":8,"column":64},"end":{"line":8,"column":68}},{"start":{"line":8,"column":71},"end":{"line":8,"column":80}}]},"3":{"loc":{"start":{"line":25,"column":11},"end":{"line":25,"column":72}},"type":"binary-expr","locations":[{"start":{"line":25,"column":11},"end":{"line":25,"column":40}},{"start":{"line":25,"column":44},"end":{"line":25,"column":72}}]},"4":{"loc":{"start":{"line":53,"column":4},"end":{"line":55,"column":5}},"type":"if","locations":[{"start":{"line":53,"column":4},"end":{"line":55,"column":5}}]},"5":{"loc":{"start":{"line":66,"column":2},"end":{"line":66,"column":38}},"type":"default-arg","locations":[{"start":{"line":66,"column":36},"end":{"line":66,"column":38}}]},"6":{"loc":{"start":{"line":69,"column":2},"end":{"line":71,"column":3}},"type":"if","locations":[{"start":{"line":69,"column":2},"end":{"line":71,"column":3}}]},"7":{"loc":{"start":{"line":74,"column":2},"end":{"line":76,"column":3}},"type":"if","locations":[{"start":{"line":74,"column":2},"end":{"line":76,"column":3}}]},"8":{"loc":{"start":{"line":79,"column":2},"end":{"line":81,"column":3}},"type":"if","locations":[{"start":{"line":79,"column":2},"end":{"line":81,"column":3}}]},"9":{"loc":{"start":{"line":84,"column":2},"end":{"line":89,"column":3}},"type":"if","locations":[{"start":{"line":84,"column":2},"end":{"line":89,"column":3}}]},"10":{"loc":{"start":{"line":86,"column":4},"end":{"line":88,"column":5}},"type":"if","locations":[{"start":{"line":86,"column":4},"end":{"line":88,"column":5}}]},"11":{"loc":{"start":{"line":92,"column":2},"end":{"line":94,"column":3}},"type":"if","locations":[{"start":{"line":92,"column":2},"end":{"line":94,"column":3}}]},"12":{"loc":{"start":{"line":97,"column":2},"end":{"line":99,"column":3}},"type":"if","locations":[{"start":{"line":97,"column":2},"end":{"line":99,"column":3}}]},"13":{"loc":{"start":{"line":107,"column":30},"end":{"line":107,"column":43}},"type":"default-arg","locations":[{"start":{"line":107,"column":42},"end":{"line":107,"column":43}}]},"14":{"loc":{"start":{"line":107,"column":45},"end":{"line":107,"column":58}},"type":"default-arg","locations":[{"start":{"line":107,"column":57},"end":{"line":107,"column":58}}]},"15":{"loc":{"start":{"line":109,"column":12},"end":{"line":111,"column":49}},"type":"binary-expr","locations":[{"start":{"line":109,"column":12},"end":{"line":109,"column":36}},{"start":{"line":110,"column":12},"end":{"line":110,"column":36}},{"start":{"line":111,"column":12},"end":{"line":111,"column":49}}]},"16":{"loc":{"start":{"line":114,"column":2},"end":{"line":116,"column":3}},"type":"if","locations":[{"start":{"line":114,"column":2},"end":{"line":116,"column":3}}]},"17":{"loc":{"start":{"line":127,"column":20},"end":{"line":127,"column":83}},"type":"binary-expr","locations":[{"start":{"line":127,"column":20},"end":{"line":127,"column":42}},{"start":{"line":127,"column":46},"end":{"line":127,"column":83}}]},"18":{"loc":{"start":{"line":139,"column":6},"end":{"line":139,"column":61}},"type":"if","locations":[{"start":{"line":139,"column":6},"end":{"line":139,"column":61}}]},"19":{"loc":{"start":{"line":141,"column":13},"end":{"line":141,"column":100}},"type":"binary-expr","locations":[{"start":{"line":141,"column":13},"end":{"line":141,"column":46}},{"start":{"line":141,"column":50},"end":{"line":141,"column":100}}]},"20":{"loc":{"start":{"line":150,"column":2},"end":{"line":150,"column":50}},"type":"if","locations":[{"start":{"line":150,"column":2},"end":{"line":150,"column":50}}]},"21":{"loc":{"start":{"line":155,"column":9},"end":{"line":155,"column":75}},"type":"binary-expr","locations":[{"start":{"line":155,"column":9},"end":{"line":155,"column":28}},{"start":{"line":155,"column":32},"end":{"line":155,"column":75}}]},"22":{"loc":{"start":{"line":189,"column":9},"end":{"line":189,"column":64}},"type":"binary-expr","locations":[{"start":{"line":189,"column":9},"end":{"line":189,"column":35}},{"start":{"line":189,"column":39},"end":{"line":189,"column":64}}]},"23":{"loc":{"start":{"line":198,"column":2},"end":{"line":198,"column":23}},"type":"if","locations":[{"start":{"line":198,"column":2},"end":{"line":198,"column":23}}]},"24":{"loc":{"start":{"line":202,"column":2},"end":{"line":204,"column":3}},"type":"if","locations":[{"start":{"line":202,"column":2},"end":{"line":204,"column":3}}]},"25":{"loc":{"start":{"line":215,"column":2},"end":{"line":215,"column":20}},"type":"if","locations":[{"start":{"line":215,"column":2},"end":{"line":215,"column":20}}]},"26":{"loc":{"start":{"line":219,"column":2},"end":{"line":225,"column":3}},"type":"if","locations":[{"start":{"line":219,"column":2},"end":{"line":225,"column":3}},{"start":{"line":222,"column":9},"end":{"line":225,"column":3}}]}},"s":{"0":4,"1":4,"2":4,"3":4,"4":4,"5":4,"6":4,"7":4,"8":4,"9":4,"10":4,"11":4,"12":4,"13":4,"14":25716,"15":4,"16":4,"17":690896,"18":25716,"19":3348,"20":3348,"21":67027,"22":1,"23":7,"24":3,"25":2,"26":4,"27":1,"28":1627,"29":1278,"30":349,"31":4,"32":345,"33":7,"34":338,"35":14,"36":14,"37":3,"38":335,"39":5,"40":330,"41":0,"42":330,"43":4,"44":690896,"45":4,"46":0,"47":4,"48":4,"49":3,"50":518172,"51":19135,"52":2,"53":2,"54":345448,"55":329244,"56":16204,"57":16204,"58":1,"59":3,"60":0,"61":3,"62":3,"63":3,"64":4,"65":4,"66":0,"67":0,"68":2,"69":0,"70":2,"71":2,"72":0,"73":2,"74":2,"75":0,"76":2,"77":2,"78":1,"79":1,"80":1,"81":1,"82":3},"f":{"0":25716,"1":690896,"2":25716,"3":3348,"4":67027,"5":1,"6":7,"7":3,"8":4,"9":1627,"10":4,"11":690896,"12":3,"13":518172,"14":19135,"15":2,"16":345448,"17":1,"18":3,"19":0,"20":2,"21":2,"22":3},"b":{"0":[4,0],"1":[4,0],"2":[0,25716],"3":[3348,15],"4":[2],"5":[348],"6":[1278],"7":[4],"8":[7],"9":[14],"10":[3],"11":[5],"12":[0],"13":[0],"14":[0],"15":[690896,451842,47557],"16":[0],"17":[518172,19135],"18":[329244],"19":[16204,2],"20":[0],"21":[3,2],"22":[0,0],"23":[0],"24":[0],"25":[0],"26":[1,1]}}
,"/Users/tyrale.bloomfield/wordplay/wordgame/packages/engine/src/gameState.ts": {"path":"/Users/tyrale.bloomfield/wordplay/wordgame/packages/engine/src/gameState.ts","statementMap":{"0":{"start":{"line":2,"column":0},"end":{"line":2,"column":46}},"1":{"start":{"line":18,"column":13},"end":{"line":34,"column":4}},"2":{"start":{"line":18,"column":151},"end":{"line":34,"column":2}},"3":{"start":{"line":22,"column":29},"end":{"line":22,"column":50}},"4":{"start":{"line":22,"column":40},"end":{"line":22,"column":48}},"5":{"start":{"line":23,"column":36},"end":{"line":23,"column":99}},"6":{"start":{"line":23,"column":52},"end":{"line":23,"column":97}},"7":{"start":{"line":24,"column":39},"end":{"line":24,"column":125}},"8":{"start":{"line":24,"column":55},"end":{"line":24,"column":123}},"9":{"start":{"line":24,"column":108},"end":{"line":24,"column":120}},"10":{"start":{"line":25,"column":39},"end":{"line":25,"column":108}},"11":{"start":{"line":25,"column":55},"end":{"line":25,"column":106}},"12":{"start":{"line":26,"column":42},"end":{"line":26,"column":134}},"13":{"start":{"line":26,"column":58},"end":{"line":26,"column":132}},"14":{"start":{"line":26,"column":117},"end":{"line":26,"column":129}},"15":{"start":{"line":27,"column":44},"end":{"line":32,"column":4}},"16":{"start":{"line":28,"column":16},"end":{"line":28,"column":36}},"17":{"start":{"line":29,"column":20},"end":{"line":29,"column":39}},"18":{"start":{"line":30,"column":4},"end":{"line":30,"column":29}},"19":{"start":{"line":31,"column":4},"end":{"line":31,"column":34}},"20":{"start":{"line":33,"column":91},"end":{"line":33,"column":152}},"21":{"start":{"line":33,"column":102},"end":{"line":33,"column":150}}},"fnMap":{"0":{"name":"(anonymous_0)","decl":{"start":{"line":18,"column":51},"end":{"line":18,"column":52}},"loc":{"start":{"line":18,"column":151},"end":{"line":34,"column":2}}},"1":{"name":"(anonymous_1)","decl":{"start":{"line":22,"column":11},"end":{"line":22,"column":12}},"loc":{"start":{"line":22,"column":29},"end":{"line":22,"column":50}}},"2":{"name":"(anonymous_2)","decl":{"start":{"line":22,"column":33},"end":{"line":22,"column":36}},"loc":{"start":{"line":22,"column":40},"end":{"line":22,"column":48}}},"3":{"name":"(anonymous_3)","decl":{"start":{"line":23,"column":16},"end":{"line":23,"column":17}},"loc":{"start":{"line":23,"column":36},"end":{"line":23,"column":99}}},"4":{"name":"(anonymous_4)","decl":{"start":{"line":23,"column":40},"end":{"line":23,"column":41}},"loc":{"start":{"line":23,"column":52},"end":{"line":23,"column":97}}},"5":{"name":"(anonymous_5)","decl":{"start":{"line":24,"column":19},"end":{"line":24,"column":20}},"loc":{"start":{"line":24,"column":39},"end":{"line":24,"column":125}}},"6":{"name":"(anonymous_6)","decl":{"start":{"line":24,"column":43},"end":{"line":24,"column":44}},"loc":{"start":{"line":24,"column":55},"end":{"line":24,"column":123}}},"7":{"name":"(anonymous_7)","decl":{"start":{"line":24,"column":93},"end":{"line":24,"column":94}},"loc":{"start":{"line":24,"column":108},"end":{"line":24,"column":120}}},"8":{"name":"(anonymous_8)","decl":{"start":{"line":25,"column":19},"end":{"line":25,"column":20}},"loc":{"start":{"line":25,"column":39},"end":{"line":25,"column":108}}},"9":{"name":"(anonymous_9)","decl":{"start":{"line":25,"column":43},"end":{"line":25,"column":44}},"loc":{"start":{"line":25,"column":55},"end":{"line":25,"column":106}}},"10":{"name":"(anonymous_10)","decl":{"start":{"line":26,"column":22},"end":{"line":26,"column":23}},"loc":{"start":{"line":26,"column":42},"end":{"line":26,"column":134}}},"11":{"name":"(anonymous_11)","decl":{"start":{"line":26,"column":46},"end":{"line":26,"column":47}},"loc":{"start":{"line":26,"column":58},"end":{"line":26,"column":132}}},"12":{"name":"(anonymous_12)","decl":{"start":{"line":26,"column":102},"end":{"line":26,"column":103}},"loc":{"start":{"line":26,"column":117},"end":{"line":26,"column":129}}},"13":{"name":"(anonymous_13)","decl":{"start":{"line":27,"column":14},"end":{"line":27,"column":15}},"loc":{"start":{"line":27,"column":44},"end":{"line":32,"column":4}}},"14":{"name":"(anonymous_14)","decl":{"start":{"line":27,"column":48},"end":{"line":27,"column":49}},"loc":{"start":{"line":27,"column":58},"end":{"line":32,"column":3}}},"15":{"name":"(anonymous_15)","decl":{"start":{"line":33,"column":9},"end":{"line":33,"column":10}},"loc":{"start":{"line":33,"column":91},"end":{"line":33,"column":152}}},"16":{"name":"(anonymous_16)","decl":{"start":{"line":33,"column":95},"end":{"line":33,"column":98}},"loc":{"start":{"line":33,"column":102},"end":{"line":33,"column":150}}}},"branchMap":{"0":{"loc":{"start":{"line":33,"column":31},"end":{"line":33,"column":56}},"type":"default-arg","locations":[{"start":{"line":33,"column":54},"end":{"line":33,"column":56}}]},"1":{"loc":{"start":{"line":33,"column":58},"end":{"line":33,"column":86}},"type":"default-arg","locations":[{"start":{"line":33,"column":84},"end":{"line":33,"column":86}}]}},"s":{"0":2,"1":2,"2":2,"3":116,"4":116,"5":114,"6":114,"7":55,"8":55,"9":1612,"10":115,"11":115,"12":53,"13":53,"14":1610,"15":14,"16":14,"17":14,"18":14,"19":14,"20":23,"21":23},"f":{"0":2,"1":116,"2":116,"3":114,"4":114,"5":55,"6":55,"7":1612,"8":115,"9":115,"10":53,"11":53,"12":1610,"13":14,"14":14,"15":23,"16":23},"b":{"0":[2],"1":[2]}}
,"/Users/tyrale.bloomfield/wordplay/wordgame/packages/engine/src/scoring.ts": {"path":"/Users/tyrale.bloomfield/wordplay/wordgame/packages/engine/src/scoring.ts","statementMap":{"0":{"start":{"line":42,"column":0},"end":{"line":42,"column":16}},"1":{"start":{"line":48,"column":14},"end":{"line":48,"column":15}},"2":{"start":{"line":51,"column":2},"end":{"line":59,"column":3}},"3":{"start":{"line":52,"column":4},"end":{"line":58,"column":5}},"4":{"start":{"line":56,"column":8},"end":{"line":56,"column":19}},"5":{"start":{"line":57,"column":8},"end":{"line":57,"column":14}},"6":{"start":{"line":62,"column":2},"end":{"line":64,"column":3}},"7":{"start":{"line":63,"column":4},"end":{"line":63,"column":15}},"8":{"start":{"line":66,"column":2},"end":{"line":66,"column":15}}},"fnMap":{"0":{"name":"scoreTurn","decl":{"start":{"line":42,"column":16},"end":{"line":42,"column":25}},"loc":{"start":{"line":46,"column":20},"end":{"line":67,"column":1}}}},"branchMap":{"0":{"loc":{"start":{"line":52,"column":4},"end":{"line":58,"column":5}},"type":"switch","locations":[{"start":{"line":53,"column":6},"end":{"line":53,"column":17}},{"start":{"line":54,"column":6},"end":{"line":54,"column":20}},{"start":{"line":55,"column":6},"end":{"line":57,"column":14}}]},"1":{"loc":{"start":{"line":62,"column":2},"end":{"line":64,"column":3}},"type":"if","locations":[{"start":{"line":62,"column":2},"end":{"line":64,"column":3}}]},"2":{"loc":{"start":{"line":62,"column":6},"end":{"line":62,"column":46}},"type":"binary-expr","locations":[{"start":{"line":62,"column":6},"end":{"line":62,"column":15}},{"start":{"line":62,"column":19},"end":{"line":62,"column":46}}]}},"s":{"0":4,"1":2299,"2":2299,"3":6594,"4":6594,"5":6594,"6":2299,"7":2275,"8":2299},"f":{"0":2299},"b":{"0":[2290,4567,6594],"1":[2275],"2":[2299,2276]}}
,"/Users/tyrale.bloomfield/wordplay/wordgame/packages/ui/src/stories/AlphabetGrid.stories.tsx": {"path":"/Users/tyrale.bloomfield/wordplay/wordgame/packages/ui/src/stories/AlphabetGrid.stories.tsx","statementMap":{"0":{"start":{"line":8,"column":16},"end":{"line":8,"column":56}},"1":{"start":{"line":10,"column":0},"end":{"line":74,"column":5}},"2":{"start":{"line":12,"column":4},"end":{"line":16,"column":null}},"3":{"start":{"line":20,"column":4},"end":{"line":24,"column":null}},"4":{"start":{"line":28,"column":4},"end":{"line":33,"column":null}},"5":{"start":{"line":37,"column":4},"end":{"line":42,"column":null}},"6":{"start":{"line":46,"column":36},"end":{"line":46,"column":58}},"7":{"start":{"line":47,"column":26},"end":{"line":47,"column":48}},"8":{"start":{"line":48,"column":4},"end":{"line":73,"column":6}},"9":{"start":{"line":54,"column":12},"end":{"line":54,"column":89}},"10":{"start":{"line":54,"column":31},"end":{"line":54,"column":87}},"11":{"start":{"line":54,"column":65},"end":{"line":54,"column":72}},"12":{"start":{"line":55,"column":12},"end":{"line":55,"column":56}},"13":{"start":{"line":55,"column":24},"end":{"line":55,"column":54}},"14":{"start":{"line":58,"column":12},"end":{"line":58,"column":68}},"15":{"start":{"line":58,"column":31},"end":{"line":58,"column":66}},"16":{"start":{"line":59,"column":12},"end":{"line":59,"column":65}},"17":{"start":{"line":59,"column":24},"end":{"line":59,"column":63}},"18":{"start":{"line":62,"column":12},"end":{"line":62,"column":57}},"19":{"start":{"line":62,"column":31},"end":{"line":62,"column":55}},"20":{"start":{"line":62,"column":47},"end":{"line":62,"column":54}},"21":{"start":{"line":63,"column":12},"end":{"line":63,"column":65}},"22":{"start":{"line":63,"column":24},"end":{"line":63,"column":63}},"23":{"start":{"line":69,"column":12},"end":{"line":69,"column":28}},"24":{"start":{"line":77,"column":0},"end":{"line":125,"column":5}},"25":{"start":{"line":79,"column":4},"end":{"line":80,"column":null}},"26":{"start":{"line":84,"column":4},"end":{"line":85,"column":null}},"27":{"start":{"line":89,"column":4},"end":{"line":90,"column":null}},"28":{"start":{"line":94,"column":4},"end":{"line":95,"column":null}},"29":{"start":{"line":99,"column":30},"end":{"line":99,"column":90}},"30":{"start":{"line":100,"column":26},"end":{"line":100,"column":48}},"31":{"start":{"line":101,"column":4},"end":{"line":124,"column":6}},"32":{"start":{"line":107,"column":12},"end":{"line":107,"column":68}},"33":{"start":{"line":107,"column":26},"end":{"line":107,"column":66}},"34":{"start":{"line":108,"column":12},"end":{"line":108,"column":42}},"35":{"start":{"line":108,"column":24},"end":{"line":108,"column":40}},"36":{"start":{"line":111,"column":12},"end":{"line":111,"column":31}},"37":{"start":{"line":112,"column":12},"end":{"line":112,"column":48}},"38":{"start":{"line":112,"column":24},"end":{"line":112,"column":46}},"39":{"start":{"line":114,"column":29},"end":{"line":114,"column":64}},"40":{"start":{"line":114,"column":41},"end":{"line":114,"column":63}},"41":{"start":{"line":115,"column":27},"end":{"line":115,"column":60}},"42":{"start":{"line":115,"column":39},"end":{"line":115,"column":59}},"43":{"start":{"line":120,"column":12},"end":{"line":120,"column":28}}},"fnMap":{"0":{"name":"(anonymous_0)","decl":{"start":{"line":11,"column":18},"end":{"line":11,"column":21}},"loc":{"start":{"line":12,"column":4},"end":{"line":16,"column":null}}},"1":{"name":"(anonymous_1)","decl":{"start":{"line":19,"column":32},"end":{"line":19,"column":35}},"loc":{"start":{"line":20,"column":4},"end":{"line":24,"column":null}}},"2":{"name":"(anonymous_2)","decl":{"start":{"line":27,"column":26},"end":{"line":27,"column":29}},"loc":{"start":{"line":28,"column":4},"end":{"line":33,"column":null}}},"3":{"name":"(anonymous_3)","decl":{"start":{"line":36,"column":29},"end":{"line":36,"column":32}},"loc":{"start":{"line":37,"column":4},"end":{"line":42,"column":null}}},"4":{"name":"(anonymous_4)","decl":{"start":{"line":45,"column":43},"end":{"line":45,"column":46}},"loc":{"start":{"line":45,"column":48},"end":{"line":74,"column":3}}},"5":{"name":"(anonymous_5)","decl":{"start":{"line":53,"column":23},"end":{"line":53,"column":24}},"loc":{"start":{"line":53,"column":27},"end":{"line":56,"column":11}}},"6":{"name":"(anonymous_6)","decl":{"start":{"line":54,"column":24},"end":{"line":54,"column":27}},"loc":{"start":{"line":54,"column":31},"end":{"line":54,"column":87}}},"7":{"name":"(anonymous_7)","decl":{"start":{"line":54,"column":60},"end":{"line":54,"column":61}},"loc":{"start":{"line":54,"column":65},"end":{"line":54,"column":72}}},"8":{"name":"(anonymous_8)","decl":{"start":{"line":55,"column":19},"end":{"line":55,"column":20}},"loc":{"start":{"line":55,"column":24},"end":{"line":55,"column":54}}},"9":{"name":"(anonymous_9)","decl":{"start":{"line":57,"column":30},"end":{"line":57,"column":31}},"loc":{"start":{"line":57,"column":34},"end":{"line":60,"column":11}}},"10":{"name":"(anonymous_10)","decl":{"start":{"line":58,"column":24},"end":{"line":58,"column":27}},"loc":{"start":{"line":58,"column":31},"end":{"line":58,"column":66}}},"11":{"name":"(anonymous_11)","decl":{"start":{"line":59,"column":19},"end":{"line":59,"column":20}},"loc":{"start":{"line":59,"column":24},"end":{"line":59,"column":63}}},"12":{"name":"(anonymous_12)","decl":{"start":{"line":61,"column":38},"end":{"line":61,"column":39}},"loc":{"start":{"line":61,"column":42},"end":{"line":64,"column":11}}},"13":{"name":"(anonymous_13)","decl":{"start":{"line":62,"column":24},"end":{"line":62,"column":27}},"loc":{"start":{"line":62,"column":31},"end":{"line":62,"column":55}}},"14":{"name":"(anonymous_14)","decl":{"start":{"line":62,"column":42},"end":{"line":62,"column":43}},"loc":{"start":{"line":62,"column":47},"end":{"line":62,"column":54}}},"15":{"name":"(anonymous_15)","decl":{"start":{"line":63,"column":19},"end":{"line":63,"column":20}},"loc":{"start":{"line":63,"column":24},"end":{"line":63,"column":63}}},"16":{"name":"(anonymous_16)","decl":{"start":{"line":68,"column":31},"end":{"line":68,"column":32}},"loc":{"start":{"line":69,"column":12},"end":{"line":69,"column":28}}},"17":{"name":"(anonymous_17)","decl":{"start":{"line":78,"column":17},"end":{"line":78,"column":20}},"loc":{"start":{"line":79,"column":4},"end":{"line":80,"column":null}}},"18":{"name":"(anonymous_18)","decl":{"start":{"line":83,"column":19},"end":{"line":83,"column":22}},"loc":{"start":{"line":84,"column":4},"end":{"line":85,"column":null}}},"19":{"name":"(anonymous_19)","decl":{"start":{"line":88,"column":14},"end":{"line":88,"column":17}},"loc":{"start":{"line":89,"column":4},"end":{"line":90,"column":null}}},"20":{"name":"(anonymous_20)","decl":{"start":{"line":93,"column":17},"end":{"line":93,"column":20}},"loc":{"start":{"line":94,"column":4},"end":{"line":95,"column":null}}},"21":{"name":"(anonymous_21)","decl":{"start":{"line":98,"column":22},"end":{"line":98,"column":25}},"loc":{"start":{"line":98,"column":27},"end":{"line":125,"column":3}}},"22":{"name":"(anonymous_22)","decl":{"start":{"line":106,"column":17},"end":{"line":106,"column":20}},"loc":{"start":{"line":106,"column":22},"end":{"line":109,"column":11}}},"23":{"name":"(anonymous_23)","decl":{"start":{"line":107,"column":21},"end":{"line":107,"column":22}},"loc":{"start":{"line":107,"column":26},"end":{"line":107,"column":66}}},"24":{"name":"(anonymous_24)","decl":{"start":{"line":108,"column":19},"end":{"line":108,"column":20}},"loc":{"start":{"line":108,"column":24},"end":{"line":108,"column":40}}},"25":{"name":"(anonymous_25)","decl":{"start":{"line":110,"column":23},"end":{"line":110,"column":26}},"loc":{"start":{"line":110,"column":28},"end":{"line":113,"column":11}}},"26":{"name":"(anonymous_26)","decl":{"start":{"line":112,"column":19},"end":{"line":112,"column":20}},"loc":{"start":{"line":112,"column":24},"end":{"line":112,"column":46}}},"27":{"name":"(anonymous_27)","decl":{"start":{"line":114,"column":23},"end":{"line":114,"column":26}},"loc":{"start":{"line":114,"column":29},"end":{"line":114,"column":64}}},"28":{"name":"(anonymous_28)","decl":{"start":{"line":114,"column":36},"end":{"line":114,"column":37}},"loc":{"start":{"line":114,"column":41},"end":{"line":114,"column":63}}},"29":{"name":"(anonymous_29)","decl":{"start":{"line":115,"column":21},"end":{"line":115,"column":24}},"loc":{"start":{"line":115,"column":27},"end":{"line":115,"column":60}}},"30":{"name":"(anonymous_30)","decl":{"start":{"line":115,"column":34},"end":{"line":115,"column":35}},"loc":{"start":{"line":115,"column":39},"end":{"line":115,"column":59}}},"31":{"name":"(anonymous_31)","decl":{"start":{"line":119,"column":31},"end":{"line":119,"column":32}},"loc":{"start":{"line":120,"column":12},"end":{"line":120,"column":28}}}},"branchMap":{"0":{"loc":{"start":{"line":54,"column":31},"end":{"line":54,"column":87}},"type":"cond-expr","locations":[{"start":{"line":54,"column":49},"end":{"line":54,"column":73}},{"start":{"line":54,"column":76},"end":{"line":54,"column":87}}]},"1":{"loc":{"start":{"line":58,"column":31},"end":{"line":58,"column":66}},"type":"cond-expr","locations":[{"start":{"line":58,"column":49},"end":{"line":58,"column":52}},{"start":{"line":58,"column":55},"end":{"line":58,"column":66}}]},"2":{"loc":{"start":{"line":107,"column":26},"end":{"line":107,"column":66}},"type":"cond-expr","locations":[{"start":{"line":107,"column":45},"end":{"line":107,"column":53}},{"start":{"line":107,"column":56},"end":{"line":107,"column":66}}]}},"s":{"0":0,"1":0,"2":0,"3":0,"4":0,"5":0,"6":0,"7":0,"8":0,"9":0,"10":0,"11":0,"12":0,"13":0,"14":0,"15":0,"16":0,"17":0,"18":0,"19":0,"20":0,"21":0,"22":0,"23":0,"24":0,"25":0,"26":0,"27":0,"28":0,"29":0,"30":0,"31":0,"32":0,"33":0,"34":0,"35":0,"36":0,"37":0,"38":0,"39":0,"40":0,"41":0,"42":0,"43":0},"f":{"0":0,"1":0,"2":0,"3":0,"4":0,"5":0,"6":0,"7":0,"8":0,"9":0,"10":0,"11":0,"12":0,"13":0,"14":0,"15":0,"16":0,"17":0,"18":0,"19":0,"20":0,"21":0,"22":0,"23":0,"24":0,"25":0,"26":0,"27":0,"28":0,"29":0,"30":0,"31":0},"b":{"0":[0,0],"1":[0,0],"2":[0,0]}}
,"/Users/tyrale.bloomfield/wordplay/wordgame/packages/ui/src/stories/WordTrail_ActionBar.stories.tsx": {"path":"/Users/tyrale.bloomfield/wordplay/wordgame/packages/ui/src/stories/WordTrail_ActionBar.stories.tsx","statementMap":{"0":{"start":{"line":8,"column":20},"end":{"line":8,"column":44}},"1":{"start":{"line":10,"column":0},"end":{"line":13,"column":62}},"2":{"start":{"line":11,"column":22},"end":{"line":11,"column":46}},"3":{"start":{"line":12,"column":25},"end":{"line":12,"column":55}},"4":{"start":{"line":13,"column":27},"end":{"line":13,"column":60}},"5":{"start":{"line":15,"column":58},"end":{"line":21,"column":2}},"6":{"start":{"line":23,"column":0},"end":{"line":59,"column":5}},"7":{"start":{"line":25,"column":4},"end":{"line":29,"column":null}},"8":{"start":{"line":26,"column":36},"end":{"line":29,"column":8}},"9":{"start":{"line":33,"column":4},"end":{"line":38,"column":null}},"10":{"start":{"line":34,"column":41},"end":{"line":38,"column":8}},"11":{"start":{"line":42,"column":26},"end":{"line":42,"column":48}},"12":{"start":{"line":43,"column":4},"end":{"line":58,"column":6}},"13":{"start":{"line":46,"column":40},"end":{"line":49,"column":12}},"14":{"start":{"line":48,"column":27},"end":{"line":48,"column":68}},"15":{"start":{"line":48,"column":39},"end":{"line":48,"column":67}},"16":{"start":{"line":54,"column":12},"end":{"line":54,"column":28}}},"fnMap":{"0":{"name":"(anonymous_0)","decl":{"start":{"line":11,"column":16},"end":{"line":11,"column":19}},"loc":{"start":{"line":11,"column":22},"end":{"line":11,"column":46}}},"1":{"name":"(anonymous_1)","decl":{"start":{"line":12,"column":19},"end":{"line":12,"column":22}},"loc":{"start":{"line":12,"column":25},"end":{"line":12,"column":55}}},"2":{"name":"(anonymous_2)","decl":{"start":{"line":13,"column":21},"end":{"line":13,"column":24}},"loc":{"start":{"line":13,"column":27},"end":{"line":13,"column":60}}},"3":{"name":"(anonymous_3)","decl":{"start":{"line":24,"column":22},"end":{"line":24,"column":25}},"loc":{"start":{"line":25,"column":4},"end":{"line":29,"column":null}}},"4":{"name":"(anonymous_4)","decl":{"start":{"line":26,"column":30},"end":{"line":26,"column":31}},"loc":{"start":{"line":26,"column":36},"end":{"line":29,"column":8}}},"5":{"name":"(anonymous_5)","decl":{"start":{"line":28,"column":17},"end":{"line":28,"column":20}},"loc":{"start":{"line":28,"column":22},"end":{"line":28,"column":25}}},"6":{"name":"(anonymous_6)","decl":{"start":{"line":32,"column":24},"end":{"line":32,"column":27}},"loc":{"start":{"line":33,"column":4},"end":{"line":38,"column":null}}},"7":{"name":"(anonymous_7)","decl":{"start":{"line":34,"column":30},"end":{"line":34,"column":31}},"loc":{"start":{"line":34,"column":41},"end":{"line":38,"column":8}}},"8":{"name":"(anonymous_8)","decl":{"start":{"line":36,"column":17},"end":{"line":36,"column":20}},"loc":{"start":{"line":36,"column":22},"end":{"line":36,"column":25}}},"9":{"name":"(anonymous_9)","decl":{"start":{"line":41,"column":26},"end":{"line":41,"column":29}},"loc":{"start":{"line":41,"column":31},"end":{"line":59,"column":3}}},"10":{"name":"(anonymous_10)","decl":{"start":{"line":46,"column":34},"end":{"line":46,"column":35}},"loc":{"start":{"line":46,"column":40},"end":{"line":49,"column":12}}},"11":{"name":"(anonymous_11)","decl":{"start":{"line":48,"column":21},"end":{"line":48,"column":24}},"loc":{"start":{"line":48,"column":27},"end":{"line":48,"column":68}}},"12":{"name":"(anonymous_12)","decl":{"start":{"line":48,"column":34},"end":{"line":48,"column":35}},"loc":{"start":{"line":48,"column":39},"end":{"line":48,"column":67}}},"13":{"name":"(anonymous_13)","decl":{"start":{"line":53,"column":31},"end":{"line":53,"column":32}},"loc":{"start":{"line":54,"column":12},"end":{"line":54,"column":28}}}},"branchMap":{},"s":{"0":0,"1":0,"2":0,"3":0,"4":0,"5":0,"6":0,"7":0,"8":0,"9":0,"10":0,"11":0,"12":0,"13":0,"14":0,"15":0,"16":0},"f":{"0":0,"1":0,"2":0,"3":0,"4":0,"5":0,"6":0,"7":0,"8":0,"9":0,"10":0,"11":0,"12":0,"13":0},"b":{}}
}
