{"/Users/tyrale.bloomfield/wordplay/wordgame/index.ts": {"path":"/Users/tyrale.bloomfield/wordplay/wordgame/index.ts","statementMap":{"0":{"start":{"line":1,"column":0},"end":{"line":1,"column":27}}},"fnMap":{},"branchMap":{},"s":{"0":0},"f":{},"b":{}}
,"/Users/tyrale.bloomfield/wordplay/wordgame/app/_layout.tsx": {"path":"/Users/tyrale.bloomfield/wordplay/wordgame/app/_layout.tsx","statementMap":{"0":{"start":{"line":4,"column":0},"end":{"line":4,"column":24}},"1":{"start":{"line":1,"column":0},"end":{"line":1,"column":36}},"2":{"start":{"line":2,"column":0},"end":{"line":2,"column":44}},"3":{"start":{"line":5,"column":2},"end":{"line":25,"column":4}}},"fnMap":{"0":{"name":"RootLayout","decl":{"start":{"line":4,"column":24},"end":{"line":4,"column":34}},"loc":{"start":{"line":4,"column":34},"end":{"line":26,"column":1}}}},"branchMap":{},"s":{"0":0,"1":0,"2":0,"3":0},"f":{"0":0},"b":{}}
,"/Users/tyrale.bloomfield/wordplay/wordgame/app/game.tsx": {"path":"/Users/tyrale.bloomfield/wordplay/wordgame/app/game.tsx","statementMap":{"0":{"start":{"line":9,"column":0},"end":{"line":9,"column":24}},"1":{"start":{"line":1,"column":0},"end":{"line":1,"column":26}},"2":{"start":{"line":2,"column":0},"end":{"line":2,"column":82}},"3":{"start":{"line":3,"column":0},"end":{"line":3,"column":37}},"4":{"start":{"line":10,"column":40},"end":{"line":10,"column":62}},"5":{"start":{"line":11,"column":28},"end":{"line":11,"column":45}},"6":{"start":{"line":12,"column":36},"end":{"line":12,"column":96}},"7":{"start":{"line":15,"column":22},"end":{"line":15,"column":72}},"8":{"start":{"line":16,"column":26},"end":{"line":16,"column":52}},"9":{"start":{"line":18,"column":28},"end":{"line":21,"column":3}},"10":{"start":{"line":19,"column":4},"end":{"line":19,"column":43}},"11":{"start":{"line":23,"column":27},"end":{"line":26,"column":3}},"12":{"start":{"line":24,"column":4},"end":{"line":24,"column":48}},"13":{"start":{"line":25,"column":4},"end":{"line":25,"column":53}},"14":{"start":{"line":25,"column":21},"end":{"line":25,"column":51}},"15":{"start":{"line":28,"column":2},"end":{"line":97,"column":4}},"16":{"start":{"line":32,"column":41},"end":{"line":32,"column":54}},"17":{"start":{"line":49,"column":12},"end":{"line":50,"column":null}},"18":{"start":{"line":52,"column":29},"end":{"line":52,"column":54}},"19":{"start":{"line":65,"column":12},"end":{"line":65,"column":30}},"20":{"start":{"line":84,"column":25},"end":{"line":84,"column":43}},"21":{"start":{"line":100,"column":15},"end":{"line":244,"column":2}}},"fnMap":{"0":{"name":"GameScreen","decl":{"start":{"line":9,"column":24},"end":{"line":9,"column":34}},"loc":{"start":{"line":9,"column":34},"end":{"line":98,"column":1}}},"1":{"name":"(anonymous_2)","decl":{"start":{"line":18,"column":28},"end":{"line":18,"column":29}},"loc":{"start":{"line":18,"column":47},"end":{"line":21,"column":3}}},"2":{"name":"(anonymous_3)","decl":{"start":{"line":23,"column":27},"end":{"line":23,"column":30}},"loc":{"start":{"line":23,"column":32},"end":{"line":26,"column":3}}},"3":{"name":"(anonymous_4)","decl":{"start":{"line":25,"column":13},"end":{"line":25,"column":17}},"loc":{"start":{"line":25,"column":21},"end":{"line":25,"column":51}}},"4":{"name":"(anonymous_5)","decl":{"start":{"line":32,"column":35},"end":{"line":32,"column":38}},"loc":{"start":{"line":32,"column":41},"end":{"line":32,"column":54}}},"5":{"name":"(anonymous_6)","decl":{"start":{"line":48,"column":27},"end":{"line":48,"column":28}},"loc":{"start":{"line":49,"column":12},"end":{"line":50,"column":null}}},"6":{"name":"(anonymous_7)","decl":{"start":{"line":52,"column":23},"end":{"line":52,"column":26}},"loc":{"start":{"line":52,"column":29},"end":{"line":52,"column":54}}},"7":{"name":"(anonymous_8)","decl":{"start":{"line":64,"column":31},"end":{"line":64,"column":32}},"loc":{"start":{"line":65,"column":12},"end":{"line":65,"column":30}}},"8":{"name":"(anonymous_9)","decl":{"start":{"line":84,"column":19},"end":{"line":84,"column":22}},"loc":{"start":{"line":84,"column":25},"end":{"line":84,"column":43}}}},"branchMap":{"0":{"loc":{"start":{"line":105,"column":16},"end":{"line":105,"column":47}},"type":"cond-expr","locations":[{"start":{"line":105,"column":40},"end":{"line":105,"column":42}},{"start":{"line":105,"column":45},"end":{"line":105,"column":47}}]}},"s":{"0":0,"1":0,"2":0,"3":0,"4":0,"5":0,"6":0,"7":0,"8":0,"9":0,"10":0,"11":0,"12":0,"13":0,"14":0,"15":0,"16":0,"17":0,"18":0,"19":0,"20":0,"21":0},"f":{"0":0,"1":0,"2":0,"3":0,"4":0,"5":0,"6":0,"7":0,"8":0},"b":{"0":[0,0]}}
,"/Users/tyrale.bloomfield/wordplay/wordgame/app/index.tsx": {"path":"/Users/tyrale.bloomfield/wordplay/wordgame/app/index.tsx","statementMap":{"0":{"start":{"line":5,"column":0},"end":{"line":5,"column":24}},"1":{"start":{"line":1,"column":0},"end":{"line":1,"column":26}},"2":{"start":{"line":2,"column":0},"end":{"line":2,"column":76}},"3":{"start":{"line":3,"column":0},"end":{"line":3,"column":35}},"4":{"start":{"line":6,"column":20},"end":{"line":6,"column":55}},"5":{"start":{"line":7,"column":50},"end":{"line":7,"column":67}},"6":{"start":{"line":9,"column":2},"end":{"line":14,"column":9}},"7":{"start":{"line":10,"column":21},"end":{"line":12,"column":12}},"8":{"start":{"line":11,"column":6},"end":{"line":11,"column":67}},"9":{"start":{"line":11,"column":36},"end":{"line":11,"column":65}},"10":{"start":{"line":13,"column":4},"end":{"line":13,"column":41}},"11":{"start":{"line":13,"column":17},"end":{"line":13,"column":40}},"12":{"start":{"line":16,"column":2},"end":{"line":88,"column":4}},"13":{"start":{"line":91,"column":15},"end":{"line":222,"column":2}}},"fnMap":{"0":{"name":"HomeScreen","decl":{"start":{"line":5,"column":24},"end":{"line":5,"column":34}},"loc":{"start":{"line":5,"column":34},"end":{"line":89,"column":1}}},"1":{"name":"(anonymous_2)","decl":{"start":{"line":9,"column":18},"end":{"line":9,"column":21}},"loc":{"start":{"line":9,"column":23},"end":{"line":14,"column":3}}},"2":{"name":"(anonymous_3)","decl":{"start":{"line":10,"column":33},"end":{"line":10,"column":36}},"loc":{"start":{"line":10,"column":38},"end":{"line":12,"column":5}}},"3":{"name":"(anonymous_4)","decl":{"start":{"line":11,"column":26},"end":{"line":11,"column":27}},"loc":{"start":{"line":11,"column":36},"end":{"line":11,"column":65}}},"4":{"name":"(anonymous_5)","decl":{"start":{"line":13,"column":11},"end":{"line":13,"column":14}},"loc":{"start":{"line":13,"column":17},"end":{"line":13,"column":40}}}},"branchMap":{"0":{"loc":{"start":{"line":98,"column":16},"end":{"line":98,"column":47}},"type":"cond-expr","locations":[{"start":{"line":98,"column":40},"end":{"line":98,"column":42}},{"start":{"line":98,"column":45},"end":{"line":98,"column":47}}]},"1":{"loc":{"start":{"line":135,"column":16},"end":{"line":135,"column":61}},"type":"cond-expr","locations":[{"start":{"line":135,"column":40},"end":{"line":135,"column":47}},{"start":{"line":135,"column":50},"end":{"line":135,"column":61}}]}},"s":{"0":0,"1":0,"2":0,"3":0,"4":0,"5":0,"6":0,"7":0,"8":0,"9":0,"10":0,"11":0,"12":0,"13":0},"f":{"0":0,"1":0,"2":0,"3":0,"4":0},"b":{"0":[0,0],"1":[0,0]}}
,"/Users/tyrale.bloomfield/wordplay/wordgame/packages/ai/src/bot-behavior.ts": {"path":"/Users/tyrale.bloomfield/wordplay/wordgame/packages/ai/src/bot-behavior.ts","statementMap":{"0":{"start":{"line":119,"column":0},"end":{"line":119,"column":16}},"1":{"start":{"line":159,"column":9},"end":{"line":159,"column":22}},"2":{"start":{"line":4,"column":0},"end":{"line":4,"column":9}},"3":{"start":{"line":159,"column":24},"end":{"line":4,"column":65}},"4":{"start":{"line":5,"column":0},"end":{"line":5,"column":59}},"5":{"start":{"line":14,"column":2},"end":{"line":14,"column":33}},"6":{"start":{"line":14,"column":23},"end":{"line":14,"column":33}},"7":{"start":{"line":15,"column":31},"end":{"line":15,"column":40}},"8":{"start":{"line":17,"column":4},"end":{"line":20,"column":5}},"9":{"start":{"line":18,"column":6},"end":{"line":18,"column":32}},"10":{"start":{"line":19,"column":6},"end":{"line":19,"column":13}},"11":{"start":{"line":21,"column":4},"end":{"line":25,"column":5}},"12":{"start":{"line":21,"column":17},"end":{"line":21,"column":18}},"13":{"start":{"line":22,"column":6},"end":{"line":22,"column":42}},"14":{"start":{"line":23,"column":6},"end":{"line":23,"column":26}},"15":{"start":{"line":24,"column":6},"end":{"line":24,"column":42}},"16":{"start":{"line":27,"column":2},"end":{"line":27,"column":29}},"17":{"start":{"line":28,"column":2},"end":{"line":28,"column":23}},"18":{"start":{"line":29,"column":2},"end":{"line":29,"column":29}},"19":{"start":{"line":33,"column":57},"end":{"line":33,"column":59}},"20":{"start":{"line":34,"column":21},"end":{"line":34,"column":52}},"21":{"start":{"line":37,"column":25},"end":{"line":41,"column":3}},"22":{"start":{"line":38,"column":4},"end":{"line":40,"column":5}},"23":{"start":{"line":39,"column":6},"end":{"line":39,"column":36}},"24":{"start":{"line":44,"column":2},"end":{"line":63,"column":3}},"25":{"start":{"line":46,"column":4},"end":{"line":62,"column":5}},"26":{"start":{"line":46,"column":17},"end":{"line":46,"column":18}},"27":{"start":{"line":47,"column":6},"end":{"line":47,"column":49}},"28":{"start":{"line":47,"column":40},"end":{"line":47,"column":49}},"29":{"start":{"line":48,"column":23},"end":{"line":48,"column":85}},"30":{"start":{"line":49,"column":6},"end":{"line":52,"column":9}},"31":{"start":{"line":55,"column":6},"end":{"line":61,"column":7}},"32":{"start":{"line":56,"column":8},"end":{"line":60,"column":11}},"33":{"start":{"line":65,"column":2},"end":{"line":79,"column":3}},"34":{"start":{"line":67,"column":4},"end":{"line":78,"column":5}},"35":{"start":{"line":67,"column":17},"end":{"line":67,"column":18}},"36":{"start":{"line":68,"column":20},"end":{"line":68,"column":78}},"37":{"start":{"line":69,"column":6},"end":{"line":69,"column":79}},"38":{"start":{"line":72,"column":6},"end":{"line":77,"column":7}},"39":{"start":{"line":73,"column":8},"end":{"line":76,"column":11}},"40":{"start":{"line":81,"column":2},"end":{"line":95,"column":3}},"41":{"start":{"line":83,"column":4},"end":{"line":94,"column":5}},"42":{"start":{"line":83,"column":17},"end":{"line":83,"column":18}},"43":{"start":{"line":84,"column":22},"end":{"line":84,"column":72}},"44":{"start":{"line":85,"column":6},"end":{"line":85,"column":89}},"45":{"start":{"line":88,"column":6},"end":{"line":93,"column":7}},"46":{"start":{"line":89,"column":8},"end":{"line":92,"column":11}},"47":{"start":{"line":97,"column":2},"end":{"line":97,"column":15}},"48":{"start":{"line":101,"column":17},"end":{"line":101,"column":73}},"49":{"start":{"line":102,"column":2},"end":{"line":105,"column":3}},"50":{"start":{"line":103,"column":4},"end":{"line":103,"column":26}},"51":{"start":{"line":104,"column":4},"end":{"line":104,"column":33}},"52":{"start":{"line":104,"column":27},"end":{"line":104,"column":33}},"53":{"start":{"line":106,"column":32},"end":{"line":106,"column":34}},"54":{"start":{"line":107,"column":2},"end":{"line":112,"column":3}},"55":{"start":{"line":108,"column":4},"end":{"line":111,"column":5}},"56":{"start":{"line":109,"column":20},"end":{"line":109,"column":68}},"57":{"start":{"line":110,"column":6},"end":{"line":110,"column":48}},"58":{"start":{"line":113,"column":2},"end":{"line":113,"column":20}},"59":{"start":{"line":121,"column":54},"end":{"line":121,"column":82}},"60":{"start":{"line":122,"column":30},"end":{"line":122,"column":32}},"61":{"start":{"line":125,"column":2},"end":{"line":129,"column":3}},"62":{"start":{"line":126,"column":23},"end":{"line":126,"column":72}},"63":{"start":{"line":127,"column":4},"end":{"line":127,"column":67}},"64":{"start":{"line":128,"column":4},"end":{"line":128,"column":37}},"65":{"start":{"line":128,"column":31},"end":{"line":128,"column":37}},"66":{"start":{"line":132,"column":2},"end":{"line":138,"column":3}},"67":{"start":{"line":133,"column":4},"end":{"line":137,"column":5}},"68":{"start":{"line":134,"column":25},"end":{"line":134,"column":75}},"69":{"start":{"line":135,"column":6},"end":{"line":135,"column":69}},"70":{"start":{"line":136,"column":6},"end":{"line":136,"column":39}},"71":{"start":{"line":136,"column":33},"end":{"line":136,"column":39}},"72":{"start":{"line":141,"column":15},"end":{"line":141,"column":92}},"73":{"start":{"line":141,"column":35},"end":{"line":141,"column":92}},"74":{"start":{"line":141,"column":57},"end":{"line":141,"column":82}},"75":{"start":{"line":142,"column":38},"end":{"line":142,"column":47}},"76":{"start":{"line":143,"column":2},"end":{"line":145,"column":3}},"77":{"start":{"line":144,"column":4},"end":{"line":144,"column":32}},"78":{"start":{"line":148,"column":2},"end":{"line":154,"column":1}},"79":{"start":{"line":149,"column":2},"end":{"line":153,"column":4}},"80":{"start":{"line":156,"column":2},"end":{"line":156,"column":18}}},"fnMap":{"0":{"name":"(anonymous_0)","decl":{"start":{"line":159,"column":24},"end":{"line":159,"column":33}},"loc":{"start":{"line":159,"column":24},"end":{"line":4,"column":65}}},"1":{"name":"getAnagrams","decl":{"start":{"line":13,"column":9},"end":{"line":13,"column":20}},"loc":{"start":{"line":13,"column":33},"end":{"line":30,"column":1}}},"2":{"name":"permute","decl":{"start":{"line":16,"column":11},"end":{"line":16,"column":18}},"loc":{"start":{"line":16,"column":43},"end":{"line":26,"column":3}}},"3":{"name":"generateMoves","decl":{"start":{"line":32,"column":9},"end":{"line":32,"column":22}},"loc":{"start":{"line":32,"column":123},"end":{"line":98,"column":1}}},"4":{"name":"(anonymous_4)","decl":{"start":{"line":37,"column":25},"end":{"line":37,"column":26}},"loc":{"start":{"line":37,"column":65},"end":{"line":41,"column":3}}},"5":{"name":"getValidMoves","decl":{"start":{"line":100,"column":9},"end":{"line":100,"column":22}},"loc":{"start":{"line":100,"column":114},"end":{"line":114,"column":1}}},"6":{"name":"chooseBestMove","decl":{"start":{"line":119,"column":16},"end":{"line":119,"column":30}},"loc":{"start":{"line":119,"column":69},"end":{"line":157,"column":1}}},"7":{"name":"(anonymous_7)","decl":{"start":{"line":141,"column":15},"end":{"line":141,"column":16}},"loc":{"start":{"line":141,"column":35},"end":{"line":141,"column":92}}},"8":{"name":"(anonymous_8)","decl":{"start":{"line":141,"column":46},"end":{"line":141,"column":47}},"loc":{"start":{"line":141,"column":57},"end":{"line":141,"column":82}}}},"branchMap":{"0":{"loc":{"start":{"line":14,"column":2},"end":{"line":14,"column":33}},"type":"if","locations":[{"start":{"line":14,"column":2},"end":{"line":14,"column":33}}]},"1":{"loc":{"start":{"line":17,"column":4},"end":{"line":20,"column":5}},"type":"if","locations":[{"start":{"line":17,"column":4},"end":{"line":20,"column":5}}]},"2":{"loc":{"start":{"line":38,"column":4},"end":{"line":40,"column":5}},"type":"if","locations":[{"start":{"line":38,"column":4},"end":{"line":40,"column":5}}]},"3":{"loc":{"start":{"line":38,"column":8},"end":{"line":38,"column":47}},"type":"binary-expr","locations":[{"start":{"line":38,"column":8},"end":{"line":38,"column":19}},{"start":{"line":38,"column":23},"end":{"line":38,"column":47}}]},"4":{"loc":{"start":{"line":44,"column":2},"end":{"line":63,"column":3}},"type":"if","locations":[{"start":{"line":44,"column":2},"end":{"line":63,"column":3}}]},"5":{"loc":{"start":{"line":44,"column":6},"end":{"line":44,"column":41}},"type":"binary-expr","locations":[{"start":{"line":44,"column":6},"end":{"line":44,"column":15}},{"start":{"line":44,"column":19},"end":{"line":44,"column":41}}]},"6":{"loc":{"start":{"line":47,"column":6},"end":{"line":47,"column":49}},"type":"if","locations":[{"start":{"line":47,"column":6},"end":{"line":47,"column":49}}]},"7":{"loc":{"start":{"line":65,"column":2},"end":{"line":79,"column":3}},"type":"if","locations":[{"start":{"line":65,"column":2},"end":{"line":79,"column":3}}]},"8":{"loc":{"start":{"line":65,"column":6},"end":{"line":65,"column":37}},"type":"binary-expr","locations":[{"start":{"line":65,"column":6},"end":{"line":65,"column":15}},{"start":{"line":65,"column":19},"end":{"line":65,"column":37}}]},"9":{"loc":{"start":{"line":81,"column":2},"end":{"line":95,"column":3}},"type":"if","locations":[{"start":{"line":81,"column":2},"end":{"line":95,"column":3}}]},"10":{"loc":{"start":{"line":81,"column":6},"end":{"line":81,"column":40}},"type":"binary-expr","locations":[{"start":{"line":81,"column":6},"end":{"line":81,"column":15}},{"start":{"line":81,"column":19},"end":{"line":81,"column":40}}]},"11":{"loc":{"start":{"line":104,"column":4},"end":{"line":104,"column":33}},"type":"if","locations":[{"start":{"line":104,"column":4},"end":{"line":104,"column":33}}]},"12":{"loc":{"start":{"line":108,"column":4},"end":{"line":111,"column":5}},"type":"if","locations":[{"start":{"line":108,"column":4},"end":{"line":111,"column":5}}]},"13":{"loc":{"start":{"line":128,"column":4},"end":{"line":128,"column":37}},"type":"if","locations":[{"start":{"line":128,"column":4},"end":{"line":128,"column":37}}]},"14":{"loc":{"start":{"line":132,"column":2},"end":{"line":138,"column":3}},"type":"if","locations":[{"start":{"line":132,"column":2},"end":{"line":138,"column":3}}]},"15":{"loc":{"start":{"line":136,"column":6},"end":{"line":136,"column":39}},"type":"if","locations":[{"start":{"line":136,"column":6},"end":{"line":136,"column":39}}]},"16":{"loc":{"start":{"line":141,"column":57},"end":{"line":141,"column":82}},"type":"cond-expr","locations":[{"start":{"line":141,"column":77},"end":{"line":141,"column":78}},{"start":{"line":141,"column":81},"end":{"line":141,"column":82}}]},"17":{"loc":{"start":{"line":143,"column":2},"end":{"line":145,"column":3}},"type":"if","locations":[{"start":{"line":143,"column":2},"end":{"line":145,"column":3}}]},"18":{"loc":{"start":{"line":148,"column":2},"end":{"line":154,"column":1}},"type":"if","locations":[{"start":{"line":148,"column":2},"end":{"line":154,"column":1}}]}},"s":{"0":1,"1":1,"2":1,"3":601,"4":1,"5":401,"6":0,"7":401,"8":17173,"9":10050,"10":10050,"11":7123,"12":7123,"13":16772,"14":16772,"15":16772,"16":401,"17":401,"18":401,"19":103,"20":103,"21":103,"22":9390,"23":9390,"24":103,"25":102,"26":102,"27":407,"28":11,"29":396,"30":396,"31":396,"32":8394,"33":103,"34":1,"35":1,"36":5,"37":5,"38":5,"39":595,"40":103,"41":0,"42":0,"43":0,"44":0,"45":0,"46":0,"47":103,"48":102,"49":102,"50":1020,"51":1020,"52":102,"53":102,"54":102,"55":1020,"56":1020,"57":1020,"58":102,"59":102,"60":102,"61":102,"62":102,"63":102,"64":102,"65":102,"66":102,"67":0,"68":0,"69":0,"70":0,"71":0,"72":102,"73":102,"74":1020,"75":102,"76":102,"77":102,"78":102,"79":0,"80":102},"f":{"0":600,"1":401,"2":17173,"3":103,"4":9390,"5":102,"6":102,"7":102,"8":1020},"b":{"0":[0],"1":[10050],"2":[9390],"3":[9390,9390],"4":[102],"5":[103,103],"6":[11],"7":[1],"8":[103,103],"9":[0],"10":[103,103],"11":[102],"12":[1020],"13":[102],"14":[0],"15":[0],"16":[102,918],"17":[102],"18":[0]}}
,"/Users/tyrale.bloomfield/wordplay/wordgame/packages/engine/src/bots.ts": {"path":"/Users/tyrale.bloomfield/wordplay/wordgame/packages/engine/src/bots.ts","statementMap":{"0":{"start":{"line":68,"column":0},"end":{"line":68,"column":16}},"1":{"start":{"line":72,"column":0},"end":{"line":72,"column":16}},"2":{"start":{"line":26,"column":13},"end":{"line":66,"column":2}},"3":{"start":{"line":69,"column":2},"end":{"line":69,"column":26}},"4":{"start":{"line":73,"column":2},"end":{"line":73,"column":24}}},"fnMap":{"0":{"name":"isBotPlayer","decl":{"start":{"line":68,"column":16},"end":{"line":68,"column":27}},"loc":{"start":{"line":68,"column":44},"end":{"line":70,"column":1}}},"1":{"name":"getBotPersonality","decl":{"start":{"line":72,"column":16},"end":{"line":72,"column":33}},"loc":{"start":{"line":72,"column":50},"end":{"line":74,"column":1}}}},"branchMap":{},"s":{"0":0,"1":0,"2":0,"3":0,"4":0},"f":{"0":0,"1":0},"b":{}}
,"/Users/tyrale.bloomfield/wordplay/wordgame/packages/engine/src/dictionary.ts": {"path":"/Users/tyrale.bloomfield/wordplay/wordgame/packages/engine/src/dictionary.ts","statementMap":{"0":{"start":{"line":45,"column":0},"end":{"line":45,"column":16}},"1":{"start":{"line":81,"column":0},"end":{"line":81,"column":16}},"2":{"start":{"line":91,"column":0},"end":{"line":91,"column":16}},"3":{"start":{"line":108,"column":0},"end":{"line":108,"column":16}},"4":{"start":{"line":126,"column":0},"end":{"line":126,"column":16}},"5":{"start":{"line":1,"column":0},"end":{"line":1,"column":31}},"6":{"start":{"line":3,"column":0},"end":{"line":3,"column":67}},"7":{"start":{"line":5,"column":0},"end":{"line":5,"column":62}},"8":{"start":{"line":7,"column":30},"end":{"line":7,"column":56}},"9":{"start":{"line":8,"column":63},"end":{"line":8,"column":118}},"10":{"start":{"line":9,"column":19},"end":{"line":9,"column":75}},"11":{"start":{"line":9,"column":63},"end":{"line":9,"column":73}},"12":{"start":{"line":12,"column":15},"end":{"line":12,"column":27}},"13":{"start":{"line":33,"column":20},"end":{"line":33,"column":48}},"14":{"start":{"line":46,"column":2},"end":{"line":46,"column":26}},"15":{"start":{"line":46,"column":13},"end":{"line":46,"column":26}},"16":{"start":{"line":49,"column":2},"end":{"line":51,"column":3}},"17":{"start":{"line":50,"column":4},"end":{"line":50,"column":16}},"18":{"start":{"line":53,"column":20},"end":{"line":53,"column":38}},"19":{"start":{"line":56,"column":2},"end":{"line":58,"column":3}},"20":{"start":{"line":57,"column":4},"end":{"line":57,"column":17}},"21":{"start":{"line":61,"column":2},"end":{"line":70,"column":3}},"22":{"start":{"line":63,"column":4},"end":{"line":68,"column":5}},"23":{"start":{"line":64,"column":25},"end":{"line":64,"column":73}},"24":{"start":{"line":65,"column":6},"end":{"line":67,"column":7}},"25":{"start":{"line":66,"column":8},"end":{"line":66,"column":21}},"26":{"start":{"line":69,"column":4},"end":{"line":69,"column":16}},"27":{"start":{"line":73,"column":2},"end":{"line":73,"column":15}},"28":{"start":{"line":82,"column":20},"end":{"line":82,"column":38}},"29":{"start":{"line":83,"column":2},"end":{"line":83,"column":65}},"30":{"start":{"line":92,"column":2},"end":{"line":92,"column":23}},"31":{"start":{"line":92,"column":13},"end":{"line":92,"column":23}},"32":{"start":{"line":94,"column":20},"end":{"line":94,"column":38}},"33":{"start":{"line":96,"column":2},"end":{"line":98,"column":3}},"34":{"start":{"line":97,"column":4},"end":{"line":97,"column":40}},"35":{"start":{"line":100,"column":2},"end":{"line":100,"column":19}},"36":{"start":{"line":109,"column":2},"end":{"line":109,"column":20}},"37":{"start":{"line":109,"column":13},"end":{"line":109,"column":20}},"38":{"start":{"line":111,"column":20},"end":{"line":111,"column":38}},"39":{"start":{"line":113,"column":2},"end":{"line":117,"column":3}},"40":{"start":{"line":114,"column":4},"end":{"line":114,"column":31}},"41":{"start":{"line":116,"column":4},"end":{"line":116,"column":30}},"42":{"start":{"line":127,"column":2},"end":{"line":127,"column":47}}},"fnMap":{"0":{"name":"(anonymous_1)","decl":{"start":{"line":9,"column":54},"end":{"line":9,"column":59}},"loc":{"start":{"line":9,"column":63},"end":{"line":9,"column":73}}},"1":{"name":"validateWord","decl":{"start":{"line":45,"column":16},"end":{"line":45,"column":28}},"loc":{"start":{"line":45,"column":88},"end":{"line":74,"column":1}}},"2":{"name":"isInDictionary","decl":{"start":{"line":81,"column":16},"end":{"line":81,"column":30}},"loc":{"start":{"line":81,"column":43},"end":{"line":84,"column":1}}},"3":{"name":"censorWord","decl":{"start":{"line":91,"column":16},"end":{"line":91,"column":26}},"loc":{"start":{"line":91,"column":39},"end":{"line":101,"column":1}}},"4":{"name":"addWord","decl":{"start":{"line":108,"column":16},"end":{"line":108,"column":23}},"loc":{"start":{"line":108,"column":66},"end":{"line":118,"column":1}}},"5":{"name":"getWordLengthDifference","decl":{"start":{"line":126,"column":16},"end":{"line":126,"column":39}},"loc":{"start":{"line":126,"column":68},"end":{"line":128,"column":1}}}},"branchMap":{"0":{"loc":{"start":{"line":45,"column":66},"end":{"line":45,"column":88}},"type":"default-arg","locations":[{"start":{"line":45,"column":83},"end":{"line":45,"column":88}}]},"1":{"loc":{"start":{"line":46,"column":2},"end":{"line":46,"column":26}},"type":"if","locations":[{"start":{"line":46,"column":2},"end":{"line":46,"column":26}}]},"2":{"loc":{"start":{"line":49,"column":2},"end":{"line":51,"column":3}},"type":"if","locations":[{"start":{"line":49,"column":2},"end":{"line":51,"column":3}}]},"3":{"loc":{"start":{"line":56,"column":2},"end":{"line":58,"column":3}},"type":"if","locations":[{"start":{"line":56,"column":2},"end":{"line":58,"column":3}}]},"4":{"loc":{"start":{"line":61,"column":2},"end":{"line":70,"column":3}},"type":"if","locations":[{"start":{"line":61,"column":2},"end":{"line":70,"column":3}}]},"5":{"loc":{"start":{"line":61,"column":6},"end":{"line":61,"column":61}},"type":"binary-expr","locations":[{"start":{"line":61,"column":6},"end":{"line":61,"column":32}},{"start":{"line":61,"column":36},"end":{"line":61,"column":61}}]},"6":{"loc":{"start":{"line":63,"column":4},"end":{"line":68,"column":5}},"type":"if","locations":[{"start":{"line":63,"column":4},"end":{"line":68,"column":5}}]},"7":{"loc":{"start":{"line":65,"column":6},"end":{"line":67,"column":7}},"type":"if","locations":[{"start":{"line":65,"column":6},"end":{"line":67,"column":7}}]},"8":{"loc":{"start":{"line":83,"column":9},"end":{"line":83,"column":64}},"type":"binary-expr","locations":[{"start":{"line":83,"column":9},"end":{"line":83,"column":35}},{"start":{"line":83,"column":39},"end":{"line":83,"column":64}}]},"9":{"loc":{"start":{"line":92,"column":2},"end":{"line":92,"column":23}},"type":"if","locations":[{"start":{"line":92,"column":2},"end":{"line":92,"column":23}}]},"10":{"loc":{"start":{"line":96,"column":2},"end":{"line":98,"column":3}},"type":"if","locations":[{"start":{"line":96,"column":2},"end":{"line":98,"column":3}}]},"11":{"loc":{"start":{"line":109,"column":2},"end":{"line":109,"column":20}},"type":"if","locations":[{"start":{"line":109,"column":2},"end":{"line":109,"column":20}}]},"12":{"loc":{"start":{"line":113,"column":2},"end":{"line":117,"column":3}},"type":"if","locations":[{"start":{"line":113,"column":2},"end":{"line":117,"column":3}},{"start":{"line":115,"column":9},"end":{"line":117,"column":3}}]}},"s":{"0":2,"1":2,"2":2,"3":2,"4":2,"5":2,"6":2,"7":2,"8":2,"9":2,"10":2,"11":12858,"12":2,"13":2,"14":1148,"15":1,"16":1147,"17":1126,"18":21,"19":21,"20":3,"21":18,"22":17,"23":4,"24":4,"25":1,"26":16,"27":1,"28":3,"29":3,"30":4,"31":1,"32":3,"33":3,"34":1,"35":2,"36":3,"37":0,"38":3,"39":3,"40":2,"41":1,"42":4},"f":{"0":12858,"1":1148,"2":3,"3":4,"4":3,"5":4},"b":{"0":[22],"1":[1],"2":[1126],"3":[3],"4":[17],"5":[18,5],"6":[4],"7":[1],"8":[3,2],"9":[1],"10":[1],"11":[0],"12":[2,1]}}
,"/Users/tyrale.bloomfield/wordplay/wordgame/packages/engine/src/gameState.ts": {"path":"/Users/tyrale.bloomfield/wordplay/wordgame/packages/engine/src/gameState.ts","statementMap":{"0":{"start":{"line":2,"column":0},"end":{"line":2,"column":46}},"1":{"start":{"line":18,"column":13},"end":{"line":34,"column":4}},"2":{"start":{"line":18,"column":151},"end":{"line":34,"column":2}},"3":{"start":{"line":22,"column":29},"end":{"line":22,"column":50}},"4":{"start":{"line":22,"column":40},"end":{"line":22,"column":48}},"5":{"start":{"line":23,"column":36},"end":{"line":23,"column":99}},"6":{"start":{"line":23,"column":52},"end":{"line":23,"column":97}},"7":{"start":{"line":24,"column":39},"end":{"line":24,"column":125}},"8":{"start":{"line":24,"column":55},"end":{"line":24,"column":123}},"9":{"start":{"line":24,"column":108},"end":{"line":24,"column":120}},"10":{"start":{"line":25,"column":39},"end":{"line":25,"column":108}},"11":{"start":{"line":25,"column":55},"end":{"line":25,"column":106}},"12":{"start":{"line":26,"column":42},"end":{"line":26,"column":134}},"13":{"start":{"line":26,"column":58},"end":{"line":26,"column":132}},"14":{"start":{"line":26,"column":117},"end":{"line":26,"column":129}},"15":{"start":{"line":27,"column":44},"end":{"line":32,"column":4}},"16":{"start":{"line":28,"column":16},"end":{"line":28,"column":36}},"17":{"start":{"line":29,"column":20},"end":{"line":29,"column":39}},"18":{"start":{"line":30,"column":4},"end":{"line":30,"column":29}},"19":{"start":{"line":31,"column":4},"end":{"line":31,"column":34}},"20":{"start":{"line":33,"column":91},"end":{"line":33,"column":152}},"21":{"start":{"line":33,"column":102},"end":{"line":33,"column":150}}},"fnMap":{"0":{"name":"(anonymous_0)","decl":{"start":{"line":18,"column":51},"end":{"line":18,"column":52}},"loc":{"start":{"line":18,"column":151},"end":{"line":34,"column":2}}},"1":{"name":"(anonymous_1)","decl":{"start":{"line":22,"column":11},"end":{"line":22,"column":12}},"loc":{"start":{"line":22,"column":29},"end":{"line":22,"column":50}}},"2":{"name":"(anonymous_2)","decl":{"start":{"line":22,"column":33},"end":{"line":22,"column":36}},"loc":{"start":{"line":22,"column":40},"end":{"line":22,"column":48}}},"3":{"name":"(anonymous_3)","decl":{"start":{"line":23,"column":16},"end":{"line":23,"column":17}},"loc":{"start":{"line":23,"column":36},"end":{"line":23,"column":99}}},"4":{"name":"(anonymous_4)","decl":{"start":{"line":23,"column":40},"end":{"line":23,"column":41}},"loc":{"start":{"line":23,"column":52},"end":{"line":23,"column":97}}},"5":{"name":"(anonymous_5)","decl":{"start":{"line":24,"column":19},"end":{"line":24,"column":20}},"loc":{"start":{"line":24,"column":39},"end":{"line":24,"column":125}}},"6":{"name":"(anonymous_6)","decl":{"start":{"line":24,"column":43},"end":{"line":24,"column":44}},"loc":{"start":{"line":24,"column":55},"end":{"line":24,"column":123}}},"7":{"name":"(anonymous_7)","decl":{"start":{"line":24,"column":93},"end":{"line":24,"column":94}},"loc":{"start":{"line":24,"column":108},"end":{"line":24,"column":120}}},"8":{"name":"(anonymous_8)","decl":{"start":{"line":25,"column":19},"end":{"line":25,"column":20}},"loc":{"start":{"line":25,"column":39},"end":{"line":25,"column":108}}},"9":{"name":"(anonymous_9)","decl":{"start":{"line":25,"column":43},"end":{"line":25,"column":44}},"loc":{"start":{"line":25,"column":55},"end":{"line":25,"column":106}}},"10":{"name":"(anonymous_10)","decl":{"start":{"line":26,"column":22},"end":{"line":26,"column":23}},"loc":{"start":{"line":26,"column":42},"end":{"line":26,"column":134}}},"11":{"name":"(anonymous_11)","decl":{"start":{"line":26,"column":46},"end":{"line":26,"column":47}},"loc":{"start":{"line":26,"column":58},"end":{"line":26,"column":132}}},"12":{"name":"(anonymous_12)","decl":{"start":{"line":26,"column":102},"end":{"line":26,"column":103}},"loc":{"start":{"line":26,"column":117},"end":{"line":26,"column":129}}},"13":{"name":"(anonymous_13)","decl":{"start":{"line":27,"column":14},"end":{"line":27,"column":15}},"loc":{"start":{"line":27,"column":44},"end":{"line":32,"column":4}}},"14":{"name":"(anonymous_14)","decl":{"start":{"line":27,"column":48},"end":{"line":27,"column":49}},"loc":{"start":{"line":27,"column":58},"end":{"line":32,"column":3}}},"15":{"name":"(anonymous_15)","decl":{"start":{"line":33,"column":9},"end":{"line":33,"column":10}},"loc":{"start":{"line":33,"column":91},"end":{"line":33,"column":152}}},"16":{"name":"(anonymous_16)","decl":{"start":{"line":33,"column":95},"end":{"line":33,"column":98}},"loc":{"start":{"line":33,"column":102},"end":{"line":33,"column":150}}}},"branchMap":{"0":{"loc":{"start":{"line":33,"column":31},"end":{"line":33,"column":56}},"type":"default-arg","locations":[{"start":{"line":33,"column":54},"end":{"line":33,"column":56}}]},"1":{"loc":{"start":{"line":33,"column":58},"end":{"line":33,"column":86}},"type":"default-arg","locations":[{"start":{"line":33,"column":84},"end":{"line":33,"column":86}}]}},"s":{"0":1,"1":1,"2":1,"3":3,"4":3,"5":3,"6":3,"7":1,"8":1,"9":2,"10":3,"11":3,"12":1,"13":1,"14":2,"15":2,"16":2,"17":2,"18":2,"19":2,"20":6,"21":6},"f":{"0":1,"1":3,"2":3,"3":3,"4":3,"5":1,"6":1,"7":2,"8":3,"9":3,"10":1,"11":1,"12":2,"13":2,"14":2,"15":6,"16":6},"b":{"0":[0],"1":[0]}}
,"/Users/tyrale.bloomfield/wordplay/wordgame/packages/engine/src/index.ts": {"path":"/Users/tyrale.bloomfield/wordplay/wordgame/packages/engine/src/index.ts","statementMap":{"0":{"start":{"line":1,"column":0},"end":{"line":1,"column":29}}},"fnMap":{},"branchMap":{},"s":{"0":0},"f":{},"b":{}}
,"/Users/tyrale.bloomfield/wordplay/wordgame/packages/engine/src/scoring.ts": {"path":"/Users/tyrale.bloomfield/wordplay/wordgame/packages/engine/src/scoring.ts","statementMap":{"0":{"start":{"line":42,"column":0},"end":{"line":42,"column":16}},"1":{"start":{"line":48,"column":14},"end":{"line":48,"column":15}},"2":{"start":{"line":51,"column":2},"end":{"line":59,"column":3}},"3":{"start":{"line":52,"column":4},"end":{"line":58,"column":5}},"4":{"start":{"line":56,"column":8},"end":{"line":56,"column":19}},"5":{"start":{"line":57,"column":8},"end":{"line":57,"column":14}},"6":{"start":{"line":62,"column":2},"end":{"line":64,"column":3}},"7":{"start":{"line":63,"column":4},"end":{"line":63,"column":15}},"8":{"start":{"line":66,"column":2},"end":{"line":66,"column":15}}},"fnMap":{"0":{"name":"scoreTurn","decl":{"start":{"line":42,"column":16},"end":{"line":42,"column":25}},"loc":{"start":{"line":46,"column":20},"end":{"line":67,"column":1}}}},"branchMap":{"0":{"loc":{"start":{"line":52,"column":4},"end":{"line":58,"column":5}},"type":"switch","locations":[{"start":{"line":53,"column":6},"end":{"line":53,"column":17}},{"start":{"line":54,"column":6},"end":{"line":54,"column":20}},{"start":{"line":55,"column":6},"end":{"line":57,"column":14}}]},"1":{"loc":{"start":{"line":62,"column":2},"end":{"line":64,"column":3}},"type":"if","locations":[{"start":{"line":62,"column":2},"end":{"line":64,"column":3}}]},"2":{"loc":{"start":{"line":62,"column":6},"end":{"line":62,"column":46}},"type":"binary-expr","locations":[{"start":{"line":62,"column":6},"end":{"line":62,"column":15}},{"start":{"line":62,"column":19},"end":{"line":62,"column":46}}]}},"s":{"0":2,"1":1635,"2":1635,"3":4175,"4":4175,"5":4175,"6":1635,"7":1625,"8":1635},"f":{"0":1635},"b":{"0":[1631,2658,4175],"1":[1625],"2":[1635,1625]}}
,"/Users/tyrale.bloomfield/wordplay/wordgame/packages/ui/.storybook/vitest.setup.ts": {"path":"/Users/tyrale.bloomfield/wordplay/wordgame/packages/ui/.storybook/vitest.setup.ts","statementMap":{"0":{"start":{"line":1,"column":0},"end":{"line":1,"column":70}},"1":{"start":{"line":2,"column":0},"end":{"line":2,"column":62}},"2":{"start":{"line":3,"column":0},"end":{"line":3,"column":48}},"3":{"start":{"line":7,"column":0},"end":{"line":7,"column":66}}},"fnMap":{},"branchMap":{},"s":{"0":0,"1":0,"2":0,"3":0},"f":{},"b":{}}
,"/Users/tyrale.bloomfield/wordplay/wordgame/packages/ui/src/index.ts": {"path":"/Users/tyrale.bloomfield/wordplay/wordgame/packages/ui/src/index.ts","statementMap":{"0":{"start":{"line":9,"column":0},"end":{"line":9,"column":9}},"1":{"start":{"line":9,"column":9},"end":{"line":9,"column":57}},"2":{"start":{"line":10,"column":0},"end":{"line":10,"column":9}},"3":{"start":{"line":10,"column":9},"end":{"line":10,"column":53}},"4":{"start":{"line":11,"column":0},"end":{"line":11,"column":9}},"5":{"start":{"line":11,"column":9},"end":{"line":11,"column":51}},"6":{"start":{"line":12,"column":0},"end":{"line":12,"column":9}},"7":{"start":{"line":12,"column":9},"end":{"line":12,"column":51}}},"fnMap":{"0":{"name":"(anonymous_0)","decl":{"start":{"line":9,"column":9},"end":{"line":9,"column":21}},"loc":{"start":{"line":9,"column":9},"end":{"line":9,"column":57}}},"1":{"name":"(anonymous_1)","decl":{"start":{"line":10,"column":9},"end":{"line":10,"column":19}},"loc":{"start":{"line":10,"column":9},"end":{"line":10,"column":53}}},"2":{"name":"(anonymous_2)","decl":{"start":{"line":11,"column":9},"end":{"line":11,"column":18}},"loc":{"start":{"line":11,"column":9},"end":{"line":11,"column":51}}},"3":{"name":"(anonymous_3)","decl":{"start":{"line":12,"column":9},"end":{"line":12,"column":18}},"loc":{"start":{"line":12,"column":9},"end":{"line":12,"column":51}}}},"branchMap":{},"s":{"0":0,"1":0,"2":0,"3":0,"4":0,"5":0,"6":0,"7":0},"f":{"0":0,"1":0,"2":0,"3":0},"b":{}}
,"/Users/tyrale.bloomfield/wordplay/wordgame/packages/ui/src/components/ActionBar.tsx": {"path":"/Users/tyrale.bloomfield/wordplay/wordgame/packages/ui/src/components/ActionBar.tsx","statementMap":{"0":{"start":{"line":2,"column":0},"end":{"line":2,"column":72}},"1":{"start":{"line":20,"column":42},"end":{"line":26,"column":2}},"2":{"start":{"line":28,"column":51},"end":{"line":46,"column":1}},"3":{"start":{"line":29,"column":2},"end":{"line":45,"column":4}},"4":{"start":{"line":32,"column":8},"end":{"line":33,"column":null}},"5":{"start":{"line":28,"column":13},"end":{"line":28,"column":51}},"6":{"start":{"line":48,"column":15},"end":{"line":73,"column":2}}},"fnMap":{"0":{"name":"(anonymous_0)","decl":{"start":{"line":28,"column":51},"end":{"line":28,"column":52}},"loc":{"start":{"line":28,"column":67},"end":{"line":46,"column":1}}},"1":{"name":"(anonymous_1)","decl":{"start":{"line":31,"column":19},"end":{"line":31,"column":20}},"loc":{"start":{"line":32,"column":8},"end":{"line":33,"column":null}}}},"branchMap":{"0":{"loc":{"start":{"line":36,"column":33},"end":{"line":36,"column":67}},"type":"binary-expr","locations":[{"start":{"line":36,"column":33},"end":{"line":36,"column":48}},{"start":{"line":36,"column":52},"end":{"line":36,"column":67}}]},"1":{"loc":{"start":{"line":39,"column":37},"end":{"line":39,"column":75}},"type":"binary-expr","locations":[{"start":{"line":39,"column":37},"end":{"line":39,"column":52}},{"start":{"line":39,"column":56},"end":{"line":39,"column":75}}]}},"s":{"0":1,"1":1,"2":1,"3":6,"4":22,"5":1,"6":1},"f":{"0":6,"1":22},"b":{"0":[22,6],"1":[22,6]}}
,"/Users/tyrale.bloomfield/wordplay/wordgame/packages/ui/src/components/AlphabetGrid.tsx": {"path":"/Users/tyrale.bloomfield/wordplay/wordgame/packages/ui/src/components/AlphabetGrid.tsx","statementMap":{"0":{"start":{"line":1,"column":0},"end":{"line":1,"column":53}},"1":{"start":{"line":2,"column":0},"end":{"line":2,"column":67}},"2":{"start":{"line":3,"column":0},"end":{"line":3,"column":42}},"3":{"start":{"line":35,"column":57},"end":{"line":124,"column":1}},"4":{"start":{"line":46,"column":38},"end":{"line":46,"column":105}},"5":{"start":{"line":47,"column":44},"end":{"line":47,"column":73}},"6":{"start":{"line":48,"column":42},"end":{"line":48,"column":53}},"7":{"start":{"line":50,"column":23},"end":{"line":53,"column":8}},"8":{"start":{"line":51,"column":36},"end":{"line":51,"column":60}},"9":{"start":{"line":52,"column":4},"end":{"line":52,"column":43}},"10":{"start":{"line":55,"column":26},"end":{"line":57,"column":8}},"11":{"start":{"line":56,"column":4},"end":{"line":56,"column":28}},"12":{"start":{"line":59,"column":24},"end":{"line":83,"column":114}},"13":{"start":{"line":60,"column":4},"end":{"line":60,"column":39}},"14":{"start":{"line":60,"column":32},"end":{"line":60,"column":39}},"15":{"start":{"line":63,"column":4},"end":{"line":79,"column":5}},"16":{"start":{"line":64,"column":75},"end":{"line":64,"column":89}},"17":{"start":{"line":65,"column":37},"end":{"line":65,"column":65}},"18":{"start":{"line":68,"column":6},"end":{"line":78,"column":7}},"19":{"start":{"line":69,"column":8},"end":{"line":71,"column":9}},"20":{"start":{"line":70,"column":10},"end":{"line":70,"column":46}},"21":{"start":{"line":75,"column":8},"end":{"line":77,"column":9}},"22":{"start":{"line":76,"column":10},"end":{"line":76,"column":54}},"23":{"start":{"line":81,"column":4},"end":{"line":81,"column":27}},"24":{"start":{"line":82,"column":4},"end":{"line":82,"column":23}},"25":{"start":{"line":85,"column":27},"end":{"line":93,"column":49}},"26":{"start":{"line":86,"column":4},"end":{"line":86,"column":73}},"27":{"start":{"line":86,"column":66},"end":{"line":86,"column":73}},"28":{"start":{"line":88,"column":25},"end":{"line":88,"column":35}},"29":{"start":{"line":89,"column":25},"end":{"line":89,"column":39}},"30":{"start":{"line":90,"column":21},"end":{"line":90,"column":44}},"31":{"start":{"line":91,"column":21},"end":{"line":91,"column":67}},"32":{"start":{"line":92,"column":4},"end":{"line":92,"column":30}},"33":{"start":{"line":95,"column":2},"end":{"line":123,"column":4}},"34":{"start":{"line":99,"column":37},"end":{"line":99,"column":45}},"35":{"start":{"line":100,"column":8},"end":{"line":100,"column":60}},"36":{"start":{"line":100,"column":41},"end":{"line":100,"column":60}},"37":{"start":{"line":101,"column":8},"end":{"line":101,"column":42}},"38":{"start":{"line":101,"column":28},"end":{"line":101,"column":42}},"39":{"start":{"line":102,"column":8},"end":{"line":102,"column":48}},"40":{"start":{"line":102,"column":31},"end":{"line":102,"column":48}},"41":{"start":{"line":104,"column":8},"end":{"line":120,"column":10}},"42":{"start":{"line":109,"column":25},"end":{"line":109,"column":41}},"43":{"start":{"line":111,"column":14},"end":{"line":113,"column":15}},"44":{"start":{"line":112,"column":16},"end":{"line":112,"column":48}},"45":{"start":{"line":115,"column":31},"end":{"line":115,"column":49}},"46":{"start":{"line":116,"column":29},"end":{"line":116,"column":45}},"47":{"start":{"line":35,"column":13},"end":{"line":35,"column":57}},"48":{"start":{"line":126,"column":15},"end":{"line":145,"column":2}}},"fnMap":{"0":{"name":"(anonymous_0)","decl":{"start":{"line":35,"column":57},"end":{"line":35,"column":58}},"loc":{"start":{"line":45,"column":5},"end":{"line":124,"column":1}}},"1":{"name":"(anonymous_1)","decl":{"start":{"line":50,"column":35},"end":{"line":50,"column":36}},"loc":{"start":{"line":50,"column":64},"end":{"line":53,"column":3}}},"2":{"name":"(anonymous_2)","decl":{"start":{"line":55,"column":38},"end":{"line":55,"column":39}},"loc":{"start":{"line":55,"column":56},"end":{"line":57,"column":3}}},"3":{"name":"(anonymous_3)","decl":{"start":{"line":59,"column":36},"end":{"line":59,"column":37}},"loc":{"start":{"line":59,"column":54},"end":{"line":83,"column":3}}},"4":{"name":"(anonymous_4)","decl":{"start":{"line":85,"column":39},"end":{"line":85,"column":40}},"loc":{"start":{"line":85,"column":79},"end":{"line":93,"column":3}}},"5":{"name":"(anonymous_5)","decl":{"start":{"line":97,"column":19},"end":{"line":97,"column":20}},"loc":{"start":{"line":97,"column":33},"end":{"line":121,"column":7}}},"6":{"name":"(anonymous_6)","decl":{"start":{"line":109,"column":19},"end":{"line":109,"column":22}},"loc":{"start":{"line":109,"column":25},"end":{"line":109,"column":41}}},"7":{"name":"(anonymous_7)","decl":{"start":{"line":110,"column":25},"end":{"line":110,"column":28}},"loc":{"start":{"line":110,"column":30},"end":{"line":114,"column":13}}},"8":{"name":"(anonymous_8)","decl":{"start":{"line":115,"column":25},"end":{"line":115,"column":28}},"loc":{"start":{"line":115,"column":31},"end":{"line":115,"column":49}}},"9":{"name":"(anonymous_9)","decl":{"start":{"line":116,"column":23},"end":{"line":116,"column":26}},"loc":{"start":{"line":116,"column":29},"end":{"line":116,"column":45}}}},"branchMap":{"0":{"loc":{"start":{"line":60,"column":4},"end":{"line":60,"column":39}},"type":"if","locations":[{"start":{"line":60,"column":4},"end":{"line":60,"column":39}}]},"1":{"loc":{"start":{"line":63,"column":4},"end":{"line":79,"column":5}},"type":"if","locations":[{"start":{"line":63,"column":4},"end":{"line":79,"column":5}}]},"2":{"loc":{"start":{"line":65,"column":37},"end":{"line":65,"column":65}},"type":"binary-expr","locations":[{"start":{"line":65,"column":37},"end":{"line":65,"column":47}},{"start":{"line":65,"column":51},"end":{"line":65,"column":65}}]},"3":{"loc":{"start":{"line":68,"column":6},"end":{"line":78,"column":7}},"type":"if","locations":[{"start":{"line":68,"column":6},"end":{"line":78,"column":7}},{"start":{"line":74,"column":11},"end":{"line":78,"column":7}}]},"4":{"loc":{"start":{"line":69,"column":8},"end":{"line":71,"column":9}},"type":"if","locations":[{"start":{"line":69,"column":8},"end":{"line":71,"column":9}}]},"5":{"loc":{"start":{"line":75,"column":8},"end":{"line":77,"column":9}},"type":"if","locations":[{"start":{"line":75,"column":8},"end":{"line":77,"column":9}}]},"6":{"loc":{"start":{"line":86,"column":4},"end":{"line":86,"column":73}},"type":"if","locations":[{"start":{"line":86,"column":4},"end":{"line":86,"column":73}}]},"7":{"loc":{"start":{"line":86,"column":8},"end":{"line":86,"column":64}},"type":"binary-expr","locations":[{"start":{"line":86,"column":8},"end":{"line":86,"column":30}},{"start":{"line":86,"column":34},"end":{"line":86,"column":45}},{"start":{"line":86,"column":49},"end":{"line":86,"column":64}}]},"8":{"loc":{"start":{"line":100,"column":8},"end":{"line":100,"column":60}},"type":"if","locations":[{"start":{"line":100,"column":8},"end":{"line":100,"column":60}}]},"9":{"loc":{"start":{"line":101,"column":8},"end":{"line":101,"column":42}},"type":"if","locations":[{"start":{"line":101,"column":8},"end":{"line":101,"column":42}}]},"10":{"loc":{"start":{"line":102,"column":8},"end":{"line":102,"column":48}},"type":"if","locations":[{"start":{"line":102,"column":8},"end":{"line":102,"column":48}}]},"11":{"loc":{"start":{"line":111,"column":14},"end":{"line":113,"column":15}},"type":"if","locations":[{"start":{"line":111,"column":14},"end":{"line":113,"column":15}}]}},"s":{"0":0,"1":0,"2":0,"3":0,"4":0,"5":0,"6":0,"7":0,"8":0,"9":0,"10":0,"11":0,"12":0,"13":0,"14":0,"15":0,"16":0,"17":0,"18":0,"19":0,"20":0,"21":0,"22":0,"23":0,"24":0,"25":0,"26":0,"27":0,"28":0,"29":0,"30":0,"31":0,"32":0,"33":0,"34":0,"35":0,"36":0,"37":0,"38":0,"39":0,"40":0,"41":0,"42":0,"43":0,"44":0,"45":0,"46":0,"47":0,"48":0},"f":{"0":0,"1":0,"2":0,"3":0,"4":0,"5":0,"6":0,"7":0,"8":0,"9":0},"b":{"0":[0],"1":[0],"2":[0,0],"3":[0,0],"4":[0],"5":[0],"6":[0],"7":[0,0,0],"8":[0],"9":[0],"10":[0],"11":[0]}}
,"/Users/tyrale.bloomfield/wordplay/wordgame/packages/ui/src/components/LetterCell.tsx": {"path":"/Users/tyrale.bloomfield/wordplay/wordgame/packages/ui/src/components/LetterCell.tsx","statementMap":{"0":{"start":{"line":2,"column":0},"end":{"line":2,"column":48}},"1":{"start":{"line":3,"column":0},"end":{"line":3,"column":null}},"2":{"start":{"line":10,"column":0},"end":{"line":10,"column":72}},"3":{"start":{"line":39,"column":53},"end":{"line":128,"column":1}},"4":{"start":{"line":50,"column":21},"end":{"line":53,"column":6}},"5":{"start":{"line":52,"column":6},"end":{"line":52,"column":16}},"6":{"start":{"line":55,"column":27},"end":{"line":59,"column":6}},"7":{"start":{"line":58,"column":6},"end":{"line":58,"column":22}},"8":{"start":{"line":61,"column":22},"end":{"line":67,"column":6}},"9":{"start":{"line":63,"column":6},"end":{"line":63,"column":22}},"10":{"start":{"line":66,"column":6},"end":{"line":66,"column":20}},"11":{"start":{"line":70,"column":19},"end":{"line":72,"column":null}},"12":{"start":{"line":76,"column":24},"end":{"line":103,"column":4}},"13":{"start":{"line":77,"column":18},"end":{"line":80,"column":6}},"14":{"start":{"line":82,"column":20},"end":{"line":86,"column":null}},"15":{"start":{"line":89,"column":23},"end":{"line":93,"column":null}},"16":{"start":{"line":96,"column":4},"end":{"line":102,"column":6}},"17":{"start":{"line":106,"column":23},"end":{"line":117,"column":3}},"18":{"start":{"line":107,"column":4},"end":{"line":116,"column":5}},"19":{"start":{"line":109,"column":8},"end":{"line":109,"column":35}},"20":{"start":{"line":111,"column":8},"end":{"line":111,"column":30}},"21":{"start":{"line":113,"column":8},"end":{"line":113,"column":33}},"22":{"start":{"line":115,"column":8},"end":{"line":115,"column":33}},"23":{"start":{"line":119,"column":2},"end":{"line":127,"column":4}},"24":{"start":{"line":39,"column":13},"end":{"line":39,"column":53}},"25":{"start":{"line":130,"column":15},"end":{"line":162,"column":2}}},"fnMap":{"0":{"name":"(anonymous_9)","decl":{"start":{"line":39,"column":53},"end":{"line":39,"column":54}},"loc":{"start":{"line":48,"column":5},"end":{"line":128,"column":1}}},"1":{"name":"(anonymous_10)","decl":{"start":{"line":51,"column":13},"end":{"line":51,"column":16}},"loc":{"start":{"line":51,"column":18},"end":{"line":53,"column":5}}},"2":{"name":"(anonymous_11)","decl":{"start":{"line":57,"column":13},"end":{"line":57,"column":16}},"loc":{"start":{"line":57,"column":18},"end":{"line":59,"column":5}}},"3":{"name":"(anonymous_12)","decl":{"start":{"line":62,"column":13},"end":{"line":62,"column":16}},"loc":{"start":{"line":62,"column":18},"end":{"line":64,"column":5}}},"4":{"name":"(anonymous_13)","decl":{"start":{"line":65,"column":11},"end":{"line":65,"column":14}},"loc":{"start":{"line":65,"column":16},"end":{"line":67,"column":5}}},"5":{"name":"(anonymous_14)","decl":{"start":{"line":76,"column":41},"end":{"line":76,"column":44}},"loc":{"start":{"line":76,"column":46},"end":{"line":103,"column":3}}},"6":{"name":"(anonymous_15)","decl":{"start":{"line":106,"column":23},"end":{"line":106,"column":26}},"loc":{"start":{"line":106,"column":28},"end":{"line":117,"column":3}}}},"branchMap":{"0":{"loc":{"start":{"line":47,"column":2},"end":{"line":47,"column":18}},"type":"default-arg","locations":[{"start":{"line":47,"column":17},"end":{"line":47,"column":18}}]},"1":{"loc":{"start":{"line":77,"column":29},"end":{"line":77,"column":49}},"type":"cond-expr","locations":[{"start":{"line":77,"column":42},"end":{"line":77,"column":45}},{"start":{"line":77,"column":48},"end":{"line":77,"column":49}}]},"2":{"loc":{"start":{"line":107,"column":4},"end":{"line":116,"column":5}},"type":"switch","locations":[{"start":{"line":108,"column":6},"end":{"line":109,"column":35}},{"start":{"line":110,"column":6},"end":{"line":111,"column":30}},{"start":{"line":112,"column":6},"end":{"line":113,"column":33}},{"start":{"line":114,"column":6},"end":{"line":115,"column":33}}]}},"s":{"0":0,"1":0,"2":0,"3":0,"4":0,"5":0,"6":0,"7":0,"8":0,"9":0,"10":0,"11":0,"12":0,"13":0,"14":0,"15":0,"16":0,"17":0,"18":0,"19":0,"20":0,"21":0,"22":0,"23":0,"24":0,"25":0},"f":{"0":0,"1":0,"2":0,"3":0,"4":0,"5":0,"6":0},"b":{"0":[0],"1":[0,0],"2":[0,0,0,0]}}
,"/Users/tyrale.bloomfield/wordplay/wordgame/packages/ui/src/components/WordTrail.tsx": {"path":"/Users/tyrale.bloomfield/wordplay/wordgame/packages/ui/src/components/WordTrail.tsx","statementMap":{"0":{"start":{"line":2,"column":0},"end":{"line":2,"column":54}},"1":{"start":{"line":12,"column":51},"end":{"line":22,"column":1}},"2":{"start":{"line":13,"column":2},"end":{"line":21,"column":4}},"3":{"start":{"line":16,"column":8},"end":{"line":16,"column":22}},"4":{"start":{"line":12,"column":13},"end":{"line":12,"column":51}},"5":{"start":{"line":24,"column":15},"end":{"line":37,"column":2}}},"fnMap":{"0":{"name":"(anonymous_0)","decl":{"start":{"line":12,"column":51},"end":{"line":12,"column":52}},"loc":{"start":{"line":12,"column":65},"end":{"line":22,"column":1}}},"1":{"name":"(anonymous_1)","decl":{"start":{"line":15,"column":17},"end":{"line":15,"column":18}},"loc":{"start":{"line":16,"column":8},"end":{"line":16,"column":22}}}},"branchMap":{},"s":{"0":1,"1":1,"2":6,"3":8,"4":1,"5":1},"f":{"0":6,"1":8},"b":{}}
,"/Users/tyrale.bloomfield/wordplay/wordgame/packages/ui/src/stories/AlphabetGrid.stories.tsx": {"path":"/Users/tyrale.bloomfield/wordplay/wordgame/packages/ui/src/stories/AlphabetGrid.stories.tsx","statementMap":{"0":{"start":{"line":1,"column":0},"end":{"line":1,"column":40}},"1":{"start":{"line":2,"column":0},"end":{"line":2,"column":42}},"2":{"start":{"line":4,"column":0},"end":{"line":4,"column":52}},"3":{"start":{"line":5,"column":0},"end":{"line":5,"column":58}},"4":{"start":{"line":6,"column":0},"end":{"line":6,"column":54}},"5":{"start":{"line":8,"column":16},"end":{"line":8,"column":56}},"6":{"start":{"line":10,"column":0},"end":{"line":74,"column":5}},"7":{"start":{"line":12,"column":4},"end":{"line":16,"column":null}},"8":{"start":{"line":20,"column":4},"end":{"line":24,"column":null}},"9":{"start":{"line":28,"column":4},"end":{"line":33,"column":null}},"10":{"start":{"line":37,"column":4},"end":{"line":42,"column":null}},"11":{"start":{"line":46,"column":36},"end":{"line":46,"column":58}},"12":{"start":{"line":47,"column":26},"end":{"line":47,"column":48}},"13":{"start":{"line":48,"column":4},"end":{"line":73,"column":6}},"14":{"start":{"line":54,"column":12},"end":{"line":54,"column":89}},"15":{"start":{"line":54,"column":31},"end":{"line":54,"column":87}},"16":{"start":{"line":54,"column":65},"end":{"line":54,"column":72}},"17":{"start":{"line":55,"column":12},"end":{"line":55,"column":56}},"18":{"start":{"line":55,"column":24},"end":{"line":55,"column":54}},"19":{"start":{"line":58,"column":12},"end":{"line":58,"column":68}},"20":{"start":{"line":58,"column":31},"end":{"line":58,"column":66}},"21":{"start":{"line":59,"column":12},"end":{"line":59,"column":65}},"22":{"start":{"line":59,"column":24},"end":{"line":59,"column":63}},"23":{"start":{"line":62,"column":12},"end":{"line":62,"column":57}},"24":{"start":{"line":62,"column":31},"end":{"line":62,"column":55}},"25":{"start":{"line":62,"column":47},"end":{"line":62,"column":54}},"26":{"start":{"line":63,"column":12},"end":{"line":63,"column":65}},"27":{"start":{"line":63,"column":24},"end":{"line":63,"column":63}},"28":{"start":{"line":69,"column":12},"end":{"line":69,"column":28}},"29":{"start":{"line":77,"column":0},"end":{"line":125,"column":5}},"30":{"start":{"line":79,"column":4},"end":{"line":80,"column":null}},"31":{"start":{"line":84,"column":4},"end":{"line":85,"column":null}},"32":{"start":{"line":89,"column":4},"end":{"line":90,"column":null}},"33":{"start":{"line":94,"column":4},"end":{"line":95,"column":null}},"34":{"start":{"line":99,"column":30},"end":{"line":99,"column":90}},"35":{"start":{"line":100,"column":26},"end":{"line":100,"column":48}},"36":{"start":{"line":101,"column":4},"end":{"line":124,"column":6}},"37":{"start":{"line":107,"column":12},"end":{"line":107,"column":68}},"38":{"start":{"line":107,"column":26},"end":{"line":107,"column":66}},"39":{"start":{"line":108,"column":12},"end":{"line":108,"column":42}},"40":{"start":{"line":108,"column":24},"end":{"line":108,"column":40}},"41":{"start":{"line":111,"column":12},"end":{"line":111,"column":31}},"42":{"start":{"line":112,"column":12},"end":{"line":112,"column":48}},"43":{"start":{"line":112,"column":24},"end":{"line":112,"column":46}},"44":{"start":{"line":114,"column":29},"end":{"line":114,"column":64}},"45":{"start":{"line":114,"column":41},"end":{"line":114,"column":63}},"46":{"start":{"line":115,"column":27},"end":{"line":115,"column":60}},"47":{"start":{"line":115,"column":39},"end":{"line":115,"column":59}},"48":{"start":{"line":120,"column":12},"end":{"line":120,"column":28}}},"fnMap":{"0":{"name":"(anonymous_0)","decl":{"start":{"line":11,"column":18},"end":{"line":11,"column":21}},"loc":{"start":{"line":12,"column":4},"end":{"line":16,"column":null}}},"1":{"name":"(anonymous_1)","decl":{"start":{"line":19,"column":32},"end":{"line":19,"column":35}},"loc":{"start":{"line":20,"column":4},"end":{"line":24,"column":null}}},"2":{"name":"(anonymous_2)","decl":{"start":{"line":27,"column":26},"end":{"line":27,"column":29}},"loc":{"start":{"line":28,"column":4},"end":{"line":33,"column":null}}},"3":{"name":"(anonymous_3)","decl":{"start":{"line":36,"column":29},"end":{"line":36,"column":32}},"loc":{"start":{"line":37,"column":4},"end":{"line":42,"column":null}}},"4":{"name":"(anonymous_4)","decl":{"start":{"line":45,"column":43},"end":{"line":45,"column":46}},"loc":{"start":{"line":45,"column":48},"end":{"line":74,"column":3}}},"5":{"name":"(anonymous_5)","decl":{"start":{"line":53,"column":23},"end":{"line":53,"column":24}},"loc":{"start":{"line":53,"column":27},"end":{"line":56,"column":11}}},"6":{"name":"(anonymous_6)","decl":{"start":{"line":54,"column":24},"end":{"line":54,"column":27}},"loc":{"start":{"line":54,"column":31},"end":{"line":54,"column":87}}},"7":{"name":"(anonymous_7)","decl":{"start":{"line":54,"column":60},"end":{"line":54,"column":61}},"loc":{"start":{"line":54,"column":65},"end":{"line":54,"column":72}}},"8":{"name":"(anonymous_8)","decl":{"start":{"line":55,"column":19},"end":{"line":55,"column":20}},"loc":{"start":{"line":55,"column":24},"end":{"line":55,"column":54}}},"9":{"name":"(anonymous_9)","decl":{"start":{"line":57,"column":30},"end":{"line":57,"column":31}},"loc":{"start":{"line":57,"column":34},"end":{"line":60,"column":11}}},"10":{"name":"(anonymous_10)","decl":{"start":{"line":58,"column":24},"end":{"line":58,"column":27}},"loc":{"start":{"line":58,"column":31},"end":{"line":58,"column":66}}},"11":{"name":"(anonymous_11)","decl":{"start":{"line":59,"column":19},"end":{"line":59,"column":20}},"loc":{"start":{"line":59,"column":24},"end":{"line":59,"column":63}}},"12":{"name":"(anonymous_12)","decl":{"start":{"line":61,"column":38},"end":{"line":61,"column":39}},"loc":{"start":{"line":61,"column":42},"end":{"line":64,"column":11}}},"13":{"name":"(anonymous_13)","decl":{"start":{"line":62,"column":24},"end":{"line":62,"column":27}},"loc":{"start":{"line":62,"column":31},"end":{"line":62,"column":55}}},"14":{"name":"(anonymous_14)","decl":{"start":{"line":62,"column":42},"end":{"line":62,"column":43}},"loc":{"start":{"line":62,"column":47},"end":{"line":62,"column":54}}},"15":{"name":"(anonymous_15)","decl":{"start":{"line":63,"column":19},"end":{"line":63,"column":20}},"loc":{"start":{"line":63,"column":24},"end":{"line":63,"column":63}}},"16":{"name":"(anonymous_16)","decl":{"start":{"line":68,"column":31},"end":{"line":68,"column":32}},"loc":{"start":{"line":69,"column":12},"end":{"line":69,"column":28}}},"17":{"name":"(anonymous_17)","decl":{"start":{"line":78,"column":17},"end":{"line":78,"column":20}},"loc":{"start":{"line":79,"column":4},"end":{"line":80,"column":null}}},"18":{"name":"(anonymous_18)","decl":{"start":{"line":83,"column":19},"end":{"line":83,"column":22}},"loc":{"start":{"line":84,"column":4},"end":{"line":85,"column":null}}},"19":{"name":"(anonymous_19)","decl":{"start":{"line":88,"column":14},"end":{"line":88,"column":17}},"loc":{"start":{"line":89,"column":4},"end":{"line":90,"column":null}}},"20":{"name":"(anonymous_20)","decl":{"start":{"line":93,"column":17},"end":{"line":93,"column":20}},"loc":{"start":{"line":94,"column":4},"end":{"line":95,"column":null}}},"21":{"name":"(anonymous_21)","decl":{"start":{"line":98,"column":22},"end":{"line":98,"column":25}},"loc":{"start":{"line":98,"column":27},"end":{"line":125,"column":3}}},"22":{"name":"(anonymous_22)","decl":{"start":{"line":106,"column":17},"end":{"line":106,"column":20}},"loc":{"start":{"line":106,"column":22},"end":{"line":109,"column":11}}},"23":{"name":"(anonymous_23)","decl":{"start":{"line":107,"column":21},"end":{"line":107,"column":22}},"loc":{"start":{"line":107,"column":26},"end":{"line":107,"column":66}}},"24":{"name":"(anonymous_24)","decl":{"start":{"line":108,"column":19},"end":{"line":108,"column":20}},"loc":{"start":{"line":108,"column":24},"end":{"line":108,"column":40}}},"25":{"name":"(anonymous_25)","decl":{"start":{"line":110,"column":23},"end":{"line":110,"column":26}},"loc":{"start":{"line":110,"column":28},"end":{"line":113,"column":11}}},"26":{"name":"(anonymous_26)","decl":{"start":{"line":112,"column":19},"end":{"line":112,"column":20}},"loc":{"start":{"line":112,"column":24},"end":{"line":112,"column":46}}},"27":{"name":"(anonymous_27)","decl":{"start":{"line":114,"column":23},"end":{"line":114,"column":26}},"loc":{"start":{"line":114,"column":29},"end":{"line":114,"column":64}}},"28":{"name":"(anonymous_28)","decl":{"start":{"line":114,"column":36},"end":{"line":114,"column":37}},"loc":{"start":{"line":114,"column":41},"end":{"line":114,"column":63}}},"29":{"name":"(anonymous_29)","decl":{"start":{"line":115,"column":21},"end":{"line":115,"column":24}},"loc":{"start":{"line":115,"column":27},"end":{"line":115,"column":60}}},"30":{"name":"(anonymous_30)","decl":{"start":{"line":115,"column":34},"end":{"line":115,"column":35}},"loc":{"start":{"line":115,"column":39},"end":{"line":115,"column":59}}},"31":{"name":"(anonymous_31)","decl":{"start":{"line":119,"column":31},"end":{"line":119,"column":32}},"loc":{"start":{"line":120,"column":12},"end":{"line":120,"column":28}}}},"branchMap":{"0":{"loc":{"start":{"line":54,"column":31},"end":{"line":54,"column":87}},"type":"cond-expr","locations":[{"start":{"line":54,"column":49},"end":{"line":54,"column":73}},{"start":{"line":54,"column":76},"end":{"line":54,"column":87}}]},"1":{"loc":{"start":{"line":58,"column":31},"end":{"line":58,"column":66}},"type":"cond-expr","locations":[{"start":{"line":58,"column":49},"end":{"line":58,"column":52}},{"start":{"line":58,"column":55},"end":{"line":58,"column":66}}]},"2":{"loc":{"start":{"line":107,"column":26},"end":{"line":107,"column":66}},"type":"cond-expr","locations":[{"start":{"line":107,"column":45},"end":{"line":107,"column":53}},{"start":{"line":107,"column":56},"end":{"line":107,"column":66}}]}},"s":{"0":0,"1":0,"2":0,"3":0,"4":0,"5":0,"6":0,"7":0,"8":0,"9":0,"10":0,"11":0,"12":0,"13":0,"14":0,"15":0,"16":0,"17":0,"18":0,"19":0,"20":0,"21":0,"22":0,"23":0,"24":0,"25":0,"26":0,"27":0,"28":0,"29":0,"30":0,"31":0,"32":0,"33":0,"34":0,"35":0,"36":0,"37":0,"38":0,"39":0,"40":0,"41":0,"42":0,"43":0,"44":0,"45":0,"46":0,"47":0,"48":0},"f":{"0":0,"1":0,"2":0,"3":0,"4":0,"5":0,"6":0,"7":0,"8":0,"9":0,"10":0,"11":0,"12":0,"13":0,"14":0,"15":0,"16":0,"17":0,"18":0,"19":0,"20":0,"21":0,"22":0,"23":0,"24":0,"25":0,"26":0,"27":0,"28":0,"29":0,"30":0,"31":0},"b":{"0":[0,0],"1":[0,0],"2":[0,0]}}
,"/Users/tyrale.bloomfield/wordplay/wordgame/packages/ui/src/stories/WordTrail_ActionBar.stories.tsx": {"path":"/Users/tyrale.bloomfield/wordplay/wordgame/packages/ui/src/stories/WordTrail_ActionBar.stories.tsx","statementMap":{"0":{"start":{"line":1,"column":0},"end":{"line":1,"column":40}},"1":{"start":{"line":2,"column":0},"end":{"line":2,"column":42}},"2":{"start":{"line":4,"column":0},"end":{"line":4,"column":52}},"3":{"start":{"line":5,"column":0},"end":{"line":5,"column":52}},"4":{"start":{"line":6,"column":0},"end":{"line":6,"column":64}},"5":{"start":{"line":8,"column":20},"end":{"line":8,"column":44}},"6":{"start":{"line":10,"column":0},"end":{"line":13,"column":62}},"7":{"start":{"line":11,"column":22},"end":{"line":11,"column":46}},"8":{"start":{"line":12,"column":25},"end":{"line":12,"column":55}},"9":{"start":{"line":13,"column":27},"end":{"line":13,"column":60}},"10":{"start":{"line":15,"column":58},"end":{"line":21,"column":2}},"11":{"start":{"line":23,"column":0},"end":{"line":59,"column":5}},"12":{"start":{"line":25,"column":4},"end":{"line":29,"column":null}},"13":{"start":{"line":26,"column":36},"end":{"line":29,"column":8}},"14":{"start":{"line":33,"column":4},"end":{"line":38,"column":null}},"15":{"start":{"line":34,"column":41},"end":{"line":38,"column":8}},"16":{"start":{"line":42,"column":26},"end":{"line":42,"column":48}},"17":{"start":{"line":43,"column":4},"end":{"line":58,"column":6}},"18":{"start":{"line":46,"column":40},"end":{"line":49,"column":12}},"19":{"start":{"line":48,"column":27},"end":{"line":48,"column":68}},"20":{"start":{"line":48,"column":39},"end":{"line":48,"column":67}},"21":{"start":{"line":54,"column":12},"end":{"line":54,"column":28}}},"fnMap":{"0":{"name":"(anonymous_0)","decl":{"start":{"line":11,"column":16},"end":{"line":11,"column":19}},"loc":{"start":{"line":11,"column":22},"end":{"line":11,"column":46}}},"1":{"name":"(anonymous_1)","decl":{"start":{"line":12,"column":19},"end":{"line":12,"column":22}},"loc":{"start":{"line":12,"column":25},"end":{"line":12,"column":55}}},"2":{"name":"(anonymous_2)","decl":{"start":{"line":13,"column":21},"end":{"line":13,"column":24}},"loc":{"start":{"line":13,"column":27},"end":{"line":13,"column":60}}},"3":{"name":"(anonymous_3)","decl":{"start":{"line":24,"column":22},"end":{"line":24,"column":25}},"loc":{"start":{"line":25,"column":4},"end":{"line":29,"column":null}}},"4":{"name":"(anonymous_4)","decl":{"start":{"line":26,"column":30},"end":{"line":26,"column":31}},"loc":{"start":{"line":26,"column":36},"end":{"line":29,"column":8}}},"5":{"name":"(anonymous_5)","decl":{"start":{"line":28,"column":17},"end":{"line":28,"column":20}},"loc":{"start":{"line":28,"column":22},"end":{"line":28,"column":25}}},"6":{"name":"(anonymous_6)","decl":{"start":{"line":32,"column":24},"end":{"line":32,"column":27}},"loc":{"start":{"line":33,"column":4},"end":{"line":38,"column":null}}},"7":{"name":"(anonymous_7)","decl":{"start":{"line":34,"column":30},"end":{"line":34,"column":31}},"loc":{"start":{"line":34,"column":41},"end":{"line":38,"column":8}}},"8":{"name":"(anonymous_8)","decl":{"start":{"line":36,"column":17},"end":{"line":36,"column":20}},"loc":{"start":{"line":36,"column":22},"end":{"line":36,"column":25}}},"9":{"name":"(anonymous_9)","decl":{"start":{"line":41,"column":26},"end":{"line":41,"column":29}},"loc":{"start":{"line":41,"column":31},"end":{"line":59,"column":3}}},"10":{"name":"(anonymous_10)","decl":{"start":{"line":46,"column":34},"end":{"line":46,"column":35}},"loc":{"start":{"line":46,"column":40},"end":{"line":49,"column":12}}},"11":{"name":"(anonymous_11)","decl":{"start":{"line":48,"column":21},"end":{"line":48,"column":24}},"loc":{"start":{"line":48,"column":27},"end":{"line":48,"column":68}}},"12":{"name":"(anonymous_12)","decl":{"start":{"line":48,"column":34},"end":{"line":48,"column":35}},"loc":{"start":{"line":48,"column":39},"end":{"line":48,"column":67}}},"13":{"name":"(anonymous_13)","decl":{"start":{"line":53,"column":31},"end":{"line":53,"column":32}},"loc":{"start":{"line":54,"column":12},"end":{"line":54,"column":28}}}},"branchMap":{},"s":{"0":0,"1":0,"2":0,"3":0,"4":0,"5":0,"6":0,"7":0,"8":0,"9":0,"10":0,"11":0,"12":0,"13":0,"14":0,"15":0,"16":0,"17":0,"18":0,"19":0,"20":0,"21":0},"f":{"0":0,"1":0,"2":0,"3":0,"4":0,"5":0,"6":0,"7":0,"8":0,"9":0,"10":0,"11":0,"12":0,"13":0},"b":{}}
}
