TN:
SF:index.ts
FNF:0
FNH:0
DA:1,0
LF:1
LH:0
BRF:0
BRH:0
end_of_record
TN:
SF:app/_layout.tsx
FN:4,RootLayout
FNF:1
FNH:0
FNDA:0,RootLayout
DA:1,0
DA:2,0
DA:4,0
DA:5,0
LF:4
LH:0
BRF:0
BRH:0
end_of_record
TN:
SF:app/game.tsx
FN:9,GameScreen
FN:18,(anonymous_2)
FN:23,(anonymous_3)
FN:25,(anonymous_4)
FN:32,(anonymous_5)
FN:48,(anonymous_6)
FN:52,(anonymous_7)
FN:64,(anonymous_8)
FN:84,(anonymous_9)
FNF:9
FNH:0
FNDA:0,GameScreen
FNDA:0,(anonymous_2)
FNDA:0,(anonymous_3)
FNDA:0,(anonymous_4)
FNDA:0,(anonymous_5)
FNDA:0,(anonymous_6)
FNDA:0,(anonymous_7)
FNDA:0,(anonymous_8)
FNDA:0,(anonymous_9)
DA:1,0
DA:2,0
DA:3,0
DA:9,0
DA:10,0
DA:11,0
DA:12,0
DA:15,0
DA:16,0
DA:18,0
DA:19,0
DA:23,0
DA:24,0
DA:25,0
DA:28,0
DA:32,0
DA:49,0
DA:52,0
DA:65,0
DA:84,0
DA:100,0
LF:21
LH:0
BRDA:105,0,0,0
BRDA:105,0,1,0
BRF:2
BRH:0
end_of_record
TN:
SF:app/index.tsx
FN:5,HomeScreen
FN:9,(anonymous_2)
FN:10,(anonymous_3)
FN:11,(anonymous_4)
FN:13,(anonymous_5)
FNF:5
FNH:0
FNDA:0,HomeScreen
FNDA:0,(anonymous_2)
FNDA:0,(anonymous_3)
FNDA:0,(anonymous_4)
FNDA:0,(anonymous_5)
DA:1,0
DA:2,0
DA:3,0
DA:5,0
DA:6,0
DA:7,0
DA:9,0
DA:10,0
DA:11,0
DA:13,0
DA:16,0
DA:91,0
LF:12
LH:0
BRDA:98,0,0,0
BRDA:98,0,1,0
BRDA:135,1,0,0
BRDA:135,1,1,0
BRF:4
BRH:0
end_of_record
TN:
SF:packages/ai/src/bot-behavior.ts
FN:159,(anonymous_0)
FN:13,getAnagrams
FN:16,permute
FN:32,generateMoves
FN:37,(anonymous_4)
FN:100,getValidMoves
FN:119,chooseBestMove
FN:141,(anonymous_7)
FN:141,(anonymous_8)
FNF:9
FNH:9
FNDA:600,(anonymous_0)
FNDA:401,getAnagrams
FNDA:17173,permute
FNDA:103,generateMoves
FNDA:9390,(anonymous_4)
FNDA:102,getValidMoves
FNDA:102,chooseBestMove
FNDA:102,(anonymous_7)
FNDA:1020,(anonymous_8)
DA:4,1
DA:5,1
DA:14,401
DA:15,401
DA:17,17173
DA:18,10050
DA:19,10050
DA:21,7123
DA:22,16772
DA:23,16772
DA:24,16772
DA:27,401
DA:28,401
DA:29,401
DA:33,103
DA:34,103
DA:37,103
DA:38,9390
DA:39,9390
DA:44,103
DA:46,102
DA:47,407
DA:48,396
DA:49,396
DA:55,396
DA:56,8394
DA:65,103
DA:67,1
DA:68,5
DA:69,5
DA:72,5
DA:73,595
DA:81,103
DA:83,0
DA:84,0
DA:85,0
DA:88,0
DA:89,0
DA:97,103
DA:101,102
DA:102,102
DA:103,1020
DA:104,1020
DA:106,102
DA:107,102
DA:108,1020
DA:109,1020
DA:110,1020
DA:113,102
DA:119,1
DA:121,102
DA:122,102
DA:125,102
DA:126,102
DA:127,102
DA:128,102
DA:132,102
DA:133,0
DA:134,0
DA:135,0
DA:136,0
DA:141,1020
DA:142,102
DA:143,102
DA:144,102
DA:148,102
DA:149,0
DA:156,102
DA:159,601
LF:69
LH:59
BRDA:14,0,0,0
BRDA:17,1,0,10050
BRDA:38,2,0,9390
BRDA:38,3,0,9390
BRDA:38,3,1,9390
BRDA:44,4,0,102
BRDA:44,5,0,103
BRDA:44,5,1,103
BRDA:47,6,0,11
BRDA:65,7,0,1
BRDA:65,8,0,103
BRDA:65,8,1,103
BRDA:81,9,0,0
BRDA:81,10,0,103
BRDA:81,10,1,103
BRDA:104,11,0,102
BRDA:108,12,0,1020
BRDA:128,13,0,102
BRDA:132,14,0,0
BRDA:136,15,0,0
BRDA:141,16,0,102
BRDA:141,16,1,918
BRDA:143,17,0,102
BRDA:148,18,0,0
BRF:24
BRH:19
end_of_record
TN:
SF:packages/engine/src/bots.ts
FN:68,isBotPlayer
FN:72,getBotPersonality
FNF:2
FNH:0
FNDA:0,isBotPlayer
FNDA:0,getBotPersonality
DA:26,0
DA:68,0
DA:69,0
DA:72,0
DA:73,0
LF:5
LH:0
BRF:0
BRH:0
end_of_record
TN:
SF:packages/engine/src/dictionary.ts
FN:9,(anonymous_1)
FN:45,validateWord
FN:81,isInDictionary
FN:91,censorWord
FN:108,addWord
FN:126,getWordLengthDifference
FNF:6
FNH:6
FNDA:12858,(anonymous_1)
FNDA:1148,validateWord
FNDA:3,isInDictionary
FNDA:4,censorWord
FNDA:3,addWord
FNDA:4,getWordLengthDifference
DA:1,2
DA:3,2
DA:5,2
DA:7,2
DA:8,2
DA:9,12858
DA:12,2
DA:33,2
DA:45,2
DA:46,1148
DA:49,1147
DA:50,1126
DA:53,21
DA:56,21
DA:57,3
DA:61,18
DA:63,17
DA:64,4
DA:65,4
DA:66,1
DA:69,16
DA:73,1
DA:81,2
DA:82,3
DA:83,3
DA:91,2
DA:92,4
DA:94,3
DA:96,3
DA:97,1
DA:100,2
DA:108,2
DA:109,3
DA:111,3
DA:113,3
DA:114,2
DA:116,1
DA:126,2
DA:127,4
LF:39
LH:39
BRDA:45,0,0,22
BRDA:46,1,0,1
BRDA:49,2,0,1126
BRDA:56,3,0,3
BRDA:61,4,0,17
BRDA:61,5,0,18
BRDA:61,5,1,5
BRDA:63,6,0,4
BRDA:65,7,0,1
BRDA:83,8,0,3
BRDA:83,8,1,2
BRDA:92,9,0,1
BRDA:96,10,0,1
BRDA:109,11,0,0
BRDA:113,12,0,2
BRDA:113,12,1,1
BRF:16
BRH:15
end_of_record
TN:
SF:packages/engine/src/gameState.ts
FN:18,(anonymous_0)
FN:22,(anonymous_1)
FN:22,(anonymous_2)
FN:23,(anonymous_3)
FN:23,(anonymous_4)
FN:24,(anonymous_5)
FN:24,(anonymous_6)
FN:24,(anonymous_7)
FN:25,(anonymous_8)
FN:25,(anonymous_9)
FN:26,(anonymous_10)
FN:26,(anonymous_11)
FN:26,(anonymous_12)
FN:27,(anonymous_13)
FN:27,(anonymous_14)
FN:33,(anonymous_15)
FN:33,(anonymous_16)
FNF:17
FNH:17
FNDA:1,(anonymous_0)
FNDA:3,(anonymous_1)
FNDA:3,(anonymous_2)
FNDA:3,(anonymous_3)
FNDA:3,(anonymous_4)
FNDA:1,(anonymous_5)
FNDA:1,(anonymous_6)
FNDA:2,(anonymous_7)
FNDA:3,(anonymous_8)
FNDA:3,(anonymous_9)
FNDA:1,(anonymous_10)
FNDA:1,(anonymous_11)
FNDA:2,(anonymous_12)
FNDA:2,(anonymous_13)
FNDA:2,(anonymous_14)
FNDA:6,(anonymous_15)
FNDA:6,(anonymous_16)
DA:2,1
DA:18,1
DA:22,3
DA:23,3
DA:24,2
DA:25,3
DA:26,2
DA:27,2
DA:28,2
DA:29,2
DA:30,2
DA:31,2
DA:33,6
LF:13
LH:13
BRDA:33,0,0,0
BRDA:33,1,0,0
BRF:2
BRH:0
end_of_record
TN:
SF:packages/engine/src/index.ts
FNF:0
FNH:0
DA:1,0
LF:1
LH:0
BRF:0
BRH:0
end_of_record
TN:
SF:packages/engine/src/scoring.ts
FN:42,scoreTurn
FNF:1
FNH:1
FNDA:1635,scoreTurn
DA:42,2
DA:48,1635
DA:51,1635
DA:52,4175
DA:56,4175
DA:57,4175
DA:62,1635
DA:63,1625
DA:66,1635
LF:9
LH:9
BRDA:52,0,0,1631
BRDA:52,0,1,2658
BRDA:52,0,2,4175
BRDA:62,1,0,1625
BRDA:62,2,0,1635
BRDA:62,2,1,1625
BRF:6
BRH:6
end_of_record
TN:
SF:packages/ui/.storybook/vitest.setup.ts
FNF:0
FNH:0
DA:1,0
DA:2,0
DA:3,0
DA:7,0
LF:4
LH:0
BRF:0
BRH:0
end_of_record
TN:
SF:packages/ui/src/index.ts
FN:9,(anonymous_0)
FN:10,(anonymous_1)
FN:11,(anonymous_2)
FN:12,(anonymous_3)
FNF:4
FNH:0
FNDA:0,(anonymous_0)
FNDA:0,(anonymous_1)
FNDA:0,(anonymous_2)
FNDA:0,(anonymous_3)
DA:9,0
DA:10,0
DA:11,0
DA:12,0
LF:4
LH:0
BRF:0
BRH:0
end_of_record
TN:
SF:packages/ui/src/components/ActionBar.tsx
FN:28,(anonymous_0)
FN:31,(anonymous_1)
FNF:2
FNH:2
FNDA:6,(anonymous_0)
FNDA:22,(anonymous_1)
DA:2,1
DA:20,1
DA:28,1
DA:29,6
DA:32,22
DA:48,1
LF:6
LH:6
BRDA:36,0,0,22
BRDA:36,0,1,6
BRDA:39,1,0,22
BRDA:39,1,1,6
BRF:4
BRH:4
end_of_record
TN:
SF:packages/ui/src/components/AlphabetGrid.tsx
FN:35,(anonymous_0)
FN:50,(anonymous_1)
FN:55,(anonymous_2)
FN:59,(anonymous_3)
FN:85,(anonymous_4)
FN:97,(anonymous_5)
FN:109,(anonymous_6)
FN:110,(anonymous_7)
FN:115,(anonymous_8)
FN:116,(anonymous_9)
FNF:10
FNH:0
FNDA:0,(anonymous_0)
FNDA:0,(anonymous_1)
FNDA:0,(anonymous_2)
FNDA:0,(anonymous_3)
FNDA:0,(anonymous_4)
FNDA:0,(anonymous_5)
FNDA:0,(anonymous_6)
FNDA:0,(anonymous_7)
FNDA:0,(anonymous_8)
FNDA:0,(anonymous_9)
DA:1,0
DA:2,0
DA:3,0
DA:35,0
DA:46,0
DA:47,0
DA:48,0
DA:50,0
DA:51,0
DA:52,0
DA:55,0
DA:56,0
DA:59,0
DA:60,0
DA:63,0
DA:64,0
DA:65,0
DA:68,0
DA:69,0
DA:70,0
DA:75,0
DA:76,0
DA:81,0
DA:82,0
DA:85,0
DA:86,0
DA:88,0
DA:89,0
DA:90,0
DA:91,0
DA:92,0
DA:95,0
DA:99,0
DA:100,0
DA:101,0
DA:102,0
DA:104,0
DA:109,0
DA:111,0
DA:112,0
DA:115,0
DA:116,0
DA:126,0
LF:43
LH:0
BRDA:60,0,0,0
BRDA:63,1,0,0
BRDA:65,2,0,0
BRDA:65,2,1,0
BRDA:68,3,0,0
BRDA:68,3,1,0
BRDA:69,4,0,0
BRDA:75,5,0,0
BRDA:86,6,0,0
BRDA:86,7,0,0
BRDA:86,7,1,0
BRDA:86,7,2,0
BRDA:100,8,0,0
BRDA:101,9,0,0
BRDA:102,10,0,0
BRDA:111,11,0,0
BRF:16
BRH:0
end_of_record
TN:
SF:packages/ui/src/components/LetterCell.tsx
FN:39,(anonymous_9)
FN:51,(anonymous_10)
FN:57,(anonymous_11)
FN:62,(anonymous_12)
FN:65,(anonymous_13)
FN:76,(anonymous_14)
FN:106,(anonymous_15)
FNF:7
FNH:0
FNDA:0,(anonymous_9)
FNDA:0,(anonymous_10)
FNDA:0,(anonymous_11)
FNDA:0,(anonymous_12)
FNDA:0,(anonymous_13)
FNDA:0,(anonymous_14)
FNDA:0,(anonymous_15)
DA:2,0
DA:3,0
DA:10,0
DA:39,0
DA:50,0
DA:52,0
DA:55,0
DA:58,0
DA:61,0
DA:63,0
DA:66,0
DA:70,0
DA:76,0
DA:77,0
DA:82,0
DA:89,0
DA:96,0
DA:106,0
DA:107,0
DA:109,0
DA:111,0
DA:113,0
DA:115,0
DA:119,0
DA:130,0
LF:25
LH:0
BRDA:47,0,0,0
BRDA:77,1,0,0
BRDA:77,1,1,0
BRDA:107,2,0,0
BRDA:107,2,1,0
BRDA:107,2,2,0
BRDA:107,2,3,0
BRF:7
BRH:0
end_of_record
TN:
SF:packages/ui/src/components/WordTrail.tsx
FN:12,(anonymous_0)
FN:15,(anonymous_1)
FNF:2
FNH:2
FNDA:6,(anonymous_0)
FNDA:8,(anonymous_1)
DA:2,1
DA:12,1
DA:13,6
DA:16,8
DA:24,1
LF:5
LH:5
BRF:0
BRH:0
end_of_record
TN:
SF:packages/ui/src/stories/AlphabetGrid.stories.tsx
FN:11,(anonymous_0)
FN:19,(anonymous_1)
FN:27,(anonymous_2)
FN:36,(anonymous_3)
FN:45,(anonymous_4)
FN:53,(anonymous_5)
FN:54,(anonymous_6)
FN:54,(anonymous_7)
FN:55,(anonymous_8)
FN:57,(anonymous_9)
FN:58,(anonymous_10)
FN:59,(anonymous_11)
FN:61,(anonymous_12)
FN:62,(anonymous_13)
FN:62,(anonymous_14)
FN:63,(anonymous_15)
FN:68,(anonymous_16)
FN:78,(anonymous_17)
FN:83,(anonymous_18)
FN:88,(anonymous_19)
FN:93,(anonymous_20)
FN:98,(anonymous_21)
FN:106,(anonymous_22)
FN:107,(anonymous_23)
FN:108,(anonymous_24)
FN:110,(anonymous_25)
FN:112,(anonymous_26)
FN:114,(anonymous_27)
FN:114,(anonymous_28)
FN:115,(anonymous_29)
FN:115,(anonymous_30)
FN:119,(anonymous_31)
FNF:32
FNH:0
FNDA:0,(anonymous_0)
FNDA:0,(anonymous_1)
FNDA:0,(anonymous_2)
FNDA:0,(anonymous_3)
FNDA:0,(anonymous_4)
FNDA:0,(anonymous_5)
FNDA:0,(anonymous_6)
FNDA:0,(anonymous_7)
FNDA:0,(anonymous_8)
FNDA:0,(anonymous_9)
FNDA:0,(anonymous_10)
FNDA:0,(anonymous_11)
FNDA:0,(anonymous_12)
FNDA:0,(anonymous_13)
FNDA:0,(anonymous_14)
FNDA:0,(anonymous_15)
FNDA:0,(anonymous_16)
FNDA:0,(anonymous_17)
FNDA:0,(anonymous_18)
FNDA:0,(anonymous_19)
FNDA:0,(anonymous_20)
FNDA:0,(anonymous_21)
FNDA:0,(anonymous_22)
FNDA:0,(anonymous_23)
FNDA:0,(anonymous_24)
FNDA:0,(anonymous_25)
FNDA:0,(anonymous_26)
FNDA:0,(anonymous_27)
FNDA:0,(anonymous_28)
FNDA:0,(anonymous_29)
FNDA:0,(anonymous_30)
FNDA:0,(anonymous_31)
DA:1,0
DA:2,0
DA:4,0
DA:5,0
DA:6,0
DA:8,0
DA:10,0
DA:12,0
DA:20,0
DA:28,0
DA:37,0
DA:46,0
DA:47,0
DA:48,0
DA:54,0
DA:55,0
DA:58,0
DA:59,0
DA:62,0
DA:63,0
DA:69,0
DA:77,0
DA:79,0
DA:84,0
DA:89,0
DA:94,0
DA:99,0
DA:100,0
DA:101,0
DA:107,0
DA:108,0
DA:111,0
DA:112,0
DA:114,0
DA:115,0
DA:120,0
LF:36
LH:0
BRDA:54,0,0,0
BRDA:54,0,1,0
BRDA:58,1,0,0
BRDA:58,1,1,0
BRDA:107,2,0,0
BRDA:107,2,1,0
BRF:6
BRH:0
end_of_record
TN:
SF:packages/ui/src/stories/WordTrail_ActionBar.stories.tsx
FN:11,(anonymous_0)
FN:12,(anonymous_1)
FN:13,(anonymous_2)
FN:24,(anonymous_3)
FN:26,(anonymous_4)
FN:28,(anonymous_5)
FN:32,(anonymous_6)
FN:34,(anonymous_7)
FN:36,(anonymous_8)
FN:41,(anonymous_9)
FN:46,(anonymous_10)
FN:48,(anonymous_11)
FN:48,(anonymous_12)
FN:53,(anonymous_13)
FNF:14
FNH:0
FNDA:0,(anonymous_0)
FNDA:0,(anonymous_1)
FNDA:0,(anonymous_2)
FNDA:0,(anonymous_3)
FNDA:0,(anonymous_4)
FNDA:0,(anonymous_5)
FNDA:0,(anonymous_6)
FNDA:0,(anonymous_7)
FNDA:0,(anonymous_8)
FNDA:0,(anonymous_9)
FNDA:0,(anonymous_10)
FNDA:0,(anonymous_11)
FNDA:0,(anonymous_12)
FNDA:0,(anonymous_13)
DA:1,0
DA:2,0
DA:4,0
DA:5,0
DA:6,0
DA:8,0
DA:10,0
DA:11,0
DA:12,0
DA:13,0
DA:15,0
DA:23,0
DA:25,0
DA:26,0
DA:33,0
DA:34,0
DA:42,0
DA:43,0
DA:46,0
DA:48,0
DA:54,0
LF:21
LH:0
BRF:0
BRH:0
end_of_record
