TN:
SF:app/_layout.tsx
FN:4,RootLayout
FNF:1
FNH:0
FNDA:0,RootLayout
DA:5,0
LF:1
LH:0
BRF:0
BRH:0
end_of_record
TN:
SF:app/game.tsx
FN:9,GameScreen
FN:18,(anonymous_1)
FN:23,(anonymous_2)
FN:25,(anonymous_3)
FN:32,(anonymous_4)
FN:48,(anonymous_5)
FN:52,(anonymous_6)
FN:64,(anonymous_7)
FN:84,(anonymous_8)
FNF:9
FNH:0
FNDA:0,GameScreen
FNDA:0,(anonymous_1)
FNDA:0,(anonymous_2)
FNDA:0,(anonymous_3)
FNDA:0,(anonymous_4)
FNDA:0,(anonymous_5)
FNDA:0,(anonymous_6)
FNDA:0,(anonymous_7)
FNDA:0,(anonymous_8)
DA:10,0
DA:11,0
DA:12,0
DA:15,0
DA:16,0
DA:18,0
DA:19,0
DA:23,0
DA:24,0
DA:25,0
DA:28,0
DA:32,0
DA:49,0
DA:52,0
DA:65,0
DA:84,0
DA:100,0
LF:17
LH:0
BRDA:105,0,0,0
BRDA:105,0,1,0
BRF:2
BRH:0
end_of_record
TN:
SF:app/index.tsx
FN:5,HomeScreen
FN:9,(anonymous_1)
FN:10,(anonymous_2)
FN:11,(anonymous_3)
FN:13,(anonymous_4)
FNF:5
FNH:0
FNDA:0,HomeScreen
FNDA:0,(anonymous_1)
FNDA:0,(anonymous_2)
FNDA:0,(anonymous_3)
FNDA:0,(anonymous_4)
DA:6,0
DA:7,0
DA:9,0
DA:10,0
DA:11,0
DA:13,0
DA:16,0
DA:91,0
LF:8
LH:0
BRDA:98,0,0,0
BRDA:98,0,1,0
BRDA:135,1,0,0
BRDA:135,1,1,0
BRF:4
BRH:0
end_of_record
TN:
SF:packages/ai/src/bot-behavior.ts
FN:159,(anonymous_0)
FN:13,getAnagrams
FN:16,permute
FN:32,generateMoves
FN:37,(anonymous_4)
FN:100,getValidMoves
FN:119,chooseBestMove
FN:141,(anonymous_7)
FN:141,(anonymous_8)
FNF:9
FNH:9
FNDA:2,(anonymous_0)
FNDA:471,getAnagrams
FNDA:25846,permute
FNDA:139,generateMoves
FNDA:10372,(anonymous_4)
FNDA:131,getValidMoves
FNDA:131,chooseBestMove
FNDA:131,(anonymous_7)
FNDA:1262,(anonymous_8)
DA:4,2
DA:5,2
DA:14,471
DA:15,463
DA:17,25846
DA:18,15118
DA:19,15118
DA:21,10728
DA:22,25383
DA:23,25383
DA:24,25383
DA:27,463
DA:28,463
DA:29,463
DA:33,139
DA:34,139
DA:37,139
DA:38,10372
DA:39,10366
DA:44,139
DA:46,134
DA:47,450
DA:48,437
DA:49,437
DA:55,437
DA:56,8909
DA:65,139
DA:67,5
DA:68,21
DA:69,21
DA:72,21
DA:73,963
DA:81,139
DA:83,4
DA:84,13
DA:85,13
DA:88,13
DA:89,29
DA:97,139
DA:101,131
DA:102,131
DA:103,1324
DA:104,1324
DA:106,131
DA:107,131
DA:108,1262
DA:109,1262
DA:110,1262
DA:113,131
DA:119,2
DA:121,131
DA:122,131
DA:125,131
DA:126,131
DA:127,131
DA:128,131
DA:132,131
DA:133,0
DA:134,0
DA:135,0
DA:136,0
DA:141,1262
DA:142,131
DA:143,131
DA:144,131
DA:148,131
DA:149,0
DA:156,131
DA:159,4
LF:69
LH:64
BRDA:14,0,0,8
BRDA:17,1,0,15118
BRDA:38,2,0,10366
BRDA:38,3,0,10372
BRDA:38,3,1,9508
BRDA:44,4,0,134
BRDA:44,5,0,139
BRDA:44,5,1,137
BRDA:47,6,0,13
BRDA:65,7,0,5
BRDA:65,8,0,139
BRDA:65,8,1,137
BRDA:81,9,0,4
BRDA:81,10,0,139
BRDA:81,10,1,137
BRDA:104,11,0,114
BRDA:108,12,0,1262
BRDA:128,13,0,131
BRDA:132,14,0,0
BRDA:136,15,0,0
BRDA:141,16,0,122
BRDA:141,16,1,1140
BRDA:143,17,0,131
BRDA:148,18,0,0
BRF:24
BRH:21
end_of_record
TN:
SF:packages/engine/src/bots.ts
FN:68,isBotPlayer
FN:72,getBotPersonality
FNF:2
FNH:0
FNDA:0,isBotPlayer
FNDA:0,getBotPersonality
DA:26,0
DA:69,0
DA:73,0
LF:3
LH:0
BRF:0
BRH:0
end_of_record
TN:
SF:packages/engine/src/dictionary.ts
FN:8,(anonymous_1)
FN:17,(anonymous_2)
FN:18,(anonymous_3)
FN:23,(anonymous_4)
FN:31,(anonymous_5)
FN:38,(anonymous_6)
FN:45,(anonymous_7)
FN:52,(anonymous_8)
FN:54,(anonymous_9)
FN:63,validateWord
FN:107,getRandomWord
FN:109,(anonymous_12)
FN:125,getWordsByLength
FN:127,(anonymous_14)
FN:128,(anonymous_15)
FN:134,findAnagrams
FN:138,(anonymous_17)
FN:143,(anonymous_18)
FN:149,areAnagrams
FN:187,isInDictionary
FN:197,censorWord
FN:214,addWord
FN:234,getWordLengthDifference
FNF:23
FNH:22
FNDA:25716,(anonymous_1)
FNDA:690896,(anonymous_2)
FNDA:25716,(anonymous_3)
FNDA:3348,(anonymous_4)
FNDA:67027,(anonymous_5)
FNDA:1,(anonymous_6)
FNDA:7,(anonymous_7)
FNDA:3,(anonymous_8)
FNDA:4,(anonymous_9)
FNDA:1627,validateWord
FNDA:4,getRandomWord
FNDA:690896,(anonymous_12)
FNDA:3,getWordsByLength
FNDA:518172,(anonymous_14)
FNDA:19135,(anonymous_15)
FNDA:2,findAnagrams
FNDA:345448,(anonymous_17)
FNDA:1,(anonymous_18)
FNDA:3,areAnagrams
FNDA:0,isInDictionary
FNDA:2,censorWord
FNDA:2,addWord
FNDA:3,getWordLengthDifference
DA:1,4
DA:2,4
DA:3,4
DA:6,4
DA:7,4
DA:8,25716
DA:12,4
DA:15,4
DA:17,690896
DA:18,25716
DA:24,3348
DA:25,3348
DA:32,67027
DA:39,1
DA:46,7
DA:53,3
DA:54,4
DA:56,1
DA:63,4
DA:69,1627
DA:70,1278
DA:74,349
DA:75,4
DA:79,345
DA:80,7
DA:84,338
DA:85,14
DA:86,14
DA:87,3
DA:92,335
DA:93,5
DA:97,330
DA:98,0
DA:101,330
DA:107,4
DA:108,4
DA:109,690896
DA:114,4
DA:115,0
DA:118,4
DA:119,4
DA:125,4
DA:126,3
DA:127,518172
DA:128,19135
DA:134,4
DA:135,2
DA:137,2
DA:139,345448
DA:140,16204
DA:141,16204
DA:143,1
DA:149,4
DA:150,3
DA:152,3
DA:153,3
DA:155,3
DA:177,4
DA:180,4
DA:187,4
DA:188,0
DA:189,0
DA:197,4
DA:198,2
DA:200,2
DA:202,2
DA:203,0
DA:206,2
DA:214,4
DA:215,2
DA:217,2
DA:219,2
DA:220,1
DA:221,1
DA:223,1
DA:224,1
DA:234,4
DA:235,3
LF:78
LH:73
BRDA:6,0,0,4
BRDA:6,0,1,0
BRDA:7,1,0,4
BRDA:7,1,1,0
BRDA:8,2,0,0
BRDA:8,2,1,25716
BRDA:25,3,0,3348
BRDA:25,3,1,15
BRDA:53,4,0,2
BRDA:66,5,0,348
BRDA:69,6,0,1278
BRDA:74,7,0,4
BRDA:79,8,0,7
BRDA:84,9,0,14
BRDA:86,10,0,3
BRDA:92,11,0,5
BRDA:97,12,0,0
BRDA:107,13,0,0
BRDA:107,14,0,0
BRDA:109,15,0,690896
BRDA:109,15,1,451842
BRDA:109,15,2,47557
BRDA:114,16,0,0
BRDA:127,17,0,518172
BRDA:127,17,1,19135
BRDA:139,18,0,329244
BRDA:141,19,0,16204
BRDA:141,19,1,2
BRDA:150,20,0,0
BRDA:155,21,0,3
BRDA:155,21,1,2
BRDA:189,22,0,0
BRDA:189,22,1,0
BRDA:198,23,0,0
BRDA:202,24,0,0
BRDA:215,25,0,0
BRDA:219,26,0,1
BRDA:219,26,1,1
BRF:38
BRH:25
end_of_record
TN:
SF:packages/engine/src/gameState.ts
FN:18,(anonymous_0)
FN:22,(anonymous_1)
FN:22,(anonymous_2)
FN:23,(anonymous_3)
FN:23,(anonymous_4)
FN:24,(anonymous_5)
FN:24,(anonymous_6)
FN:24,(anonymous_7)
FN:25,(anonymous_8)
FN:25,(anonymous_9)
FN:26,(anonymous_10)
FN:26,(anonymous_11)
FN:26,(anonymous_12)
FN:27,(anonymous_13)
FN:27,(anonymous_14)
FN:33,(anonymous_15)
FN:33,(anonymous_16)
FNF:17
FNH:17
FNDA:2,(anonymous_0)
FNDA:116,(anonymous_1)
FNDA:116,(anonymous_2)
FNDA:114,(anonymous_3)
FNDA:114,(anonymous_4)
FNDA:55,(anonymous_5)
FNDA:55,(anonymous_6)
FNDA:1612,(anonymous_7)
FNDA:115,(anonymous_8)
FNDA:115,(anonymous_9)
FNDA:53,(anonymous_10)
FNDA:53,(anonymous_11)
FNDA:1610,(anonymous_12)
FNDA:14,(anonymous_13)
FNDA:14,(anonymous_14)
FNDA:23,(anonymous_15)
FNDA:23,(anonymous_16)
DA:2,2
DA:18,2
DA:22,116
DA:23,114
DA:24,1612
DA:25,115
DA:26,1610
DA:27,14
DA:28,14
DA:29,14
DA:30,14
DA:31,14
DA:33,23
LF:13
LH:13
BRDA:33,0,0,2
BRDA:33,1,0,2
BRF:2
BRH:2
end_of_record
TN:
SF:packages/engine/src/scoring.ts
FN:42,scoreTurn
FNF:1
FNH:1
FNDA:2299,scoreTurn
DA:42,4
DA:48,2299
DA:51,2299
DA:52,6594
DA:56,6594
DA:57,6594
DA:62,2299
DA:63,2275
DA:66,2299
LF:9
LH:9
BRDA:52,0,0,2290
BRDA:52,0,1,4567
BRDA:52,0,2,6594
BRDA:62,1,0,2275
BRDA:62,2,0,2299
BRDA:62,2,1,2276
BRF:6
BRH:6
end_of_record
TN:
SF:packages/ui/src/stories/AlphabetGrid.stories.tsx
FN:11,(anonymous_0)
FN:19,(anonymous_1)
FN:27,(anonymous_2)
FN:36,(anonymous_3)
FN:45,(anonymous_4)
FN:53,(anonymous_5)
FN:54,(anonymous_6)
FN:54,(anonymous_7)
FN:55,(anonymous_8)
FN:57,(anonymous_9)
FN:58,(anonymous_10)
FN:59,(anonymous_11)
FN:61,(anonymous_12)
FN:62,(anonymous_13)
FN:62,(anonymous_14)
FN:63,(anonymous_15)
FN:68,(anonymous_16)
FN:78,(anonymous_17)
FN:83,(anonymous_18)
FN:88,(anonymous_19)
FN:93,(anonymous_20)
FN:98,(anonymous_21)
FN:106,(anonymous_22)
FN:107,(anonymous_23)
FN:108,(anonymous_24)
FN:110,(anonymous_25)
FN:112,(anonymous_26)
FN:114,(anonymous_27)
FN:114,(anonymous_28)
FN:115,(anonymous_29)
FN:115,(anonymous_30)
FN:119,(anonymous_31)
FNF:32
FNH:0
FNDA:0,(anonymous_0)
FNDA:0,(anonymous_1)
FNDA:0,(anonymous_2)
FNDA:0,(anonymous_3)
FNDA:0,(anonymous_4)
FNDA:0,(anonymous_5)
FNDA:0,(anonymous_6)
FNDA:0,(anonymous_7)
FNDA:0,(anonymous_8)
FNDA:0,(anonymous_9)
FNDA:0,(anonymous_10)
FNDA:0,(anonymous_11)
FNDA:0,(anonymous_12)
FNDA:0,(anonymous_13)
FNDA:0,(anonymous_14)
FNDA:0,(anonymous_15)
FNDA:0,(anonymous_16)
FNDA:0,(anonymous_17)
FNDA:0,(anonymous_18)
FNDA:0,(anonymous_19)
FNDA:0,(anonymous_20)
FNDA:0,(anonymous_21)
FNDA:0,(anonymous_22)
FNDA:0,(anonymous_23)
FNDA:0,(anonymous_24)
FNDA:0,(anonymous_25)
FNDA:0,(anonymous_26)
FNDA:0,(anonymous_27)
FNDA:0,(anonymous_28)
FNDA:0,(anonymous_29)
FNDA:0,(anonymous_30)
FNDA:0,(anonymous_31)
DA:8,0
DA:10,0
DA:12,0
DA:20,0
DA:28,0
DA:37,0
DA:46,0
DA:47,0
DA:48,0
DA:54,0
DA:55,0
DA:58,0
DA:59,0
DA:62,0
DA:63,0
DA:69,0
DA:77,0
DA:79,0
DA:84,0
DA:89,0
DA:94,0
DA:99,0
DA:100,0
DA:101,0
DA:107,0
DA:108,0
DA:111,0
DA:112,0
DA:114,0
DA:115,0
DA:120,0
LF:31
LH:0
BRDA:54,0,0,0
BRDA:54,0,1,0
BRDA:58,1,0,0
BRDA:58,1,1,0
BRDA:107,2,0,0
BRDA:107,2,1,0
BRF:6
BRH:0
end_of_record
TN:
SF:packages/ui/src/stories/WordTrail_ActionBar.stories.tsx
FN:11,(anonymous_0)
FN:12,(anonymous_1)
FN:13,(anonymous_2)
FN:24,(anonymous_3)
FN:26,(anonymous_4)
FN:28,(anonymous_5)
FN:32,(anonymous_6)
FN:34,(anonymous_7)
FN:36,(anonymous_8)
FN:41,(anonymous_9)
FN:46,(anonymous_10)
FN:48,(anonymous_11)
FN:48,(anonymous_12)
FN:53,(anonymous_13)
FNF:14
FNH:0
FNDA:0,(anonymous_0)
FNDA:0,(anonymous_1)
FNDA:0,(anonymous_2)
FNDA:0,(anonymous_3)
FNDA:0,(anonymous_4)
FNDA:0,(anonymous_5)
FNDA:0,(anonymous_6)
FNDA:0,(anonymous_7)
FNDA:0,(anonymous_8)
FNDA:0,(anonymous_9)
FNDA:0,(anonymous_10)
FNDA:0,(anonymous_11)
FNDA:0,(anonymous_12)
FNDA:0,(anonymous_13)
DA:8,0
DA:10,0
DA:11,0
DA:12,0
DA:13,0
DA:15,0
DA:23,0
DA:25,0
DA:26,0
DA:33,0
DA:34,0
DA:42,0
DA:43,0
DA:46,0
DA:48,0
DA:54,0
LF:16
LH:0
BRF:0
BRH:0
end_of_record
